24-May-2018 02:10:25.586 佚連 [http-apr-8080-exec-10] org.apache.coyote.http11.AbstractHttp11Processor.process Error parsing HTTP request header
 Note: further occurrences of HTTP header parsing errors will be logged at DEBUG level.
 java.lang.IllegalArgumentException: Invalid character found in method name. HTTP method names must be tokens
	at org.apache.coyote.http11.InternalAprInputBuffer.parseRequestLine(InternalAprInputBuffer.java:189)
	at org.apache.coyote.http11.AbstractHttp11Processor.process(AbstractHttp11Processor.java:1045)
	at org.apache.coyote.AbstractProtocol$AbstractConnectionHandler.process(AbstractProtocol.java:684)
	at org.apache.tomcat.util.net.AprEndpoint$SocketProcessor.doRun(AprEndpoint.java:2527)
	at org.apache.tomcat.util.net.AprEndpoint$SocketProcessor.run(AprEndpoint.java:2516)
	at java.util.concurrent.ThreadPoolExecutor.runWorker(ThreadPoolExecutor.java:1142)
	at java.util.concurrent.ThreadPoolExecutor$Worker.run(ThreadPoolExecutor.java:617)
	at org.apache.tomcat.util.threads.TaskThread$WrappingRunnable.run(TaskThread.java:61)
	at java.lang.Thread.run(Thread.java:745)

24-May-2018 07:26:48.731 冢嶷 [ajp-apr-8009-exec-6] org.apache.coyote.ajp.AjpMessage.processHeader Invalid message received with signature 18245
24-May-2018 07:26:49.310 冢嶷 [ajp-apr-8009-exec-8] org.apache.coyote.ajp.AjpMessage.processHeader Invalid message received with signature 5635
24-May-2018 07:26:49.895 冢嶷 [ajp-apr-8009-exec-9] org.apache.coyote.ajp.AjpMessage.processHeader Invalid message received with signature 32926
24-May-2018 07:26:50.423 冢嶷 [ajp-apr-8009-exec-3] org.apache.coyote.ajp.AjpMessage.processHeader Invalid message received with signature 18245
24-May-2018 09:20:20.170 冢嶷 [ajp-apr-8009-exec-7] org.apache.coyote.ajp.AjpMessage.processHeader Invalid message received with signature 18245
24-May-2018 09:20:20.626 冢嶷 [ajp-apr-8009-exec-10] org.apache.coyote.ajp.AjpMessage.processHeader Invalid message received with signature 5635
24-May-2018 09:20:21.091 冢嶷 [ajp-apr-8009-exec-1] org.apache.coyote.ajp.AjpMessage.processHeader Invalid message received with signature 32926
24-May-2018 09:20:21.555 冢嶷 [ajp-apr-8009-exec-5] org.apache.coyote.ajp.AjpMessage.processHeader Invalid message received with signature 18245
24-May-2018 15:33:42.370 少御 [http-apr-8080-exec-5] org.apache.catalina.realm.LockOutRealm.filterLockedAccounts An attempt was made to authenticate the locked user "tomcat"
24-May-2018 15:33:42.555 少御 [http-apr-8080-exec-9] org.apache.catalina.realm.LockOutRealm.filterLockedAccounts An attempt was made to authenticate the locked user "tomcat"
24-May-2018 15:33:42.584 少御 [http-apr-8080-exec-3] org.apache.catalina.realm.LockOutRealm.filterLockedAccounts An attempt was made to authenticate the locked user "tomcat"
24-May-2018 15:33:42.609 少御 [http-apr-8080-exec-6] org.apache.catalina.realm.LockOutRealm.filterLockedAccounts An attempt was made to authenticate the locked user "tomcat"
24-May-2018 15:33:42.636 少御 [http-apr-8080-exec-8] org.apache.catalina.realm.LockOutRealm.filterLockedAccounts An attempt was made to authenticate the locked user "tomcat"
24-May-2018 15:33:42.661 少御 [http-apr-8080-exec-4] org.apache.catalina.realm.LockOutRealm.filterLockedAccounts An attempt was made to authenticate the locked user "tomcat"
24-May-2018 15:33:42.688 少御 [http-apr-8080-exec-7] org.apache.catalina.realm.LockOutRealm.filterLockedAccounts An attempt was made to authenticate the locked user "tomcat"
24-May-2018 15:33:42.716 少御 [http-apr-8080-exec-2] org.apache.catalina.realm.LockOutRealm.filterLockedAccounts An attempt was made to authenticate the locked user "tomcat"
24-May-2018 15:33:42.742 少御 [http-apr-8080-exec-10] org.apache.catalina.realm.LockOutRealm.filterLockedAccounts An attempt was made to authenticate the locked user "tomcat"
24-May-2018 15:33:42.768 少御 [http-apr-8080-exec-1] org.apache.catalina.realm.LockOutRealm.filterLockedAccounts An attempt was made to authenticate the locked user "tomcat"
24-May-2018 15:33:42.803 少御 [http-apr-8080-exec-5] org.apache.catalina.realm.LockOutRealm.filterLockedAccounts An attempt was made to authenticate the locked user "tomcat"
24-May-2018 15:33:42.833 少御 [http-apr-8080-exec-9] org.apache.catalina.realm.LockOutRealm.filterLockedAccounts An attempt was made to authenticate the locked user "tomcat"
24-May-2018 15:33:42.919 少御 [http-apr-8080-exec-3] org.apache.catalina.realm.LockOutRealm.filterLockedAccounts An attempt was made to authenticate the locked user "tomcat"
24-May-2018 15:33:42.947 少御 [http-apr-8080-exec-6] org.apache.catalina.realm.LockOutRealm.filterLockedAccounts An attempt was made to authenticate the locked user "tomcat"
24-May-2018 15:33:42.977 少御 [http-apr-8080-exec-8] org.apache.catalina.realm.LockOutRealm.filterLockedAccounts An attempt was made to authenticate the locked user "tomcat"
24-May-2018 15:33:43.003 少御 [http-apr-8080-exec-4] org.apache.catalina.realm.LockOutRealm.filterLockedAccounts An attempt was made to authenticate the locked user "tomcat"
24-May-2018 15:33:43.030 少御 [http-apr-8080-exec-7] org.apache.catalina.realm.LockOutRealm.filterLockedAccounts An attempt was made to authenticate the locked user "tomcat"
24-May-2018 15:33:43.059 少御 [http-apr-8080-exec-2] org.apache.catalina.realm.LockOutRealm.filterLockedAccounts An attempt was made to authenticate the locked user "tomcat"
24-May-2018 15:33:43.088 少御 [http-apr-8080-exec-10] org.apache.catalina.realm.LockOutRealm.filterLockedAccounts An attempt was made to authenticate the locked user "tomcat"
24-May-2018 15:33:43.118 少御 [http-apr-8080-exec-1] org.apache.catalina.realm.LockOutRealm.filterLockedAccounts An attempt was made to authenticate the locked user "tomcat"
24-May-2018 15:33:43.145 少御 [http-apr-8080-exec-5] org.apache.catalina.realm.LockOutRealm.filterLockedAccounts An attempt was made to authenticate the locked user "tomcat"
24-May-2018 15:33:43.172 少御 [http-apr-8080-exec-9] org.apache.catalina.realm.LockOutRealm.filterLockedAccounts An attempt was made to authenticate the locked user "tomcat"
24-May-2018 15:33:43.200 少御 [http-apr-8080-exec-3] org.apache.catalina.realm.LockOutRealm.filterLockedAccounts An attempt was made to authenticate the locked user "tomcat"
24-May-2018 15:33:43.226 少御 [http-apr-8080-exec-6] org.apache.catalina.realm.LockOutRealm.filterLockedAccounts An attempt was made to authenticate the locked user "tomcat"
24-May-2018 15:33:43.252 少御 [http-apr-8080-exec-8] org.apache.catalina.realm.LockOutRealm.filterLockedAccounts An attempt was made to authenticate the locked user "tomcat"
24-May-2018 15:33:43.280 少御 [http-apr-8080-exec-4] org.apache.catalina.realm.LockOutRealm.filterLockedAccounts An attempt was made to authenticate the locked user "tomcat"
24-May-2018 15:33:43.314 少御 [http-apr-8080-exec-7] org.apache.catalina.realm.LockOutRealm.filterLockedAccounts An attempt was made to authenticate the locked user "tomcat"
24-May-2018 15:33:43.800 少御 [http-apr-8080-exec-9] org.apache.catalina.realm.LockOutRealm.filterLockedAccounts An attempt was made to authenticate the locked user "admin"
24-May-2018 15:33:43.831 少御 [http-apr-8080-exec-3] org.apache.catalina.realm.LockOutRealm.filterLockedAccounts An attempt was made to authenticate the locked user "admin"
24-May-2018 15:33:43.858 少御 [http-apr-8080-exec-6] org.apache.catalina.realm.LockOutRealm.filterLockedAccounts An attempt was made to authenticate the locked user "admin"
24-May-2018 15:33:43.883 少御 [http-apr-8080-exec-8] org.apache.catalina.realm.LockOutRealm.filterLockedAccounts An attempt was made to authenticate the locked user "admin"
24-May-2018 15:33:43.910 少御 [http-apr-8080-exec-4] org.apache.catalina.realm.LockOutRealm.filterLockedAccounts An attempt was made to authenticate the locked user "admin"
24-May-2018 15:33:43.936 少御 [http-apr-8080-exec-7] org.apache.catalina.realm.LockOutRealm.filterLockedAccounts An attempt was made to authenticate the locked user "admin"
24-May-2018 15:33:43.962 少御 [http-apr-8080-exec-2] org.apache.catalina.realm.LockOutRealm.filterLockedAccounts An attempt was made to authenticate the locked user "admin"
24-May-2018 15:33:43.992 少御 [http-apr-8080-exec-10] org.apache.catalina.realm.LockOutRealm.filterLockedAccounts An attempt was made to authenticate the locked user "admin"
24-May-2018 15:33:44.020 少御 [http-apr-8080-exec-1] org.apache.catalina.realm.LockOutRealm.filterLockedAccounts An attempt was made to authenticate the locked user "admin"
24-May-2018 15:33:44.050 少御 [http-apr-8080-exec-5] org.apache.catalina.realm.LockOutRealm.filterLockedAccounts An attempt was made to authenticate the locked user "admin"
24-May-2018 15:33:44.082 少御 [http-apr-8080-exec-9] org.apache.catalina.realm.LockOutRealm.filterLockedAccounts An attempt was made to authenticate the locked user "admin"
24-May-2018 15:33:44.116 少御 [http-apr-8080-exec-3] org.apache.catalina.realm.LockOutRealm.filterLockedAccounts An attempt was made to authenticate the locked user "admin"
24-May-2018 15:33:44.147 少御 [http-apr-8080-exec-6] org.apache.catalina.realm.LockOutRealm.filterLockedAccounts An attempt was made to authenticate the locked user "admin"
24-May-2018 15:33:44.177 少御 [http-apr-8080-exec-8] org.apache.catalina.realm.LockOutRealm.filterLockedAccounts An attempt was made to authenticate the locked user "admin"
24-May-2018 15:33:44.203 少御 [http-apr-8080-exec-4] org.apache.catalina.realm.LockOutRealm.filterLockedAccounts An attempt was made to authenticate the locked user "admin"
24-May-2018 15:33:44.246 少御 [http-apr-8080-exec-7] org.apache.catalina.realm.LockOutRealm.filterLockedAccounts An attempt was made to authenticate the locked user "admin"
24-May-2018 15:33:44.285 少御 [http-apr-8080-exec-2] org.apache.catalina.realm.LockOutRealm.filterLockedAccounts An attempt was made to authenticate the locked user "admin"
24-May-2018 15:33:44.322 少御 [http-apr-8080-exec-10] org.apache.catalina.realm.LockOutRealm.filterLockedAccounts An attempt was made to authenticate the locked user "admin"
24-May-2018 15:33:44.707 少御 [http-apr-8080-exec-1] org.apache.catalina.realm.LockOutRealm.filterLockedAccounts An attempt was made to authenticate the locked user "admin"
24-May-2018 15:33:44.732 少御 [http-apr-8080-exec-5] org.apache.catalina.realm.LockOutRealm.filterLockedAccounts An attempt was made to authenticate the locked user "admin"
24-May-2018 15:33:44.759 少御 [http-apr-8080-exec-9] org.apache.catalina.realm.LockOutRealm.filterLockedAccounts An attempt was made to authenticate the locked user "admin"
24-May-2018 15:33:44.788 少御 [http-apr-8080-exec-3] org.apache.catalina.realm.LockOutRealm.filterLockedAccounts An attempt was made to authenticate the locked user "admin"
24-May-2018 15:33:44.815 少御 [http-apr-8080-exec-6] org.apache.catalina.realm.LockOutRealm.filterLockedAccounts An attempt was made to authenticate the locked user "admin"
24-May-2018 15:33:44.841 少御 [http-apr-8080-exec-8] org.apache.catalina.realm.LockOutRealm.filterLockedAccounts An attempt was made to authenticate the locked user "admin"
24-May-2018 15:33:44.868 少御 [http-apr-8080-exec-4] org.apache.catalina.realm.LockOutRealm.filterLockedAccounts An attempt was made to authenticate the locked user "admin"
24-May-2018 15:33:44.896 少御 [http-apr-8080-exec-7] org.apache.catalina.realm.LockOutRealm.filterLockedAccounts An attempt was made to authenticate the locked user "admin"
24-May-2018 15:33:44.922 少御 [http-apr-8080-exec-2] org.apache.catalina.realm.LockOutRealm.filterLockedAccounts An attempt was made to authenticate the locked user "admin"
24-May-2018 15:33:45.057 少御 [http-apr-8080-exec-3] org.apache.catalina.realm.LockOutRealm.filterLockedAccounts An attempt was made to authenticate the locked user "root"
24-May-2018 15:33:45.089 少御 [http-apr-8080-exec-6] org.apache.catalina.realm.LockOutRealm.filterLockedAccounts An attempt was made to authenticate the locked user "root"
24-May-2018 15:33:45.141 少御 [http-apr-8080-exec-8] org.apache.catalina.realm.LockOutRealm.filterLockedAccounts An attempt was made to authenticate the locked user "root"
24-May-2018 15:33:45.171 少御 [http-apr-8080-exec-4] org.apache.catalina.realm.LockOutRealm.filterLockedAccounts An attempt was made to authenticate the locked user "root"
24-May-2018 15:33:45.199 少御 [http-apr-8080-exec-7] org.apache.catalina.realm.LockOutRealm.filterLockedAccounts An attempt was made to authenticate the locked user "root"
24-May-2018 15:33:45.232 少御 [http-apr-8080-exec-2] org.apache.catalina.realm.LockOutRealm.filterLockedAccounts An attempt was made to authenticate the locked user "root"
24-May-2018 15:33:45.262 少御 [http-apr-8080-exec-10] org.apache.catalina.realm.LockOutRealm.filterLockedAccounts An attempt was made to authenticate the locked user "root"
24-May-2018 15:33:45.291 少御 [http-apr-8080-exec-1] org.apache.catalina.realm.LockOutRealm.filterLockedAccounts An attempt was made to authenticate the locked user "root"
24-May-2018 15:33:45.319 少御 [http-apr-8080-exec-5] org.apache.catalina.realm.LockOutRealm.filterLockedAccounts An attempt was made to authenticate the locked user "root"
24-May-2018 15:33:45.347 少御 [http-apr-8080-exec-9] org.apache.catalina.realm.LockOutRealm.filterLockedAccounts An attempt was made to authenticate the locked user "root"
24-May-2018 15:33:45.374 少御 [http-apr-8080-exec-3] org.apache.catalina.realm.LockOutRealm.filterLockedAccounts An attempt was made to authenticate the locked user "root"
24-May-2018 15:33:45.401 少御 [http-apr-8080-exec-6] org.apache.catalina.realm.LockOutRealm.filterLockedAccounts An attempt was made to authenticate the locked user "root"
24-May-2018 15:33:45.427 少御 [http-apr-8080-exec-8] org.apache.catalina.realm.LockOutRealm.filterLockedAccounts An attempt was made to authenticate the locked user "root"
24-May-2018 15:33:45.455 少御 [http-apr-8080-exec-4] org.apache.catalina.realm.LockOutRealm.filterLockedAccounts An attempt was made to authenticate the locked user "root"
24-May-2018 15:33:45.485 少御 [http-apr-8080-exec-7] org.apache.catalina.realm.LockOutRealm.filterLockedAccounts An attempt was made to authenticate the locked user "root"
24-May-2018 15:33:45.549 少御 [http-apr-8080-exec-2] org.apache.catalina.realm.LockOutRealm.filterLockedAccounts An attempt was made to authenticate the locked user "root"
24-May-2018 15:33:45.576 少御 [http-apr-8080-exec-10] org.apache.catalina.realm.LockOutRealm.filterLockedAccounts An attempt was made to authenticate the locked user "root"
24-May-2018 15:33:45.605 少御 [http-apr-8080-exec-1] org.apache.catalina.realm.LockOutRealm.filterLockedAccounts An attempt was made to authenticate the locked user "root"
24-May-2018 15:33:45.633 少御 [http-apr-8080-exec-5] org.apache.catalina.realm.LockOutRealm.filterLockedAccounts An attempt was made to authenticate the locked user "root"
24-May-2018 15:33:45.660 少御 [http-apr-8080-exec-9] org.apache.catalina.realm.LockOutRealm.filterLockedAccounts An attempt was made to authenticate the locked user "root"
24-May-2018 15:33:45.685 少御 [http-apr-8080-exec-3] org.apache.catalina.realm.LockOutRealm.filterLockedAccounts An attempt was made to authenticate the locked user "root"
24-May-2018 15:33:45.714 少御 [http-apr-8080-exec-6] org.apache.catalina.realm.LockOutRealm.filterLockedAccounts An attempt was made to authenticate the locked user "root"
24-May-2018 15:33:45.749 少御 [http-apr-8080-exec-8] org.apache.catalina.realm.LockOutRealm.filterLockedAccounts An attempt was made to authenticate the locked user "root"
24-May-2018 15:33:45.778 少御 [http-apr-8080-exec-4] org.apache.catalina.realm.LockOutRealm.filterLockedAccounts An attempt was made to authenticate the locked user "root"
24-May-2018 15:33:45.805 少御 [http-apr-8080-exec-7] org.apache.catalina.realm.LockOutRealm.filterLockedAccounts An attempt was made to authenticate the locked user "root"
24-May-2018 15:33:45.859 少御 [http-apr-8080-exec-2] org.apache.catalina.realm.LockOutRealm.filterLockedAccounts An attempt was made to authenticate the locked user "root"
24-May-2018 15:33:45.891 少御 [http-apr-8080-exec-10] org.apache.catalina.realm.LockOutRealm.filterLockedAccounts An attempt was made to authenticate the locked user "root"
24-May-2018 15:33:46.083 少御 [http-apr-8080-exec-6] org.apache.catalina.realm.LockOutRealm.filterLockedAccounts An attempt was made to authenticate the locked user "manager"
24-May-2018 15:33:46.122 少御 [http-apr-8080-exec-8] org.apache.catalina.realm.LockOutRealm.filterLockedAccounts An attempt was made to authenticate the locked user "manager"
24-May-2018 15:33:46.228 少御 [http-apr-8080-exec-7] org.apache.catalina.realm.LockOutRealm.filterLockedAccounts An attempt was made to authenticate the locked user "manager"
24-May-2018 15:33:46.254 少御 [http-apr-8080-exec-2] org.apache.catalina.realm.LockOutRealm.filterLockedAccounts An attempt was made to authenticate the locked user "manager"
24-May-2018 15:33:46.282 少御 [http-apr-8080-exec-10] org.apache.catalina.realm.LockOutRealm.filterLockedAccounts An attempt was made to authenticate the locked user "manager"
24-May-2018 15:33:46.308 少御 [http-apr-8080-exec-1] org.apache.catalina.realm.LockOutRealm.filterLockedAccounts An attempt was made to authenticate the locked user "manager"
24-May-2018 15:33:46.337 少御 [http-apr-8080-exec-5] org.apache.catalina.realm.LockOutRealm.filterLockedAccounts An attempt was made to authenticate the locked user "manager"
24-May-2018 15:33:46.363 少御 [http-apr-8080-exec-9] org.apache.catalina.realm.LockOutRealm.filterLockedAccounts An attempt was made to authenticate the locked user "manager"
24-May-2018 15:33:46.395 少御 [http-apr-8080-exec-3] org.apache.catalina.realm.LockOutRealm.filterLockedAccounts An attempt was made to authenticate the locked user "manager"
24-May-2018 15:33:46.422 少御 [http-apr-8080-exec-6] org.apache.catalina.realm.LockOutRealm.filterLockedAccounts An attempt was made to authenticate the locked user "manager"
24-May-2018 15:33:46.451 少御 [http-apr-8080-exec-8] org.apache.catalina.realm.LockOutRealm.filterLockedAccounts An attempt was made to authenticate the locked user "manager"
24-May-2018 15:33:46.479 少御 [http-apr-8080-exec-4] org.apache.catalina.realm.LockOutRealm.filterLockedAccounts An attempt was made to authenticate the locked user "manager"
24-May-2018 15:33:46.507 少御 [http-apr-8080-exec-7] org.apache.catalina.realm.LockOutRealm.filterLockedAccounts An attempt was made to authenticate the locked user "manager"
24-May-2018 15:33:46.537 少御 [http-apr-8080-exec-2] org.apache.catalina.realm.LockOutRealm.filterLockedAccounts An attempt was made to authenticate the locked user "manager"
24-May-2018 15:33:46.565 少御 [http-apr-8080-exec-10] org.apache.catalina.realm.LockOutRealm.filterLockedAccounts An attempt was made to authenticate the locked user "manager"
24-May-2018 15:33:46.594 少御 [http-apr-8080-exec-1] org.apache.catalina.realm.LockOutRealm.filterLockedAccounts An attempt was made to authenticate the locked user "manager"
24-May-2018 15:33:46.621 少御 [http-apr-8080-exec-5] org.apache.catalina.realm.LockOutRealm.filterLockedAccounts An attempt was made to authenticate the locked user "manager"
24-May-2018 15:33:46.663 少御 [http-apr-8080-exec-9] org.apache.catalina.realm.LockOutRealm.filterLockedAccounts An attempt was made to authenticate the locked user "manager"
24-May-2018 15:33:46.694 少御 [http-apr-8080-exec-3] org.apache.catalina.realm.LockOutRealm.filterLockedAccounts An attempt was made to authenticate the locked user "manager"
24-May-2018 15:33:49.743 少御 [http-apr-8080-exec-6] org.apache.catalina.realm.LockOutRealm.filterLockedAccounts An attempt was made to authenticate the locked user "manager"
24-May-2018 15:33:49.774 少御 [http-apr-8080-exec-8] org.apache.catalina.realm.LockOutRealm.filterLockedAccounts An attempt was made to authenticate the locked user "manager"
24-May-2018 15:33:49.801 少御 [http-apr-8080-exec-4] org.apache.catalina.realm.LockOutRealm.filterLockedAccounts An attempt was made to authenticate the locked user "manager"
24-May-2018 15:33:49.828 少御 [http-apr-8080-exec-7] org.apache.catalina.realm.LockOutRealm.filterLockedAccounts An attempt was made to authenticate the locked user "manager"
24-May-2018 15:33:49.857 少御 [http-apr-8080-exec-2] org.apache.catalina.realm.LockOutRealm.filterLockedAccounts An attempt was made to authenticate the locked user "manager"
24-May-2018 15:33:49.884 少御 [http-apr-8080-exec-10] org.apache.catalina.realm.LockOutRealm.filterLockedAccounts An attempt was made to authenticate the locked user "manager"
24-May-2018 15:33:49.909 少御 [http-apr-8080-exec-1] org.apache.catalina.realm.LockOutRealm.filterLockedAccounts An attempt was made to authenticate the locked user "manager"
24-May-2018 15:33:49.936 少御 [http-apr-8080-exec-5] org.apache.catalina.realm.LockOutRealm.filterLockedAccounts An attempt was made to authenticate the locked user "manager"
24-May-2018 19:16:00.616 冢嶷 [ajp-apr-8009-exec-8] org.apache.coyote.ajp.AjpMessage.processHeader Invalid message received with signature 18245
24-May-2018 19:16:01.335 冢嶷 [ajp-apr-8009-exec-9] org.apache.coyote.ajp.AjpMessage.processHeader Invalid message received with signature 5635
24-May-2018 19:16:02.004 冢嶷 [ajp-apr-8009-exec-3] org.apache.coyote.ajp.AjpMessage.processHeader Invalid message received with signature 32926
24-May-2018 19:16:02.691 冢嶷 [ajp-apr-8009-exec-4] org.apache.coyote.ajp.AjpMessage.processHeader Invalid message received with signature 18245
