01-Jun-2018 08:01:10.414 信息 [main] org.apache.catalina.startup.VersionLoggerListener.log Server version:        Apache Tomcat/8.0.50
01-Jun-2018 08:01:10.435 信息 [main] org.apache.catalina.startup.VersionLoggerListener.log Server built:          Feb 7 2018 20:06:05 UTC
01-Jun-2018 08:01:10.435 信息 [main] org.apache.catalina.startup.VersionLoggerListener.log Server number:         8.0.50.0
01-Jun-2018 08:01:10.436 信息 [main] org.apache.catalina.startup.VersionLoggerListener.log OS Name:               Windows 10
01-Jun-2018 08:01:10.436 信息 [main] org.apache.catalina.startup.VersionLoggerListener.log OS Version:            10.0
01-Jun-2018 08:01:10.436 信息 [main] org.apache.catalina.startup.VersionLoggerListener.log Architecture:          amd64
01-Jun-2018 08:01:10.436 信息 [main] org.apache.catalina.startup.VersionLoggerListener.log Java Home:             C:\Program Files\Java\jdk1.8.0_111\jre
01-Jun-2018 08:01:10.436 信息 [main] org.apache.catalina.startup.VersionLoggerListener.log JVM Version:           1.8.0_111-b14
01-Jun-2018 08:01:10.437 信息 [main] org.apache.catalina.startup.VersionLoggerListener.log JVM Vendor:            Oracle Corporation
01-Jun-2018 08:01:10.437 信息 [main] org.apache.catalina.startup.VersionLoggerListener.log CATALINA_BASE:         I:\apache-tomcat-8.0.50
01-Jun-2018 08:01:10.437 信息 [main] org.apache.catalina.startup.VersionLoggerListener.log CATALINA_HOME:         I:\apache-tomcat-8.0.50
01-Jun-2018 08:01:10.437 信息 [main] org.apache.catalina.startup.VersionLoggerListener.log Command line argument: -Djava.util.logging.config.file=I:\apache-tomcat-8.0.50\conf\logging.properties
01-Jun-2018 08:01:10.438 信息 [main] org.apache.catalina.startup.VersionLoggerListener.log Command line argument: -Djava.util.logging.manager=org.apache.juli.ClassLoaderLogManager
01-Jun-2018 08:01:10.438 信息 [main] org.apache.catalina.startup.VersionLoggerListener.log Command line argument: -Djdk.tls.ephemeralDHKeySize=2048
01-Jun-2018 08:01:10.438 信息 [main] org.apache.catalina.startup.VersionLoggerListener.log Command line argument: -Djava.protocol.handler.pkgs=org.apache.catalina.webresources
01-Jun-2018 08:01:10.438 信息 [main] org.apache.catalina.startup.VersionLoggerListener.log Command line argument: -Dignore.endorsed.dirs=
01-Jun-2018 08:01:10.438 信息 [main] org.apache.catalina.startup.VersionLoggerListener.log Command line argument: -Dcatalina.base=I:\apache-tomcat-8.0.50
01-Jun-2018 08:01:10.440 信息 [main] org.apache.catalina.startup.VersionLoggerListener.log Command line argument: -Dcatalina.home=I:\apache-tomcat-8.0.50
01-Jun-2018 08:01:10.441 信息 [main] org.apache.catalina.startup.VersionLoggerListener.log Command line argument: -Djava.io.tmpdir=I:\apache-tomcat-8.0.50\temp
01-Jun-2018 08:01:10.442 信息 [main] org.apache.catalina.core.AprLifecycleListener.lifecycleEvent Loaded APR based Apache Tomcat Native library 1.2.16 using APR version 1.6.3.
01-Jun-2018 08:01:10.444 信息 [main] org.apache.catalina.core.AprLifecycleListener.lifecycleEvent APR capabilities: IPv6 [true], sendfile [true], accept filters [false], random [true].
01-Jun-2018 08:01:11.445 信息 [main] org.apache.catalina.core.AprLifecycleListener.initializeSSL OpenSSL successfully initialized (OpenSSL 1.0.2m  2 Nov 2017)
01-Jun-2018 08:01:11.685 信息 [main] org.apache.coyote.AbstractProtocol.init Initializing ProtocolHandler ["http-apr-8080"]
01-Jun-2018 08:01:11.773 信息 [main] org.apache.coyote.AbstractProtocol.init Initializing ProtocolHandler ["ajp-apr-8009"]
01-Jun-2018 08:01:11.788 信息 [main] org.apache.catalina.startup.Catalina.load Initialization processed in 1844 ms
01-Jun-2018 08:01:11.854 信息 [main] org.apache.catalina.core.StandardService.startInternal Starting service Catalina
01-Jun-2018 08:01:11.866 信息 [main] org.apache.catalina.core.StandardEngine.startInternal Starting Servlet Engine: Apache Tomcat/8.0.50
01-Jun-2018 08:01:11.899 信息 [localhost-startStop-1] org.apache.catalina.startup.HostConfig.deployDirectory Deploying web application directory I:\apache-tomcat-8.0.50\webapps\comet4j-master
01-Jun-2018 08:01:14.238 警告 [localhost-startStop-1] org.apache.catalina.util.SessionIdGeneratorBase.createSecureRandom Creation of SecureRandom instance for session ID generation using [SHA1PRNG] took [538] milliseconds.
01-Jun-2018 08:01:14.339 信息 [localhost-startStop-1] org.apache.catalina.startup.HostConfig.deployDirectory Deployment of web application directory I:\apache-tomcat-8.0.50\webapps\comet4j-master has finished in 2,440 ms
01-Jun-2018 08:01:14.342 信息 [localhost-startStop-1] org.apache.catalina.startup.HostConfig.deployDirectory Deploying web application directory I:\apache-tomcat-8.0.50\webapps\docs
01-Jun-2018 08:01:14.391 信息 [localhost-startStop-1] org.apache.catalina.startup.HostConfig.deployDirectory Deployment of web application directory I:\apache-tomcat-8.0.50\webapps\docs has finished in 49 ms
01-Jun-2018 08:01:14.392 信息 [localhost-startStop-1] org.apache.catalina.startup.HostConfig.deployDirectory Deploying web application directory I:\apache-tomcat-8.0.50\webapps\examples
01-Jun-2018 08:01:15.156 信息 [localhost-startStop-1] org.apache.catalina.startup.HostConfig.deployDirectory Deployment of web application directory I:\apache-tomcat-8.0.50\webapps\examples has finished in 764 ms
01-Jun-2018 08:01:15.157 信息 [localhost-startStop-1] org.apache.catalina.startup.HostConfig.deployDirectory Deploying web application directory I:\apache-tomcat-8.0.50\webapps\host-manager
01-Jun-2018 08:01:15.203 信息 [localhost-startStop-1] org.apache.catalina.startup.HostConfig.deployDirectory Deployment of web application directory I:\apache-tomcat-8.0.50\webapps\host-manager has finished in 46 ms
01-Jun-2018 08:01:15.204 信息 [localhost-startStop-1] org.apache.catalina.startup.HostConfig.deployDirectory Deploying web application directory I:\apache-tomcat-8.0.50\webapps\jk
01-Jun-2018 08:01:16.036 信息 [localhost-startStop-1] org.apache.jasper.servlet.TldScanner.scanJars At least one JAR was scanned for TLDs yet contained no TLDs. Enable debug logging for this logger for a complete list of JARs that were scanned but no TLDs were found in them. Skipping unneeded JARs during scanning can improve startup time and JSP compilation time.
01-Jun-2018 08:01:18.756 信息 [localhost-startStop-1] org.apache.catalina.startup.HostConfig.deployDirectory Deployment of web application directory I:\apache-tomcat-8.0.50\webapps\jk has finished in 3,552 ms
01-Jun-2018 08:01:18.757 信息 [localhost-startStop-1] org.apache.catalina.startup.HostConfig.deployDirectory Deploying web application directory I:\apache-tomcat-8.0.50\webapps\manager
01-Jun-2018 08:01:18.985 信息 [localhost-startStop-1] org.apache.catalina.startup.HostConfig.deployDirectory Deployment of web application directory I:\apache-tomcat-8.0.50\webapps\manager has finished in 228 ms
01-Jun-2018 08:01:18.986 信息 [localhost-startStop-1] org.apache.catalina.startup.HostConfig.deployDirectory Deploying web application directory I:\apache-tomcat-8.0.50\webapps\ROOT
01-Jun-2018 08:01:19.018 信息 [localhost-startStop-1] org.apache.catalina.startup.HostConfig.deployDirectory Deployment of web application directory I:\apache-tomcat-8.0.50\webapps\ROOT has finished in 32 ms
01-Jun-2018 08:01:19.018 信息 [localhost-startStop-1] org.apache.catalina.startup.HostConfig.deployDirectory Deploying web application directory I:\apache-tomcat-8.0.50\webapps\Server
01-Jun-2018 08:01:20.163 信息 [localhost-startStop-1] org.apache.jasper.servlet.TldScanner.scanJars At least one JAR was scanned for TLDs yet contained no TLDs. Enable debug logging for this logger for a complete list of JARs that were scanned but no TLDs were found in them. Skipping unneeded JARs during scanning can improve startup time and JSP compilation time.
01-Jun-2018 08:01:20.201 信息 [localhost-startStop-1] org.apache.catalina.startup.HostConfig.deployDirectory Deployment of web application directory I:\apache-tomcat-8.0.50\webapps\Server has finished in 1,183 ms
01-Jun-2018 08:01:20.202 信息 [localhost-startStop-1] org.apache.catalina.startup.HostConfig.deployDirectory Deploying web application directory I:\apache-tomcat-8.0.50\webapps\t
01-Jun-2018 08:01:20.245 信息 [localhost-startStop-1] org.apache.catalina.startup.HostConfig.deployDirectory Deployment of web application directory I:\apache-tomcat-8.0.50\webapps\t has finished in 43 ms
01-Jun-2018 08:01:20.252 信息 [main] org.apache.coyote.AbstractProtocol.start Starting ProtocolHandler ["http-apr-8080"]
01-Jun-2018 08:01:20.463 信息 [main] org.apache.coyote.AbstractProtocol.start Starting ProtocolHandler ["ajp-apr-8009"]
01-Jun-2018 08:01:20.516 信息 [main] org.apache.catalina.startup.Catalina.start Server startup in 8724 ms
01-Jun-2018 13:36:48.180 信息 [main] org.apache.catalina.startup.VersionLoggerListener.log Server version:        Apache Tomcat/8.0.50
01-Jun-2018 13:36:48.186 信息 [main] org.apache.catalina.startup.VersionLoggerListener.log Server built:          Feb 7 2018 20:06:05 UTC
01-Jun-2018 13:36:48.186 信息 [main] org.apache.catalina.startup.VersionLoggerListener.log Server number:         8.0.50.0
01-Jun-2018 13:36:48.186 信息 [main] org.apache.catalina.startup.VersionLoggerListener.log OS Name:               Windows 10
01-Jun-2018 13:36:48.186 信息 [main] org.apache.catalina.startup.VersionLoggerListener.log OS Version:            10.0
01-Jun-2018 13:36:48.187 信息 [main] org.apache.catalina.startup.VersionLoggerListener.log Architecture:          amd64
01-Jun-2018 13:36:48.187 信息 [main] org.apache.catalina.startup.VersionLoggerListener.log Java Home:             C:\Program Files\Java\jdk1.8.0_111\jre
01-Jun-2018 13:36:48.187 信息 [main] org.apache.catalina.startup.VersionLoggerListener.log JVM Version:           1.8.0_111-b14
01-Jun-2018 13:36:48.187 信息 [main] org.apache.catalina.startup.VersionLoggerListener.log JVM Vendor:            Oracle Corporation
01-Jun-2018 13:36:48.187 信息 [main] org.apache.catalina.startup.VersionLoggerListener.log CATALINA_BASE:         I:\apache-tomcat-8.0.50
01-Jun-2018 13:36:48.187 信息 [main] org.apache.catalina.startup.VersionLoggerListener.log CATALINA_HOME:         I:\apache-tomcat-8.0.50
01-Jun-2018 13:36:48.188 信息 [main] org.apache.catalina.startup.VersionLoggerListener.log Command line argument: -Djava.util.logging.config.file=I:\apache-tomcat-8.0.50\conf\logging.properties
01-Jun-2018 13:36:48.188 信息 [main] org.apache.catalina.startup.VersionLoggerListener.log Command line argument: -Djava.util.logging.manager=org.apache.juli.ClassLoaderLogManager
01-Jun-2018 13:36:48.188 信息 [main] org.apache.catalina.startup.VersionLoggerListener.log Command line argument: -Djdk.tls.ephemeralDHKeySize=2048
01-Jun-2018 13:36:48.188 信息 [main] org.apache.catalina.startup.VersionLoggerListener.log Command line argument: -Djava.protocol.handler.pkgs=org.apache.catalina.webresources
01-Jun-2018 13:36:48.189 信息 [main] org.apache.catalina.startup.VersionLoggerListener.log Command line argument: -Dignore.endorsed.dirs=
01-Jun-2018 13:36:48.189 信息 [main] org.apache.catalina.startup.VersionLoggerListener.log Command line argument: -Dcatalina.base=I:\apache-tomcat-8.0.50
01-Jun-2018 13:36:48.190 信息 [main] org.apache.catalina.startup.VersionLoggerListener.log Command line argument: -Dcatalina.home=I:\apache-tomcat-8.0.50
01-Jun-2018 13:36:48.191 信息 [main] org.apache.catalina.startup.VersionLoggerListener.log Command line argument: -Djava.io.tmpdir=I:\apache-tomcat-8.0.50\temp
01-Jun-2018 13:36:48.193 信息 [main] org.apache.catalina.core.AprLifecycleListener.lifecycleEvent Loaded APR based Apache Tomcat Native library 1.2.16 using APR version 1.6.3.
01-Jun-2018 13:36:48.194 信息 [main] org.apache.catalina.core.AprLifecycleListener.lifecycleEvent APR capabilities: IPv6 [true], sendfile [true], accept filters [false], random [true].
01-Jun-2018 13:36:49.162 信息 [main] org.apache.catalina.core.AprLifecycleListener.initializeSSL OpenSSL successfully initialized (OpenSSL 1.0.2m  2 Nov 2017)
01-Jun-2018 13:36:49.314 信息 [main] org.apache.coyote.AbstractProtocol.init Initializing ProtocolHandler ["http-apr-8080"]
01-Jun-2018 13:36:49.354 信息 [main] org.apache.coyote.AbstractProtocol.init Initializing ProtocolHandler ["ajp-apr-8009"]
01-Jun-2018 13:36:49.358 信息 [main] org.apache.catalina.startup.Catalina.load Initialization processed in 1568 ms
01-Jun-2018 13:36:49.390 信息 [main] org.apache.catalina.core.StandardService.startInternal Starting service Catalina
01-Jun-2018 13:36:49.390 信息 [main] org.apache.catalina.core.StandardEngine.startInternal Starting Servlet Engine: Apache Tomcat/8.0.50
01-Jun-2018 13:36:49.407 信息 [localhost-startStop-1] org.apache.catalina.startup.HostConfig.deployDirectory Deploying web application directory I:\apache-tomcat-8.0.50\webapps\comet4j-master
01-Jun-2018 13:36:49.838 警告 [localhost-startStop-1] org.apache.catalina.util.SessionIdGeneratorBase.createSecureRandom Creation of SecureRandom instance for session ID generation using [SHA1PRNG] took [111] milliseconds.
01-Jun-2018 13:36:49.865 信息 [localhost-startStop-1] org.apache.catalina.startup.HostConfig.deployDirectory Deployment of web application directory I:\apache-tomcat-8.0.50\webapps\comet4j-master has finished in 458 ms
01-Jun-2018 13:36:49.869 信息 [localhost-startStop-1] org.apache.catalina.startup.HostConfig.deployDirectory Deploying web application directory I:\apache-tomcat-8.0.50\webapps\docs
01-Jun-2018 13:36:49.916 信息 [localhost-startStop-1] org.apache.catalina.startup.HostConfig.deployDirectory Deployment of web application directory I:\apache-tomcat-8.0.50\webapps\docs has finished in 47 ms
01-Jun-2018 13:36:49.918 信息 [localhost-startStop-1] org.apache.catalina.startup.HostConfig.deployDirectory Deploying web application directory I:\apache-tomcat-8.0.50\webapps\examples
01-Jun-2018 13:36:50.350 信息 [localhost-startStop-1] org.apache.catalina.startup.HostConfig.deployDirectory Deployment of web application directory I:\apache-tomcat-8.0.50\webapps\examples has finished in 432 ms
01-Jun-2018 13:36:50.351 信息 [localhost-startStop-1] org.apache.catalina.startup.HostConfig.deployDirectory Deploying web application directory I:\apache-tomcat-8.0.50\webapps\host-manager
01-Jun-2018 13:36:50.386 信息 [localhost-startStop-1] org.apache.catalina.startup.HostConfig.deployDirectory Deployment of web application directory I:\apache-tomcat-8.0.50\webapps\host-manager has finished in 35 ms
01-Jun-2018 13:36:50.386 信息 [localhost-startStop-1] org.apache.catalina.startup.HostConfig.deployDirectory Deploying web application directory I:\apache-tomcat-8.0.50\webapps\jk
01-Jun-2018 13:36:50.959 信息 [localhost-startStop-1] org.apache.jasper.servlet.TldScanner.scanJars At least one JAR was scanned for TLDs yet contained no TLDs. Enable debug logging for this logger for a complete list of JARs that were scanned but no TLDs were found in them. Skipping unneeded JARs during scanning can improve startup time and JSP compilation time.
01-Jun-2018 13:36:51.873 信息 [localhost-startStop-1] org.apache.catalina.startup.HostConfig.deployDirectory Deployment of web application directory I:\apache-tomcat-8.0.50\webapps\jk has finished in 1,487 ms
01-Jun-2018 13:36:51.873 信息 [localhost-startStop-1] org.apache.catalina.startup.HostConfig.deployDirectory Deploying web application directory I:\apache-tomcat-8.0.50\webapps\manager
01-Jun-2018 13:36:51.909 信息 [localhost-startStop-1] org.apache.catalina.startup.HostConfig.deployDirectory Deployment of web application directory I:\apache-tomcat-8.0.50\webapps\manager has finished in 36 ms
01-Jun-2018 13:36:51.910 信息 [localhost-startStop-1] org.apache.catalina.startup.HostConfig.deployDirectory Deploying web application directory I:\apache-tomcat-8.0.50\webapps\ROOT
01-Jun-2018 13:36:51.941 信息 [localhost-startStop-1] org.apache.catalina.startup.HostConfig.deployDirectory Deployment of web application directory I:\apache-tomcat-8.0.50\webapps\ROOT has finished in 30 ms
01-Jun-2018 13:36:51.941 信息 [localhost-startStop-1] org.apache.catalina.startup.HostConfig.deployDirectory Deploying web application directory I:\apache-tomcat-8.0.50\webapps\Server
01-Jun-2018 13:36:52.484 信息 [localhost-startStop-1] org.apache.jasper.servlet.TldScanner.scanJars At least one JAR was scanned for TLDs yet contained no TLDs. Enable debug logging for this logger for a complete list of JARs that were scanned but no TLDs were found in them. Skipping unneeded JARs during scanning can improve startup time and JSP compilation time.
01-Jun-2018 13:36:52.528 信息 [localhost-startStop-1] org.apache.catalina.startup.HostConfig.deployDirectory Deployment of web application directory I:\apache-tomcat-8.0.50\webapps\Server has finished in 587 ms
01-Jun-2018 13:36:52.528 信息 [localhost-startStop-1] org.apache.catalina.startup.HostConfig.deployDirectory Deploying web application directory I:\apache-tomcat-8.0.50\webapps\t
01-Jun-2018 13:36:52.566 信息 [localhost-startStop-1] org.apache.catalina.startup.HostConfig.deployDirectory Deployment of web application directory I:\apache-tomcat-8.0.50\webapps\t has finished in 38 ms
01-Jun-2018 13:36:52.573 信息 [main] org.apache.coyote.AbstractProtocol.start Starting ProtocolHandler ["http-apr-8080"]
01-Jun-2018 13:36:52.631 信息 [main] org.apache.coyote.AbstractProtocol.start Starting ProtocolHandler ["ajp-apr-8009"]
01-Jun-2018 13:36:52.674 信息 [main] org.apache.catalina.startup.Catalina.start Server startup in 3314 ms
01-Jun-2018 14:10:46.901 信息 [main] org.apache.catalina.startup.VersionLoggerListener.log Server version:        Apache Tomcat/8.0.50
01-Jun-2018 14:10:46.908 信息 [main] org.apache.catalina.startup.VersionLoggerListener.log Server built:          Feb 7 2018 20:06:05 UTC
01-Jun-2018 14:10:46.908 信息 [main] org.apache.catalina.startup.VersionLoggerListener.log Server number:         8.0.50.0
01-Jun-2018 14:10:46.909 信息 [main] org.apache.catalina.startup.VersionLoggerListener.log OS Name:               Windows 10
01-Jun-2018 14:10:46.909 信息 [main] org.apache.catalina.startup.VersionLoggerListener.log OS Version:            10.0
01-Jun-2018 14:10:46.909 信息 [main] org.apache.catalina.startup.VersionLoggerListener.log Architecture:          amd64
01-Jun-2018 14:10:46.909 信息 [main] org.apache.catalina.startup.VersionLoggerListener.log Java Home:             C:\Program Files\Java\jdk1.8.0_111\jre
01-Jun-2018 14:10:46.909 信息 [main] org.apache.catalina.startup.VersionLoggerListener.log JVM Version:           1.8.0_111-b14
01-Jun-2018 14:10:46.910 信息 [main] org.apache.catalina.startup.VersionLoggerListener.log JVM Vendor:            Oracle Corporation
01-Jun-2018 14:10:46.910 信息 [main] org.apache.catalina.startup.VersionLoggerListener.log CATALINA_BASE:         I:\apache-tomcat-8.0.50
01-Jun-2018 14:10:46.910 信息 [main] org.apache.catalina.startup.VersionLoggerListener.log CATALINA_HOME:         I:\apache-tomcat-8.0.50
01-Jun-2018 14:10:46.911 信息 [main] org.apache.catalina.startup.VersionLoggerListener.log Command line argument: -Djava.util.logging.config.file=I:\apache-tomcat-8.0.50\conf\logging.properties
01-Jun-2018 14:10:46.911 信息 [main] org.apache.catalina.startup.VersionLoggerListener.log Command line argument: -Djava.util.logging.manager=org.apache.juli.ClassLoaderLogManager
01-Jun-2018 14:10:46.911 信息 [main] org.apache.catalina.startup.VersionLoggerListener.log Command line argument: -Djdk.tls.ephemeralDHKeySize=2048
01-Jun-2018 14:10:46.911 信息 [main] org.apache.catalina.startup.VersionLoggerListener.log Command line argument: -Djava.protocol.handler.pkgs=org.apache.catalina.webresources
01-Jun-2018 14:10:46.912 信息 [main] org.apache.catalina.startup.VersionLoggerListener.log Command line argument: -Dignore.endorsed.dirs=
01-Jun-2018 14:10:46.912 信息 [main] org.apache.catalina.startup.VersionLoggerListener.log Command line argument: -Dcatalina.base=I:\apache-tomcat-8.0.50
01-Jun-2018 14:10:46.914 信息 [main] org.apache.catalina.startup.VersionLoggerListener.log Command line argument: -Dcatalina.home=I:\apache-tomcat-8.0.50
01-Jun-2018 14:10:46.915 信息 [main] org.apache.catalina.startup.VersionLoggerListener.log Command line argument: -Djava.io.tmpdir=I:\apache-tomcat-8.0.50\temp
01-Jun-2018 14:10:46.917 信息 [main] org.apache.catalina.core.AprLifecycleListener.lifecycleEvent Loaded APR based Apache Tomcat Native library 1.2.16 using APR version 1.6.3.
01-Jun-2018 14:10:46.920 信息 [main] org.apache.catalina.core.AprLifecycleListener.lifecycleEvent APR capabilities: IPv6 [true], sendfile [true], accept filters [false], random [true].
01-Jun-2018 14:10:47.878 信息 [main] org.apache.catalina.core.AprLifecycleListener.initializeSSL OpenSSL successfully initialized (OpenSSL 1.0.2m  2 Nov 2017)
01-Jun-2018 14:10:48.023 信息 [main] org.apache.coyote.AbstractProtocol.init Initializing ProtocolHandler ["http-apr-8080"]
01-Jun-2018 14:10:48.068 信息 [main] org.apache.coyote.AbstractProtocol.init Initializing ProtocolHandler ["ajp-apr-8009"]
01-Jun-2018 14:10:48.073 信息 [main] org.apache.catalina.startup.Catalina.load Initialization processed in 1600 ms
01-Jun-2018 14:10:48.108 信息 [main] org.apache.catalina.core.StandardService.startInternal Starting service Catalina
01-Jun-2018 14:10:48.109 信息 [main] org.apache.catalina.core.StandardEngine.startInternal Starting Servlet Engine: Apache Tomcat/8.0.50
01-Jun-2018 14:10:48.123 信息 [localhost-startStop-1] org.apache.catalina.startup.HostConfig.deployDirectory Deploying web application directory I:\apache-tomcat-8.0.50\webapps\comet4j-master
01-Jun-2018 14:10:48.597 警告 [localhost-startStop-1] org.apache.catalina.util.SessionIdGeneratorBase.createSecureRandom Creation of SecureRandom instance for session ID generation using [SHA1PRNG] took [114] milliseconds.
01-Jun-2018 14:10:48.621 信息 [localhost-startStop-1] org.apache.catalina.startup.HostConfig.deployDirectory Deployment of web application directory I:\apache-tomcat-8.0.50\webapps\comet4j-master has finished in 498 ms
01-Jun-2018 14:10:48.622 信息 [localhost-startStop-1] org.apache.catalina.startup.HostConfig.deployDirectory Deploying web application directory I:\apache-tomcat-8.0.50\webapps\docs
01-Jun-2018 14:10:48.670 信息 [localhost-startStop-1] org.apache.catalina.startup.HostConfig.deployDirectory Deployment of web application directory I:\apache-tomcat-8.0.50\webapps\docs has finished in 48 ms
01-Jun-2018 14:10:48.671 信息 [localhost-startStop-1] org.apache.catalina.startup.HostConfig.deployDirectory Deploying web application directory I:\apache-tomcat-8.0.50\webapps\examples
01-Jun-2018 14:10:49.111 信息 [localhost-startStop-1] org.apache.catalina.startup.HostConfig.deployDirectory Deployment of web application directory I:\apache-tomcat-8.0.50\webapps\examples has finished in 440 ms
01-Jun-2018 14:10:49.112 信息 [localhost-startStop-1] org.apache.catalina.startup.HostConfig.deployDirectory Deploying web application directory I:\apache-tomcat-8.0.50\webapps\host-manager
01-Jun-2018 14:10:49.154 信息 [localhost-startStop-1] org.apache.catalina.startup.HostConfig.deployDirectory Deployment of web application directory I:\apache-tomcat-8.0.50\webapps\host-manager has finished in 41 ms
01-Jun-2018 14:10:49.154 信息 [localhost-startStop-1] org.apache.catalina.startup.HostConfig.deployDirectory Deploying web application directory I:\apache-tomcat-8.0.50\webapps\jk
01-Jun-2018 14:10:49.752 信息 [localhost-startStop-1] org.apache.jasper.servlet.TldScanner.scanJars At least one JAR was scanned for TLDs yet contained no TLDs. Enable debug logging for this logger for a complete list of JARs that were scanned but no TLDs were found in them. Skipping unneeded JARs during scanning can improve startup time and JSP compilation time.
01-Jun-2018 14:10:51.296 信息 [localhost-startStop-1] org.apache.catalina.startup.HostConfig.deployDirectory Deployment of web application directory I:\apache-tomcat-8.0.50\webapps\jk has finished in 2,142 ms
01-Jun-2018 14:10:51.297 信息 [localhost-startStop-1] org.apache.catalina.startup.HostConfig.deployDirectory Deploying web application directory I:\apache-tomcat-8.0.50\webapps\manager
01-Jun-2018 14:10:51.346 信息 [localhost-startStop-1] org.apache.catalina.startup.HostConfig.deployDirectory Deployment of web application directory I:\apache-tomcat-8.0.50\webapps\manager has finished in 49 ms
01-Jun-2018 14:10:51.346 信息 [localhost-startStop-1] org.apache.catalina.startup.HostConfig.deployDirectory Deploying web application directory I:\apache-tomcat-8.0.50\webapps\ROOT
01-Jun-2018 14:10:51.376 信息 [localhost-startStop-1] org.apache.catalina.startup.HostConfig.deployDirectory Deployment of web application directory I:\apache-tomcat-8.0.50\webapps\ROOT has finished in 30 ms
01-Jun-2018 14:10:51.377 信息 [localhost-startStop-1] org.apache.catalina.startup.HostConfig.deployDirectory Deploying web application directory I:\apache-tomcat-8.0.50\webapps\Server
01-Jun-2018 14:10:51.929 信息 [localhost-startStop-1] org.apache.jasper.servlet.TldScanner.scanJars At least one JAR was scanned for TLDs yet contained no TLDs. Enable debug logging for this logger for a complete list of JARs that were scanned but no TLDs were found in them. Skipping unneeded JARs during scanning can improve startup time and JSP compilation time.
01-Jun-2018 14:10:51.967 信息 [localhost-startStop-1] org.apache.catalina.startup.HostConfig.deployDirectory Deployment of web application directory I:\apache-tomcat-8.0.50\webapps\Server has finished in 590 ms
01-Jun-2018 14:10:51.968 信息 [localhost-startStop-1] org.apache.catalina.startup.HostConfig.deployDirectory Deploying web application directory I:\apache-tomcat-8.0.50\webapps\t
01-Jun-2018 14:10:52.005 信息 [localhost-startStop-1] org.apache.catalina.startup.HostConfig.deployDirectory Deployment of web application directory I:\apache-tomcat-8.0.50\webapps\t has finished in 37 ms
01-Jun-2018 14:10:52.012 信息 [main] org.apache.coyote.AbstractProtocol.start Starting ProtocolHandler ["http-apr-8080"]
01-Jun-2018 14:10:52.071 信息 [main] org.apache.coyote.AbstractProtocol.start Starting ProtocolHandler ["ajp-apr-8009"]
01-Jun-2018 14:10:52.130 信息 [main] org.apache.catalina.startup.Catalina.start Server startup in 4041 ms
01-Jun-2018 14:32:10.406 信息 [http-apr-8080-exec-5] org.apache.coyote.http11.AbstractHttp11Processor.process Error parsing HTTP request header
 Note: further occurrences of HTTP header parsing errors will be logged at DEBUG level.
 java.lang.IllegalArgumentException: Invalid character found in method name. HTTP method names must be tokens
	at org.apache.coyote.http11.InternalAprInputBuffer.parseRequestLine(InternalAprInputBuffer.java:189)
	at org.apache.coyote.http11.AbstractHttp11Processor.process(AbstractHttp11Processor.java:1045)
	at org.apache.coyote.AbstractProtocol$AbstractConnectionHandler.process(AbstractProtocol.java:684)
	at org.apache.tomcat.util.net.AprEndpoint$SocketProcessor.doRun(AprEndpoint.java:2527)
	at org.apache.tomcat.util.net.AprEndpoint$SocketProcessor.run(AprEndpoint.java:2516)
	at java.util.concurrent.ThreadPoolExecutor.runWorker(ThreadPoolExecutor.java:1142)
	at java.util.concurrent.ThreadPoolExecutor$Worker.run(ThreadPoolExecutor.java:617)
	at org.apache.tomcat.util.threads.TaskThread$WrappingRunnable.run(TaskThread.java:61)
	at java.lang.Thread.run(Thread.java:745)

