26-May-2018 00:00:53.597 严重 [http-apr-8080-Acceptor-0] org.apache.tomcat.util.net.AprEndpoint$Acceptor.run Socket accept failed
 org.apache.tomcat.jni.Error: 730022: ?????????Ч?????
	at org.apache.tomcat.jni.Socket.accept(Native Method)
	at org.apache.tomcat.util.net.AprEndpoint$Acceptor.run(AprEndpoint.java:1073)
	at java.lang.Thread.run(Thread.java:745)

26-May-2018 00:00:55.206 严重 [http-apr-8080-Acceptor-0] org.apache.tomcat.util.net.AprEndpoint$Acceptor.run Socket accept failed
 org.apache.tomcat.jni.Error: 730022: ?????????Ч?????
	at org.apache.tomcat.jni.Socket.accept(Native Method)
	at org.apache.tomcat.util.net.AprEndpoint$Acceptor.run(AprEndpoint.java:1073)
	at java.lang.Thread.run(Thread.java:745)

26-May-2018 00:10:16.458 严重 [http-apr-8080-Acceptor-0] org.apache.tomcat.util.net.AprEndpoint$Acceptor.run Socket accept failed
 org.apache.tomcat.jni.Error: 730022: ?????????Ч?????
	at org.apache.tomcat.jni.Socket.accept(Native Method)
	at org.apache.tomcat.util.net.AprEndpoint$Acceptor.run(AprEndpoint.java:1073)
	at java.lang.Thread.run(Thread.java:745)

26-May-2018 00:10:18.067 严重 [http-apr-8080-Acceptor-0] org.apache.tomcat.util.net.AprEndpoint$Acceptor.run Socket accept failed
 org.apache.tomcat.jni.Error: 730022: ?????????Ч?????
	at org.apache.tomcat.jni.Socket.accept(Native Method)
	at org.apache.tomcat.util.net.AprEndpoint$Acceptor.run(AprEndpoint.java:1073)
	at java.lang.Thread.run(Thread.java:745)

26-May-2018 00:53:38.513 严重 [http-apr-8080-Acceptor-0] org.apache.tomcat.util.net.AprEndpoint$Acceptor.run Socket accept failed
 org.apache.tomcat.jni.Error: 730022: ?????????Ч?????
	at org.apache.tomcat.jni.Socket.accept(Native Method)
	at org.apache.tomcat.util.net.AprEndpoint$Acceptor.run(AprEndpoint.java:1073)
	at java.lang.Thread.run(Thread.java:745)

26-May-2018 00:53:40.122 严重 [http-apr-8080-Acceptor-0] org.apache.tomcat.util.net.AprEndpoint$Acceptor.run Socket accept failed
 org.apache.tomcat.jni.Error: 730022: ?????????Ч?????
	at org.apache.tomcat.jni.Socket.accept(Native Method)
	at org.apache.tomcat.util.net.AprEndpoint$Acceptor.run(AprEndpoint.java:1073)
	at java.lang.Thread.run(Thread.java:745)

26-May-2018 01:34:52.686 严重 [http-apr-8080-Acceptor-0] org.apache.tomcat.util.net.AprEndpoint$Acceptor.run Socket accept failed
 org.apache.tomcat.jni.Error: 730022: ?????????Ч?????
	at org.apache.tomcat.jni.Socket.accept(Native Method)
	at org.apache.tomcat.util.net.AprEndpoint$Acceptor.run(AprEndpoint.java:1073)
	at java.lang.Thread.run(Thread.java:745)

26-May-2018 02:01:21.367 严重 [http-apr-8080-Acceptor-0] org.apache.tomcat.util.net.AprEndpoint$Acceptor.run Socket accept failed
 org.apache.tomcat.jni.Error: 730022: ?????????Ч?????
	at org.apache.tomcat.jni.Socket.accept(Native Method)
	at org.apache.tomcat.util.net.AprEndpoint$Acceptor.run(AprEndpoint.java:1073)
	at java.lang.Thread.run(Thread.java:745)

26-May-2018 02:01:22.976 严重 [http-apr-8080-Acceptor-0] org.apache.tomcat.util.net.AprEndpoint$Acceptor.run Socket accept failed
 org.apache.tomcat.jni.Error: 730022: ?????????Ч?????
	at org.apache.tomcat.jni.Socket.accept(Native Method)
	at org.apache.tomcat.util.net.AprEndpoint$Acceptor.run(AprEndpoint.java:1073)
	at java.lang.Thread.run(Thread.java:745)

26-May-2018 02:38:45.725 严重 [http-apr-8080-Acceptor-0] org.apache.tomcat.util.net.AprEndpoint$Acceptor.run Socket accept failed
 org.apache.tomcat.jni.Error: 730022: ?????????Ч?????
	at org.apache.tomcat.jni.Socket.accept(Native Method)
	at org.apache.tomcat.util.net.AprEndpoint$Acceptor.run(AprEndpoint.java:1073)
	at java.lang.Thread.run(Thread.java:745)

26-May-2018 02:38:48.709 严重 [http-apr-8080-Acceptor-0] org.apache.tomcat.util.net.AprEndpoint$Acceptor.run Socket accept failed
 org.apache.tomcat.jni.Error: 730022: ?????????Ч?????
	at org.apache.tomcat.jni.Socket.accept(Native Method)
	at org.apache.tomcat.util.net.AprEndpoint$Acceptor.run(AprEndpoint.java:1073)
	at java.lang.Thread.run(Thread.java:745)

26-May-2018 02:39:45.522 严重 [http-apr-8080-Acceptor-0] org.apache.tomcat.util.net.AprEndpoint$Acceptor.run Socket accept failed
 org.apache.tomcat.jni.Error: 730022: ?????????Ч?????
	at org.apache.tomcat.jni.Socket.accept(Native Method)
	at org.apache.tomcat.util.net.AprEndpoint$Acceptor.run(AprEndpoint.java:1073)
	at java.lang.Thread.run(Thread.java:745)

26-May-2018 02:40:52.538 严重 [http-apr-8080-Acceptor-0] org.apache.tomcat.util.net.AprEndpoint$Acceptor.run Socket accept failed
 org.apache.tomcat.jni.Error: 730022: ?????????Ч?????
	at org.apache.tomcat.jni.Socket.accept(Native Method)
	at org.apache.tomcat.util.net.AprEndpoint$Acceptor.run(AprEndpoint.java:1073)
	at java.lang.Thread.run(Thread.java:745)

26-May-2018 03:44:50.960 严重 [http-apr-8080-Acceptor-0] org.apache.tomcat.util.net.AprEndpoint$Acceptor.run Socket accept failed
 org.apache.tomcat.jni.Error: 730022: ?????????Ч?????
	at org.apache.tomcat.jni.Socket.accept(Native Method)
	at org.apache.tomcat.util.net.AprEndpoint$Acceptor.run(AprEndpoint.java:1073)
	at java.lang.Thread.run(Thread.java:745)

26-May-2018 03:45:10.804 严重 [http-apr-8080-Acceptor-0] org.apache.tomcat.util.net.AprEndpoint$Acceptor.run Socket accept failed
 org.apache.tomcat.jni.Error: 730022: ?????????Ч?????
	at org.apache.tomcat.jni.Socket.accept(Native Method)
	at org.apache.tomcat.util.net.AprEndpoint$Acceptor.run(AprEndpoint.java:1073)
	at java.lang.Thread.run(Thread.java:745)

26-May-2018 03:48:26.148 严重 [http-apr-8080-Acceptor-0] org.apache.tomcat.util.net.AprEndpoint$Acceptor.run Socket accept failed
 org.apache.tomcat.jni.Error: 730022: ?????????Ч?????
	at org.apache.tomcat.jni.Socket.accept(Native Method)
	at org.apache.tomcat.util.net.AprEndpoint$Acceptor.run(AprEndpoint.java:1073)
	at java.lang.Thread.run(Thread.java:745)

26-May-2018 03:48:34.289 严重 [http-apr-8080-Acceptor-0] org.apache.tomcat.util.net.AprEndpoint$Acceptor.run Socket accept failed
 org.apache.tomcat.jni.Error: 730022: ?????????Ч?????
	at org.apache.tomcat.jni.Socket.accept(Native Method)
	at org.apache.tomcat.util.net.AprEndpoint$Acceptor.run(AprEndpoint.java:1073)
	at java.lang.Thread.run(Thread.java:745)

26-May-2018 04:25:24.301 严重 [http-apr-8080-Acceptor-0] org.apache.tomcat.util.net.AprEndpoint$Acceptor.run Socket accept failed
 org.apache.tomcat.jni.Error: 730022: ?????????Ч?????
	at org.apache.tomcat.jni.Socket.accept(Native Method)
	at org.apache.tomcat.util.net.AprEndpoint$Acceptor.run(AprEndpoint.java:1073)
	at java.lang.Thread.run(Thread.java:745)

26-May-2018 04:25:25.911 严重 [http-apr-8080-Acceptor-0] org.apache.tomcat.util.net.AprEndpoint$Acceptor.run Socket accept failed
 org.apache.tomcat.jni.Error: 730022: ?????????Ч?????
	at org.apache.tomcat.jni.Socket.accept(Native Method)
	at org.apache.tomcat.util.net.AprEndpoint$Acceptor.run(AprEndpoint.java:1073)
	at java.lang.Thread.run(Thread.java:745)

26-May-2018 04:30:44.053 严重 [http-apr-8080-Acceptor-0] org.apache.tomcat.util.net.AprEndpoint$Acceptor.run Socket accept failed
 org.apache.tomcat.jni.Error: 730022: ?????????Ч?????
	at org.apache.tomcat.jni.Socket.accept(Native Method)
	at org.apache.tomcat.util.net.AprEndpoint$Acceptor.run(AprEndpoint.java:1073)
	at java.lang.Thread.run(Thread.java:745)

26-May-2018 04:30:45.662 严重 [http-apr-8080-Acceptor-0] org.apache.tomcat.util.net.AprEndpoint$Acceptor.run Socket accept failed
 org.apache.tomcat.jni.Error: 730022: ?????????Ч?????
	at org.apache.tomcat.jni.Socket.accept(Native Method)
	at org.apache.tomcat.util.net.AprEndpoint$Acceptor.run(AprEndpoint.java:1073)
	at java.lang.Thread.run(Thread.java:745)

26-May-2018 04:30:47.272 严重 [http-apr-8080-Acceptor-0] org.apache.tomcat.util.net.AprEndpoint$Acceptor.run Socket accept failed
 org.apache.tomcat.jni.Error: 730022: ?????????Ч?????
	at org.apache.tomcat.jni.Socket.accept(Native Method)
	at org.apache.tomcat.util.net.AprEndpoint$Acceptor.run(AprEndpoint.java:1073)
	at java.lang.Thread.run(Thread.java:745)

26-May-2018 04:33:04.960 严重 [http-apr-8080-Acceptor-0] org.apache.tomcat.util.net.AprEndpoint$Acceptor.run Socket accept failed
 org.apache.tomcat.jni.Error: 730022: ?????????Ч?????
	at org.apache.tomcat.jni.Socket.accept(Native Method)
	at org.apache.tomcat.util.net.AprEndpoint$Acceptor.run(AprEndpoint.java:1073)
	at java.lang.Thread.run(Thread.java:745)

26-May-2018 04:33:24.038 严重 [http-apr-8080-Acceptor-0] org.apache.tomcat.util.net.AprEndpoint$Acceptor.run Socket accept failed
 org.apache.tomcat.jni.Error: 730022: ?????????Ч?????
	at org.apache.tomcat.jni.Socket.accept(Native Method)
	at org.apache.tomcat.util.net.AprEndpoint$Acceptor.run(AprEndpoint.java:1073)
	at java.lang.Thread.run(Thread.java:745)

26-May-2018 04:33:42.991 严重 [http-apr-8080-Acceptor-0] org.apache.tomcat.util.net.AprEndpoint$Acceptor.run Socket accept failed
 org.apache.tomcat.jni.Error: 730022: ?????????Ч?????
	at org.apache.tomcat.jni.Socket.accept(Native Method)
	at org.apache.tomcat.util.net.AprEndpoint$Acceptor.run(AprEndpoint.java:1073)
	at java.lang.Thread.run(Thread.java:745)

26-May-2018 04:34:35.226 严重 [http-apr-8080-Acceptor-0] org.apache.tomcat.util.net.AprEndpoint$Acceptor.run Socket accept failed
 org.apache.tomcat.jni.Error: 730022: ?????????Ч?????
	at org.apache.tomcat.jni.Socket.accept(Native Method)
	at org.apache.tomcat.util.net.AprEndpoint$Acceptor.run(AprEndpoint.java:1073)
	at java.lang.Thread.run(Thread.java:745)

26-May-2018 04:48:42.855 严重 [http-apr-8080-Acceptor-0] org.apache.tomcat.util.net.AprEndpoint$Acceptor.run Socket accept failed
 org.apache.tomcat.jni.Error: 730022: ?????????Ч?????
	at org.apache.tomcat.jni.Socket.accept(Native Method)
	at org.apache.tomcat.util.net.AprEndpoint$Acceptor.run(AprEndpoint.java:1073)
	at java.lang.Thread.run(Thread.java:745)

26-May-2018 04:48:44.464 严重 [http-apr-8080-Acceptor-0] org.apache.tomcat.util.net.AprEndpoint$Acceptor.run Socket accept failed
 org.apache.tomcat.jni.Error: 730022: ?????????Ч?????
	at org.apache.tomcat.jni.Socket.accept(Native Method)
	at org.apache.tomcat.util.net.AprEndpoint$Acceptor.run(AprEndpoint.java:1073)
	at java.lang.Thread.run(Thread.java:745)

26-May-2018 04:56:20.795 严重 [http-apr-8080-Acceptor-0] org.apache.tomcat.util.net.AprEndpoint$Acceptor.run Socket accept failed
 org.apache.tomcat.jni.Error: 730022: ?????????Ч?????
	at org.apache.tomcat.jni.Socket.accept(Native Method)
	at org.apache.tomcat.util.net.AprEndpoint$Acceptor.run(AprEndpoint.java:1073)
	at java.lang.Thread.run(Thread.java:745)

26-May-2018 04:56:22.404 严重 [http-apr-8080-Acceptor-0] org.apache.tomcat.util.net.AprEndpoint$Acceptor.run Socket accept failed
 org.apache.tomcat.jni.Error: 730022: ?????????Ч?????
	at org.apache.tomcat.jni.Socket.accept(Native Method)
	at org.apache.tomcat.util.net.AprEndpoint$Acceptor.run(AprEndpoint.java:1073)
	at java.lang.Thread.run(Thread.java:745)

26-May-2018 05:21:15.993 严重 [http-apr-8080-Acceptor-0] org.apache.tomcat.util.net.AprEndpoint$Acceptor.run Socket accept failed
 org.apache.tomcat.jni.Error: 730022: ?????????Ч?????
	at org.apache.tomcat.jni.Socket.accept(Native Method)
	at org.apache.tomcat.util.net.AprEndpoint$Acceptor.run(AprEndpoint.java:1073)
	at java.lang.Thread.run(Thread.java:745)

26-May-2018 05:21:17.602 严重 [http-apr-8080-Acceptor-0] org.apache.tomcat.util.net.AprEndpoint$Acceptor.run Socket accept failed
 org.apache.tomcat.jni.Error: 730022: ?????????Ч?????
	at org.apache.tomcat.jni.Socket.accept(Native Method)
	at org.apache.tomcat.util.net.AprEndpoint$Acceptor.run(AprEndpoint.java:1073)
	at java.lang.Thread.run(Thread.java:745)

26-May-2018 05:43:56.685 严重 [http-apr-8080-Acceptor-0] org.apache.tomcat.util.net.AprEndpoint$Acceptor.run Socket accept failed
 org.apache.tomcat.jni.Error: 730022: ?????????Ч?????
	at org.apache.tomcat.jni.Socket.accept(Native Method)
	at org.apache.tomcat.util.net.AprEndpoint$Acceptor.run(AprEndpoint.java:1073)
	at java.lang.Thread.run(Thread.java:745)

26-May-2018 05:43:58.294 严重 [http-apr-8080-Acceptor-0] org.apache.tomcat.util.net.AprEndpoint$Acceptor.run Socket accept failed
 org.apache.tomcat.jni.Error: 730022: ?????????Ч?????
	at org.apache.tomcat.jni.Socket.accept(Native Method)
	at org.apache.tomcat.util.net.AprEndpoint$Acceptor.run(AprEndpoint.java:1073)
	at java.lang.Thread.run(Thread.java:745)

26-May-2018 06:39:22.542 严重 [http-apr-8080-Acceptor-0] org.apache.tomcat.util.net.AprEndpoint$Acceptor.run Socket accept failed
 org.apache.tomcat.jni.Error: 730022: ?????????Ч?????
	at org.apache.tomcat.jni.Socket.accept(Native Method)
	at org.apache.tomcat.util.net.AprEndpoint$Acceptor.run(AprEndpoint.java:1073)
	at java.lang.Thread.run(Thread.java:745)

26-May-2018 08:10:59.891 严重 [http-apr-8080-Acceptor-0] org.apache.tomcat.util.net.AprEndpoint$Acceptor.run Socket accept failed
 org.apache.tomcat.jni.Error: 730022: ?????????Ч?????
	at org.apache.tomcat.jni.Socket.accept(Native Method)
	at org.apache.tomcat.util.net.AprEndpoint$Acceptor.run(AprEndpoint.java:1073)
	at java.lang.Thread.run(Thread.java:745)

26-May-2018 08:12:10.438 严重 [http-apr-8080-Acceptor-0] org.apache.tomcat.util.net.AprEndpoint$Acceptor.run Socket accept failed
 org.apache.tomcat.jni.Error: 730022: ?????????Ч?????
	at org.apache.tomcat.jni.Socket.accept(Native Method)
	at org.apache.tomcat.util.net.AprEndpoint$Acceptor.run(AprEndpoint.java:1073)
	at java.lang.Thread.run(Thread.java:745)

26-May-2018 08:19:38.096 严重 [http-apr-8080-Acceptor-0] org.apache.tomcat.util.net.AprEndpoint$Acceptor.run Socket accept failed
 org.apache.tomcat.jni.Error: 730022: ?????????Ч?????
	at org.apache.tomcat.jni.Socket.accept(Native Method)
	at org.apache.tomcat.util.net.AprEndpoint$Acceptor.run(AprEndpoint.java:1073)
	at java.lang.Thread.run(Thread.java:745)

26-May-2018 08:19:42.940 严重 [http-apr-8080-Acceptor-0] org.apache.tomcat.util.net.AprEndpoint$Acceptor.run Socket accept failed
 org.apache.tomcat.jni.Error: 730022: ?????????Ч?????
	at org.apache.tomcat.jni.Socket.accept(Native Method)
	at org.apache.tomcat.util.net.AprEndpoint$Acceptor.run(AprEndpoint.java:1073)
	at java.lang.Thread.run(Thread.java:745)

26-May-2018 08:30:50.396 严重 [http-apr-8080-Acceptor-0] org.apache.tomcat.util.net.AprEndpoint$Acceptor.run Socket accept failed
 org.apache.tomcat.jni.Error: 730022: ?????????Ч?????
	at org.apache.tomcat.jni.Socket.accept(Native Method)
	at org.apache.tomcat.util.net.AprEndpoint$Acceptor.run(AprEndpoint.java:1073)
	at java.lang.Thread.run(Thread.java:745)

26-May-2018 08:30:55.849 严重 [http-apr-8080-Acceptor-0] org.apache.tomcat.util.net.AprEndpoint$Acceptor.run Socket accept failed
 org.apache.tomcat.jni.Error: 730022: ?????????Ч?????
	at org.apache.tomcat.jni.Socket.accept(Native Method)
	at org.apache.tomcat.util.net.AprEndpoint$Acceptor.run(AprEndpoint.java:1073)
	at java.lang.Thread.run(Thread.java:745)

26-May-2018 08:31:50.723 信息 [main] org.apache.catalina.startup.VersionLoggerListener.log Server version:        Apache Tomcat/8.0.50
26-May-2018 08:31:50.739 信息 [main] org.apache.catalina.startup.VersionLoggerListener.log Server built:          Feb 7 2018 20:06:05 UTC
26-May-2018 08:31:50.739 信息 [main] org.apache.catalina.startup.VersionLoggerListener.log Server number:         8.0.50.0
26-May-2018 08:31:50.739 信息 [main] org.apache.catalina.startup.VersionLoggerListener.log OS Name:               Windows 10
26-May-2018 08:31:50.739 信息 [main] org.apache.catalina.startup.VersionLoggerListener.log OS Version:            10.0
26-May-2018 08:31:50.739 信息 [main] org.apache.catalina.startup.VersionLoggerListener.log Architecture:          amd64
26-May-2018 08:31:50.739 信息 [main] org.apache.catalina.startup.VersionLoggerListener.log Java Home:             C:\Program Files\Java\jdk1.8.0_111\jre
26-May-2018 08:31:50.739 信息 [main] org.apache.catalina.startup.VersionLoggerListener.log JVM Version:           1.8.0_111-b14
26-May-2018 08:31:50.739 信息 [main] org.apache.catalina.startup.VersionLoggerListener.log JVM Vendor:            Oracle Corporation
26-May-2018 08:31:50.739 信息 [main] org.apache.catalina.startup.VersionLoggerListener.log CATALINA_BASE:         I:\apache-tomcat-8.0.50
26-May-2018 08:31:50.739 信息 [main] org.apache.catalina.startup.VersionLoggerListener.log CATALINA_HOME:         I:\apache-tomcat-8.0.50
26-May-2018 08:31:50.739 信息 [main] org.apache.catalina.startup.VersionLoggerListener.log Command line argument: -Djava.util.logging.config.file=I:\apache-tomcat-8.0.50\conf\logging.properties
26-May-2018 08:31:50.739 信息 [main] org.apache.catalina.startup.VersionLoggerListener.log Command line argument: -Djava.util.logging.manager=org.apache.juli.ClassLoaderLogManager
26-May-2018 08:31:50.739 信息 [main] org.apache.catalina.startup.VersionLoggerListener.log Command line argument: -Djdk.tls.ephemeralDHKeySize=2048
26-May-2018 08:31:50.739 信息 [main] org.apache.catalina.startup.VersionLoggerListener.log Command line argument: -Djava.protocol.handler.pkgs=org.apache.catalina.webresources
26-May-2018 08:31:50.739 信息 [main] org.apache.catalina.startup.VersionLoggerListener.log Command line argument: -Dignore.endorsed.dirs=
26-May-2018 08:31:50.739 信息 [main] org.apache.catalina.startup.VersionLoggerListener.log Command line argument: -Dcatalina.base=I:\apache-tomcat-8.0.50
26-May-2018 08:31:50.739 信息 [main] org.apache.catalina.startup.VersionLoggerListener.log Command line argument: -Dcatalina.home=I:\apache-tomcat-8.0.50
26-May-2018 08:31:50.739 信息 [main] org.apache.catalina.startup.VersionLoggerListener.log Command line argument: -Djava.io.tmpdir=I:\apache-tomcat-8.0.50\temp
26-May-2018 08:31:50.739 信息 [main] org.apache.catalina.core.AprLifecycleListener.lifecycleEvent Loaded APR based Apache Tomcat Native library 1.2.16 using APR version 1.6.3.
26-May-2018 08:31:50.739 信息 [main] org.apache.catalina.core.AprLifecycleListener.lifecycleEvent APR capabilities: IPv6 [true], sendfile [true], accept filters [false], random [true].
26-May-2018 08:31:51.832 信息 [main] org.apache.catalina.core.AprLifecycleListener.initializeSSL OpenSSL successfully initialized (OpenSSL 1.0.2m  2 Nov 2017)
26-May-2018 08:31:52.020 信息 [main] org.apache.coyote.AbstractProtocol.init Initializing ProtocolHandler ["http-apr-8080"]
26-May-2018 08:31:52.129 信息 [main] org.apache.coyote.AbstractProtocol.init Initializing ProtocolHandler ["ajp-apr-8009"]
26-May-2018 08:31:52.129 信息 [main] org.apache.catalina.startup.Catalina.load Initialization processed in 1802 ms
26-May-2018 08:31:52.192 信息 [main] org.apache.catalina.core.StandardService.startInternal Starting service Catalina
26-May-2018 08:31:52.192 信息 [main] org.apache.catalina.core.StandardEngine.startInternal Starting Servlet Engine: Apache Tomcat/8.0.50
26-May-2018 08:31:52.207 信息 [localhost-startStop-1] org.apache.catalina.startup.HostConfig.deployDirectory Deploying web application directory I:\apache-tomcat-8.0.50\webapps\comet4j-master
26-May-2018 08:31:52.848 警告 [localhost-startStop-1] org.apache.catalina.util.SessionIdGeneratorBase.createSecureRandom Creation of SecureRandom instance for session ID generation using [SHA1PRNG] took [109] milliseconds.
26-May-2018 08:31:52.879 信息 [localhost-startStop-1] org.apache.catalina.startup.HostConfig.deployDirectory Deployment of web application directory I:\apache-tomcat-8.0.50\webapps\comet4j-master has finished in 672 ms
26-May-2018 08:31:52.879 信息 [localhost-startStop-1] org.apache.catalina.startup.HostConfig.deployDirectory Deploying web application directory I:\apache-tomcat-8.0.50\webapps\docs
26-May-2018 08:31:52.926 信息 [localhost-startStop-1] org.apache.catalina.startup.HostConfig.deployDirectory Deployment of web application directory I:\apache-tomcat-8.0.50\webapps\docs has finished in 47 ms
26-May-2018 08:31:52.926 信息 [localhost-startStop-1] org.apache.catalina.startup.HostConfig.deployDirectory Deploying web application directory I:\apache-tomcat-8.0.50\webapps\examples
26-May-2018 08:31:53.520 信息 [localhost-startStop-1] org.apache.catalina.startup.HostConfig.deployDirectory Deployment of web application directory I:\apache-tomcat-8.0.50\webapps\examples has finished in 594 ms
26-May-2018 08:31:53.520 信息 [localhost-startStop-1] org.apache.catalina.startup.HostConfig.deployDirectory Deploying web application directory I:\apache-tomcat-8.0.50\webapps\host-manager
26-May-2018 08:31:53.567 信息 [localhost-startStop-1] org.apache.catalina.startup.HostConfig.deployDirectory Deployment of web application directory I:\apache-tomcat-8.0.50\webapps\host-manager has finished in 47 ms
26-May-2018 08:31:53.567 信息 [localhost-startStop-1] org.apache.catalina.startup.HostConfig.deployDirectory Deploying web application directory I:\apache-tomcat-8.0.50\webapps\jk
26-May-2018 08:31:54.332 信息 [localhost-startStop-1] org.apache.jasper.servlet.TldScanner.scanJars At least one JAR was scanned for TLDs yet contained no TLDs. Enable debug logging for this logger for a complete list of JARs that were scanned but no TLDs were found in them. Skipping unneeded JARs during scanning can improve startup time and JSP compilation time.
26-May-2018 08:31:55.036 信息 [localhost-startStop-1] org.apache.catalina.startup.HostConfig.deployDirectory Deployment of web application directory I:\apache-tomcat-8.0.50\webapps\jk has finished in 1,469 ms
26-May-2018 08:31:55.036 信息 [localhost-startStop-1] org.apache.catalina.startup.HostConfig.deployDirectory Deploying web application directory I:\apache-tomcat-8.0.50\webapps\manager
26-May-2018 08:31:55.082 信息 [localhost-startStop-1] org.apache.catalina.startup.HostConfig.deployDirectory Deployment of web application directory I:\apache-tomcat-8.0.50\webapps\manager has finished in 46 ms
26-May-2018 08:31:55.082 信息 [localhost-startStop-1] org.apache.catalina.startup.HostConfig.deployDirectory Deploying web application directory I:\apache-tomcat-8.0.50\webapps\ROOT
26-May-2018 08:31:55.114 信息 [localhost-startStop-1] org.apache.catalina.startup.HostConfig.deployDirectory Deployment of web application directory I:\apache-tomcat-8.0.50\webapps\ROOT has finished in 32 ms
26-May-2018 08:31:55.114 信息 [localhost-startStop-1] org.apache.catalina.startup.HostConfig.deployDirectory Deploying web application directory I:\apache-tomcat-8.0.50\webapps\Server
26-May-2018 08:31:55.879 信息 [localhost-startStop-1] org.apache.jasper.servlet.TldScanner.scanJars At least one JAR was scanned for TLDs yet contained no TLDs. Enable debug logging for this logger for a complete list of JARs that were scanned but no TLDs were found in them. Skipping unneeded JARs during scanning can improve startup time and JSP compilation time.
26-May-2018 08:31:55.911 信息 [localhost-startStop-1] org.apache.catalina.startup.HostConfig.deployDirectory Deployment of web application directory I:\apache-tomcat-8.0.50\webapps\Server has finished in 797 ms
26-May-2018 08:31:55.911 信息 [localhost-startStop-1] org.apache.catalina.startup.HostConfig.deployDirectory Deploying web application directory I:\apache-tomcat-8.0.50\webapps\t
26-May-2018 08:31:55.942 信息 [localhost-startStop-1] org.apache.catalina.startup.HostConfig.deployDirectory Deployment of web application directory I:\apache-tomcat-8.0.50\webapps\t has finished in 31 ms
26-May-2018 08:31:55.957 信息 [main] org.apache.coyote.AbstractProtocol.start Starting ProtocolHandler ["http-apr-8080"]
26-May-2018 08:31:56.004 信息 [main] org.apache.coyote.AbstractProtocol.start Starting ProtocolHandler ["ajp-apr-8009"]
26-May-2018 08:31:56.036 信息 [main] org.apache.catalina.startup.Catalina.start Server startup in 3905 ms
26-May-2018 09:29:09.178 严重 [ajp-apr-8009-exec-3] org.apache.coyote.ajp.AjpMessage.processHeader Invalid message received with signature 5635
26-May-2018 09:29:09.574 严重 [ajp-apr-8009-exec-5] org.apache.coyote.ajp.AjpMessage.processHeader Invalid message received with signature 18245
26-May-2018 09:29:24.662 信息 [http-apr-8080-exec-2] org.apache.coyote.http11.AbstractHttp11Processor.process Error parsing HTTP request header
 Note: further occurrences of HTTP header parsing errors will be logged at DEBUG level.
 java.lang.IllegalArgumentException: Invalid character found in method name. HTTP method names must be tokens
	at org.apache.coyote.http11.InternalAprInputBuffer.parseRequestLine(InternalAprInputBuffer.java:189)
	at org.apache.coyote.http11.AbstractHttp11Processor.process(AbstractHttp11Processor.java:1045)
	at org.apache.coyote.AbstractProtocol$AbstractConnectionHandler.process(AbstractProtocol.java:684)
	at org.apache.tomcat.util.net.AprEndpoint$SocketProcessor.doRun(AprEndpoint.java:2527)
	at org.apache.tomcat.util.net.AprEndpoint$SocketProcessor.run(AprEndpoint.java:2516)
	at java.util.concurrent.ThreadPoolExecutor.runWorker(ThreadPoolExecutor.java:1142)
	at java.util.concurrent.ThreadPoolExecutor$Worker.run(ThreadPoolExecutor.java:617)
	at org.apache.tomcat.util.threads.TaskThread$WrappingRunnable.run(TaskThread.java:61)
	at java.lang.Thread.run(Thread.java:745)

26-May-2018 10:20:10.857 严重 [http-apr-8080-Acceptor-0] org.apache.tomcat.util.net.AprEndpoint$Acceptor.run Socket accept failed
 org.apache.tomcat.jni.Error: 730022: ?????????Ч?????
	at org.apache.tomcat.jni.Socket.accept(Native Method)
	at org.apache.tomcat.util.net.AprEndpoint$Acceptor.run(AprEndpoint.java:1073)
	at java.lang.Thread.run(Thread.java:745)

26-May-2018 10:20:14.401 严重 [http-apr-8080-Acceptor-0] org.apache.tomcat.util.net.AprEndpoint$Acceptor.run Socket accept failed
 org.apache.tomcat.jni.Error: 730022: ?????????Ч?????
	at org.apache.tomcat.jni.Socket.accept(Native Method)
	at org.apache.tomcat.util.net.AprEndpoint$Acceptor.run(AprEndpoint.java:1073)
	at java.lang.Thread.run(Thread.java:745)

26-May-2018 10:35:15.920 严重 [http-apr-8080-Acceptor-0] org.apache.tomcat.util.net.AprEndpoint$Acceptor.run Socket accept failed
 org.apache.tomcat.jni.Error: 730022: ?????????Ч?????
	at org.apache.tomcat.jni.Socket.accept(Native Method)
	at org.apache.tomcat.util.net.AprEndpoint$Acceptor.run(AprEndpoint.java:1073)
	at java.lang.Thread.run(Thread.java:745)

26-May-2018 10:35:16.399 严重 [http-apr-8080-Acceptor-0] org.apache.tomcat.util.net.AprEndpoint$Acceptor.run Socket accept failed
 org.apache.tomcat.jni.Error: 730022: ?????????Ч?????
	at org.apache.tomcat.jni.Socket.accept(Native Method)
	at org.apache.tomcat.util.net.AprEndpoint$Acceptor.run(AprEndpoint.java:1073)
	at java.lang.Thread.run(Thread.java:745)

26-May-2018 10:40:13.216 严重 [http-apr-8080-Acceptor-0] org.apache.tomcat.util.net.AprEndpoint$Acceptor.run Socket accept failed
 org.apache.tomcat.jni.Error: 730022: ?????????Ч?????
	at org.apache.tomcat.jni.Socket.accept(Native Method)
	at org.apache.tomcat.util.net.AprEndpoint$Acceptor.run(AprEndpoint.java:1073)
	at java.lang.Thread.run(Thread.java:745)

26-May-2018 10:53:55.621 严重 [http-apr-8080-Acceptor-0] org.apache.tomcat.util.net.AprEndpoint$Acceptor.run Socket accept failed
 org.apache.tomcat.jni.Error: 730022: ?????????Ч?????
	at org.apache.tomcat.jni.Socket.accept(Native Method)
	at org.apache.tomcat.util.net.AprEndpoint$Acceptor.run(AprEndpoint.java:1073)
	at java.lang.Thread.run(Thread.java:745)

26-May-2018 10:53:57.225 严重 [http-apr-8080-Acceptor-0] org.apache.tomcat.util.net.AprEndpoint$Acceptor.run Socket accept failed
 org.apache.tomcat.jni.Error: 730022: ?????????Ч?????
	at org.apache.tomcat.jni.Socket.accept(Native Method)
	at org.apache.tomcat.util.net.AprEndpoint$Acceptor.run(AprEndpoint.java:1073)
	at java.lang.Thread.run(Thread.java:745)

26-May-2018 10:53:58.852 严重 [http-apr-8080-Acceptor-0] org.apache.tomcat.util.net.AprEndpoint$Acceptor.run Socket accept failed
 org.apache.tomcat.jni.Error: 730022: ?????????Ч?????
	at org.apache.tomcat.jni.Socket.accept(Native Method)
	at org.apache.tomcat.util.net.AprEndpoint$Acceptor.run(AprEndpoint.java:1073)
	at java.lang.Thread.run(Thread.java:745)

26-May-2018 10:54:00.455 严重 [http-apr-8080-Acceptor-0] org.apache.tomcat.util.net.AprEndpoint$Acceptor.run Socket accept failed
 org.apache.tomcat.jni.Error: 730022: ?????????Ч?????
	at org.apache.tomcat.jni.Socket.accept(Native Method)
	at org.apache.tomcat.util.net.AprEndpoint$Acceptor.run(AprEndpoint.java:1073)
	at java.lang.Thread.run(Thread.java:745)

26-May-2018 10:54:02.058 严重 [http-apr-8080-Acceptor-0] org.apache.tomcat.util.net.AprEndpoint$Acceptor.run Socket accept failed
 org.apache.tomcat.jni.Error: 730022: ?????????Ч?????
	at org.apache.tomcat.jni.Socket.accept(Native Method)
	at org.apache.tomcat.util.net.AprEndpoint$Acceptor.run(AprEndpoint.java:1073)
	at java.lang.Thread.run(Thread.java:745)

26-May-2018 10:54:03.661 严重 [http-apr-8080-Acceptor-0] org.apache.tomcat.util.net.AprEndpoint$Acceptor.run Socket accept failed
 org.apache.tomcat.jni.Error: 730022: ?????????Ч?????
	at org.apache.tomcat.jni.Socket.accept(Native Method)
	at org.apache.tomcat.util.net.AprEndpoint$Acceptor.run(AprEndpoint.java:1073)
	at java.lang.Thread.run(Thread.java:745)

26-May-2018 10:54:05.268 严重 [http-apr-8080-Acceptor-0] org.apache.tomcat.util.net.AprEndpoint$Acceptor.run Socket accept failed
 org.apache.tomcat.jni.Error: 730022: ?????????Ч?????
	at org.apache.tomcat.jni.Socket.accept(Native Method)
	at org.apache.tomcat.util.net.AprEndpoint$Acceptor.run(AprEndpoint.java:1073)
	at java.lang.Thread.run(Thread.java:745)

26-May-2018 10:54:06.872 严重 [http-apr-8080-Acceptor-0] org.apache.tomcat.util.net.AprEndpoint$Acceptor.run Socket accept failed
 org.apache.tomcat.jni.Error: 730022: ?????????Ч?????
	at org.apache.tomcat.jni.Socket.accept(Native Method)
	at org.apache.tomcat.util.net.AprEndpoint$Acceptor.run(AprEndpoint.java:1073)
	at java.lang.Thread.run(Thread.java:745)

26-May-2018 10:54:08.482 严重 [http-apr-8080-Acceptor-0] org.apache.tomcat.util.net.AprEndpoint$Acceptor.run Socket accept failed
 org.apache.tomcat.jni.Error: 730022: ?????????Ч?????
	at org.apache.tomcat.jni.Socket.accept(Native Method)
	at org.apache.tomcat.util.net.AprEndpoint$Acceptor.run(AprEndpoint.java:1073)
	at java.lang.Thread.run(Thread.java:745)

26-May-2018 10:54:10.084 严重 [http-apr-8080-Acceptor-0] org.apache.tomcat.util.net.AprEndpoint$Acceptor.run Socket accept failed
 org.apache.tomcat.jni.Error: 730022: ?????????Ч?????
	at org.apache.tomcat.jni.Socket.accept(Native Method)
	at org.apache.tomcat.util.net.AprEndpoint$Acceptor.run(AprEndpoint.java:1073)
	at java.lang.Thread.run(Thread.java:745)

26-May-2018 10:54:11.686 严重 [http-apr-8080-Acceptor-0] org.apache.tomcat.util.net.AprEndpoint$Acceptor.run Socket accept failed
 org.apache.tomcat.jni.Error: 730022: ?????????Ч?????
	at org.apache.tomcat.jni.Socket.accept(Native Method)
	at org.apache.tomcat.util.net.AprEndpoint$Acceptor.run(AprEndpoint.java:1073)
	at java.lang.Thread.run(Thread.java:745)

26-May-2018 10:54:13.288 严重 [http-apr-8080-Acceptor-0] org.apache.tomcat.util.net.AprEndpoint$Acceptor.run Socket accept failed
 org.apache.tomcat.jni.Error: 730022: ?????????Ч?????
	at org.apache.tomcat.jni.Socket.accept(Native Method)
	at org.apache.tomcat.util.net.AprEndpoint$Acceptor.run(AprEndpoint.java:1073)
	at java.lang.Thread.run(Thread.java:745)

26-May-2018 10:54:14.892 严重 [http-apr-8080-Acceptor-0] org.apache.tomcat.util.net.AprEndpoint$Acceptor.run Socket accept failed
 org.apache.tomcat.jni.Error: 730022: ?????????Ч?????
	at org.apache.tomcat.jni.Socket.accept(Native Method)
	at org.apache.tomcat.util.net.AprEndpoint$Acceptor.run(AprEndpoint.java:1073)
	at java.lang.Thread.run(Thread.java:745)

26-May-2018 10:54:16.495 严重 [http-apr-8080-Acceptor-0] org.apache.tomcat.util.net.AprEndpoint$Acceptor.run Socket accept failed
 org.apache.tomcat.jni.Error: 730022: ?????????Ч?????
	at org.apache.tomcat.jni.Socket.accept(Native Method)
	at org.apache.tomcat.util.net.AprEndpoint$Acceptor.run(AprEndpoint.java:1073)
	at java.lang.Thread.run(Thread.java:745)

26-May-2018 10:54:18.097 严重 [http-apr-8080-Acceptor-0] org.apache.tomcat.util.net.AprEndpoint$Acceptor.run Socket accept failed
 org.apache.tomcat.jni.Error: 730022: ?????????Ч?????
	at org.apache.tomcat.jni.Socket.accept(Native Method)
	at org.apache.tomcat.util.net.AprEndpoint$Acceptor.run(AprEndpoint.java:1073)
	at java.lang.Thread.run(Thread.java:745)

26-May-2018 10:54:19.699 严重 [http-apr-8080-Acceptor-0] org.apache.tomcat.util.net.AprEndpoint$Acceptor.run Socket accept failed
 org.apache.tomcat.jni.Error: 730022: ?????????Ч?????
	at org.apache.tomcat.jni.Socket.accept(Native Method)
	at org.apache.tomcat.util.net.AprEndpoint$Acceptor.run(AprEndpoint.java:1073)
	at java.lang.Thread.run(Thread.java:745)

26-May-2018 10:54:21.302 严重 [http-apr-8080-Acceptor-0] org.apache.tomcat.util.net.AprEndpoint$Acceptor.run Socket accept failed
 org.apache.tomcat.jni.Error: 730022: ?????????Ч?????
	at org.apache.tomcat.jni.Socket.accept(Native Method)
	at org.apache.tomcat.util.net.AprEndpoint$Acceptor.run(AprEndpoint.java:1073)
	at java.lang.Thread.run(Thread.java:745)

26-May-2018 10:54:22.906 严重 [http-apr-8080-Acceptor-0] org.apache.tomcat.util.net.AprEndpoint$Acceptor.run Socket accept failed
 org.apache.tomcat.jni.Error: 730022: ?????????Ч?????
	at org.apache.tomcat.jni.Socket.accept(Native Method)
	at org.apache.tomcat.util.net.AprEndpoint$Acceptor.run(AprEndpoint.java:1073)
	at java.lang.Thread.run(Thread.java:745)

26-May-2018 10:54:24.510 严重 [http-apr-8080-Acceptor-0] org.apache.tomcat.util.net.AprEndpoint$Acceptor.run Socket accept failed
 org.apache.tomcat.jni.Error: 730022: ?????????Ч?????
	at org.apache.tomcat.jni.Socket.accept(Native Method)
	at org.apache.tomcat.util.net.AprEndpoint$Acceptor.run(AprEndpoint.java:1073)
	at java.lang.Thread.run(Thread.java:745)

26-May-2018 12:25:20.090 严重 [http-apr-8080-Acceptor-0] org.apache.tomcat.util.net.AprEndpoint$Acceptor.run Socket accept failed
 org.apache.tomcat.jni.Error: 730022: ?????????Ч?????
	at org.apache.tomcat.jni.Socket.accept(Native Method)
	at org.apache.tomcat.util.net.AprEndpoint$Acceptor.run(AprEndpoint.java:1073)
	at java.lang.Thread.run(Thread.java:745)

26-May-2018 12:25:37.954 严重 [http-apr-8080-Acceptor-0] org.apache.tomcat.util.net.AprEndpoint$Acceptor.run Socket accept failed
 org.apache.tomcat.jni.Error: 730022: ?????????Ч?????
	at org.apache.tomcat.jni.Socket.accept(Native Method)
	at org.apache.tomcat.util.net.AprEndpoint$Acceptor.run(AprEndpoint.java:1073)
	at java.lang.Thread.run(Thread.java:745)

26-May-2018 12:25:39.556 严重 [http-apr-8080-Acceptor-0] org.apache.tomcat.util.net.AprEndpoint$Acceptor.run Socket accept failed
 org.apache.tomcat.jni.Error: 730022: ?????????Ч?????
	at org.apache.tomcat.jni.Socket.accept(Native Method)
	at org.apache.tomcat.util.net.AprEndpoint$Acceptor.run(AprEndpoint.java:1073)
	at java.lang.Thread.run(Thread.java:745)

26-May-2018 12:50:48.632 严重 [http-apr-8080-Acceptor-0] org.apache.tomcat.util.net.AprEndpoint$Acceptor.run Socket accept failed
 org.apache.tomcat.jni.Error: 730022: ?????????Ч?????
	at org.apache.tomcat.jni.Socket.accept(Native Method)
	at org.apache.tomcat.util.net.AprEndpoint$Acceptor.run(AprEndpoint.java:1073)
	at java.lang.Thread.run(Thread.java:745)

26-May-2018 12:50:50.235 严重 [http-apr-8080-Acceptor-0] org.apache.tomcat.util.net.AprEndpoint$Acceptor.run Socket accept failed
 org.apache.tomcat.jni.Error: 730022: ?????????Ч?????
	at org.apache.tomcat.jni.Socket.accept(Native Method)
	at org.apache.tomcat.util.net.AprEndpoint$Acceptor.run(AprEndpoint.java:1073)
	at java.lang.Thread.run(Thread.java:745)

26-May-2018 12:51:05.956 严重 [http-apr-8080-Acceptor-0] org.apache.tomcat.util.net.AprEndpoint$Acceptor.run Socket accept failed
 org.apache.tomcat.jni.Error: 730022: ?????????Ч?????
	at org.apache.tomcat.jni.Socket.accept(Native Method)
	at org.apache.tomcat.util.net.AprEndpoint$Acceptor.run(AprEndpoint.java:1073)
	at java.lang.Thread.run(Thread.java:745)

26-May-2018 12:51:07.559 严重 [http-apr-8080-Acceptor-0] org.apache.tomcat.util.net.AprEndpoint$Acceptor.run Socket accept failed
 org.apache.tomcat.jni.Error: 730022: ?????????Ч?????
	at org.apache.tomcat.jni.Socket.accept(Native Method)
	at org.apache.tomcat.util.net.AprEndpoint$Acceptor.run(AprEndpoint.java:1073)
	at java.lang.Thread.run(Thread.java:745)

26-May-2018 12:58:47.472 严重 [http-apr-8080-Acceptor-0] org.apache.tomcat.util.net.AprEndpoint$Acceptor.run Socket accept failed
 org.apache.tomcat.jni.Error: 730022: ?????????Ч?????
	at org.apache.tomcat.jni.Socket.accept(Native Method)
	at org.apache.tomcat.util.net.AprEndpoint$Acceptor.run(AprEndpoint.java:1073)
	at java.lang.Thread.run(Thread.java:745)

26-May-2018 12:58:49.076 严重 [http-apr-8080-Acceptor-0] org.apache.tomcat.util.net.AprEndpoint$Acceptor.run Socket accept failed
 org.apache.tomcat.jni.Error: 730022: ?????????Ч?????
	at org.apache.tomcat.jni.Socket.accept(Native Method)
	at org.apache.tomcat.util.net.AprEndpoint$Acceptor.run(AprEndpoint.java:1073)
	at java.lang.Thread.run(Thread.java:745)

26-May-2018 14:05:45.990 严重 [http-apr-8080-Acceptor-0] org.apache.tomcat.util.net.AprEndpoint$Acceptor.run Socket accept failed
 org.apache.tomcat.jni.Error: 730022: ?????????Ч?????
	at org.apache.tomcat.jni.Socket.accept(Native Method)
	at org.apache.tomcat.util.net.AprEndpoint$Acceptor.run(AprEndpoint.java:1073)
	at java.lang.Thread.run(Thread.java:745)

26-May-2018 14:05:47.593 严重 [http-apr-8080-Acceptor-0] org.apache.tomcat.util.net.AprEndpoint$Acceptor.run Socket accept failed
 org.apache.tomcat.jni.Error: 730022: ?????????Ч?????
	at org.apache.tomcat.jni.Socket.accept(Native Method)
	at org.apache.tomcat.util.net.AprEndpoint$Acceptor.run(AprEndpoint.java:1073)
	at java.lang.Thread.run(Thread.java:745)

26-May-2018 14:33:48.582 严重 [http-apr-8080-Acceptor-0] org.apache.tomcat.util.net.AprEndpoint$Acceptor.run Socket accept failed
 org.apache.tomcat.jni.Error: 730022: ?????????Ч?????
	at org.apache.tomcat.jni.Socket.accept(Native Method)
	at org.apache.tomcat.util.net.AprEndpoint$Acceptor.run(AprEndpoint.java:1073)
	at java.lang.Thread.run(Thread.java:745)

26-May-2018 14:33:50.185 严重 [http-apr-8080-Acceptor-0] org.apache.tomcat.util.net.AprEndpoint$Acceptor.run Socket accept failed
 org.apache.tomcat.jni.Error: 730022: ?????????Ч?????
	at org.apache.tomcat.jni.Socket.accept(Native Method)
	at org.apache.tomcat.util.net.AprEndpoint$Acceptor.run(AprEndpoint.java:1073)
	at java.lang.Thread.run(Thread.java:745)

26-May-2018 14:40:25.486 严重 [http-apr-8080-Acceptor-0] org.apache.tomcat.util.net.AprEndpoint$Acceptor.run Socket accept failed
 org.apache.tomcat.jni.Error: 730022: ?????????Ч?????
	at org.apache.tomcat.jni.Socket.accept(Native Method)
	at org.apache.tomcat.util.net.AprEndpoint$Acceptor.run(AprEndpoint.java:1073)
	at java.lang.Thread.run(Thread.java:745)

26-May-2018 14:40:27.088 严重 [http-apr-8080-Acceptor-0] org.apache.tomcat.util.net.AprEndpoint$Acceptor.run Socket accept failed
 org.apache.tomcat.jni.Error: 730022: ?????????Ч?????
	at org.apache.tomcat.jni.Socket.accept(Native Method)
	at org.apache.tomcat.util.net.AprEndpoint$Acceptor.run(AprEndpoint.java:1073)
	at java.lang.Thread.run(Thread.java:745)

26-May-2018 14:48:11.488 严重 [http-apr-8080-Acceptor-0] org.apache.tomcat.util.net.AprEndpoint$Acceptor.run Socket accept failed
 org.apache.tomcat.jni.Error: 730022: ?????????Ч?????
	at org.apache.tomcat.jni.Socket.accept(Native Method)
	at org.apache.tomcat.util.net.AprEndpoint$Acceptor.run(AprEndpoint.java:1073)
	at java.lang.Thread.run(Thread.java:745)

26-May-2018 14:48:15.766 严重 [http-apr-8080-Acceptor-0] org.apache.tomcat.util.net.AprEndpoint$Acceptor.run Socket accept failed
 org.apache.tomcat.jni.Error: 730022: ?????????Ч?????
	at org.apache.tomcat.jni.Socket.accept(Native Method)
	at org.apache.tomcat.util.net.AprEndpoint$Acceptor.run(AprEndpoint.java:1073)
	at java.lang.Thread.run(Thread.java:745)

26-May-2018 15:05:07.952 严重 [http-apr-8080-Acceptor-0] org.apache.tomcat.util.net.AprEndpoint$Acceptor.run Socket accept failed
 org.apache.tomcat.jni.Error: 730022: ?????????Ч?????
	at org.apache.tomcat.jni.Socket.accept(Native Method)
	at org.apache.tomcat.util.net.AprEndpoint$Acceptor.run(AprEndpoint.java:1073)
	at java.lang.Thread.run(Thread.java:745)

26-May-2018 15:05:11.498 严重 [http-apr-8080-Acceptor-0] org.apache.tomcat.util.net.AprEndpoint$Acceptor.run Socket accept failed
 org.apache.tomcat.jni.Error: 730022: ?????????Ч?????
	at org.apache.tomcat.jni.Socket.accept(Native Method)
	at org.apache.tomcat.util.net.AprEndpoint$Acceptor.run(AprEndpoint.java:1073)
	at java.lang.Thread.run(Thread.java:745)

26-May-2018 15:11:39.095 严重 [http-apr-8080-Acceptor-0] org.apache.tomcat.util.net.AprEndpoint$Acceptor.run Socket accept failed
 org.apache.tomcat.jni.Error: 730022: ?????????Ч?????
	at org.apache.tomcat.jni.Socket.accept(Native Method)
	at org.apache.tomcat.util.net.AprEndpoint$Acceptor.run(AprEndpoint.java:1073)
	at java.lang.Thread.run(Thread.java:745)

26-May-2018 15:11:41.400 严重 [http-apr-8080-Acceptor-0] org.apache.tomcat.util.net.AprEndpoint$Acceptor.run Socket accept failed
 org.apache.tomcat.jni.Error: 730022: ?????????Ч?????
	at org.apache.tomcat.jni.Socket.accept(Native Method)
	at org.apache.tomcat.util.net.AprEndpoint$Acceptor.run(AprEndpoint.java:1073)
	at java.lang.Thread.run(Thread.java:745)

26-May-2018 15:47:07.651 严重 [http-apr-8080-Acceptor-0] org.apache.tomcat.util.net.AprEndpoint$Acceptor.run Socket accept failed
 org.apache.tomcat.jni.Error: 730022: ?????????Ч?????
	at org.apache.tomcat.jni.Socket.accept(Native Method)
	at org.apache.tomcat.util.net.AprEndpoint$Acceptor.run(AprEndpoint.java:1073)
	at java.lang.Thread.run(Thread.java:745)

26-May-2018 15:47:09.268 严重 [http-apr-8080-Acceptor-0] org.apache.tomcat.util.net.AprEndpoint$Acceptor.run Socket accept failed
 org.apache.tomcat.jni.Error: 730022: ?????????Ч?????
	at org.apache.tomcat.jni.Socket.accept(Native Method)
	at org.apache.tomcat.util.net.AprEndpoint$Acceptor.run(AprEndpoint.java:1073)
	at java.lang.Thread.run(Thread.java:745)

26-May-2018 15:49:09.530 严重 [http-apr-8080-Acceptor-0] org.apache.tomcat.util.net.AprEndpoint$Acceptor.run Socket accept failed
 org.apache.tomcat.jni.Error: 730022: ?????????Ч?????
	at org.apache.tomcat.jni.Socket.accept(Native Method)
	at org.apache.tomcat.util.net.AprEndpoint$Acceptor.run(AprEndpoint.java:1073)
	at java.lang.Thread.run(Thread.java:745)

26-May-2018 15:49:11.133 严重 [http-apr-8080-Acceptor-0] org.apache.tomcat.util.net.AprEndpoint$Acceptor.run Socket accept failed
 org.apache.tomcat.jni.Error: 730022: ?????????Ч?????
	at org.apache.tomcat.jni.Socket.accept(Native Method)
	at org.apache.tomcat.util.net.AprEndpoint$Acceptor.run(AprEndpoint.java:1073)
	at java.lang.Thread.run(Thread.java:745)

26-May-2018 16:00:28.136 严重 [http-apr-8080-Acceptor-0] org.apache.tomcat.util.net.AprEndpoint$Acceptor.run Socket accept failed
 org.apache.tomcat.jni.Error: 730022: ?????????Ч?????
	at org.apache.tomcat.jni.Socket.accept(Native Method)
	at org.apache.tomcat.util.net.AprEndpoint$Acceptor.run(AprEndpoint.java:1073)
	at java.lang.Thread.run(Thread.java:745)

26-May-2018 16:00:29.737 严重 [http-apr-8080-Acceptor-0] org.apache.tomcat.util.net.AprEndpoint$Acceptor.run Socket accept failed
 org.apache.tomcat.jni.Error: 730022: ?????????Ч?????
	at org.apache.tomcat.jni.Socket.accept(Native Method)
	at org.apache.tomcat.util.net.AprEndpoint$Acceptor.run(AprEndpoint.java:1073)
	at java.lang.Thread.run(Thread.java:745)

26-May-2018 16:45:56.973 严重 [http-apr-8080-Acceptor-0] org.apache.tomcat.util.net.AprEndpoint$Acceptor.run Socket accept failed
 org.apache.tomcat.jni.Error: 730022: ?????????Ч?????
	at org.apache.tomcat.jni.Socket.accept(Native Method)
	at org.apache.tomcat.util.net.AprEndpoint$Acceptor.run(AprEndpoint.java:1073)
	at java.lang.Thread.run(Thread.java:745)

26-May-2018 17:09:44.666 严重 [http-apr-8080-Acceptor-0] org.apache.tomcat.util.net.AprEndpoint$Acceptor.run Socket accept failed
 org.apache.tomcat.jni.Error: 730022: ?????????Ч?????
	at org.apache.tomcat.jni.Socket.accept(Native Method)
	at org.apache.tomcat.util.net.AprEndpoint$Acceptor.run(AprEndpoint.java:1073)
	at java.lang.Thread.run(Thread.java:745)

26-May-2018 17:09:46.274 严重 [http-apr-8080-Acceptor-0] org.apache.tomcat.util.net.AprEndpoint$Acceptor.run Socket accept failed
 org.apache.tomcat.jni.Error: 730022: ?????????Ч?????
	at org.apache.tomcat.jni.Socket.accept(Native Method)
	at org.apache.tomcat.util.net.AprEndpoint$Acceptor.run(AprEndpoint.java:1073)
	at java.lang.Thread.run(Thread.java:745)

26-May-2018 17:30:24.068 严重 [http-apr-8080-Acceptor-0] org.apache.tomcat.util.net.AprEndpoint$Acceptor.run Socket accept failed
 org.apache.tomcat.jni.Error: 730022: ?????????Ч?????
	at org.apache.tomcat.jni.Socket.accept(Native Method)
	at org.apache.tomcat.util.net.AprEndpoint$Acceptor.run(AprEndpoint.java:1073)
	at java.lang.Thread.run(Thread.java:745)

26-May-2018 17:32:54.013 严重 [http-apr-8080-Acceptor-0] org.apache.tomcat.util.net.AprEndpoint$Acceptor.run Socket accept failed
 org.apache.tomcat.jni.Error: 730022: ?????????Ч?????
	at org.apache.tomcat.jni.Socket.accept(Native Method)
	at org.apache.tomcat.util.net.AprEndpoint$Acceptor.run(AprEndpoint.java:1073)
	at java.lang.Thread.run(Thread.java:745)

26-May-2018 17:50:04.871 严重 [http-apr-8080-Acceptor-0] org.apache.tomcat.util.net.AprEndpoint$Acceptor.run Socket accept failed
 org.apache.tomcat.jni.Error: 730022: ?????????Ч?????
	at org.apache.tomcat.jni.Socket.accept(Native Method)
	at org.apache.tomcat.util.net.AprEndpoint$Acceptor.run(AprEndpoint.java:1073)
	at java.lang.Thread.run(Thread.java:745)

26-May-2018 17:50:06.478 严重 [http-apr-8080-Acceptor-0] org.apache.tomcat.util.net.AprEndpoint$Acceptor.run Socket accept failed
 org.apache.tomcat.jni.Error: 730022: ?????????Ч?????
	at org.apache.tomcat.jni.Socket.accept(Native Method)
	at org.apache.tomcat.util.net.AprEndpoint$Acceptor.run(AprEndpoint.java:1073)
	at java.lang.Thread.run(Thread.java:745)

26-May-2018 17:56:29.725 严重 [http-apr-8080-Acceptor-0] org.apache.tomcat.util.net.AprEndpoint$Acceptor.run Socket accept failed
 org.apache.tomcat.jni.Error: 730022: ?????????Ч?????
	at org.apache.tomcat.jni.Socket.accept(Native Method)
	at org.apache.tomcat.util.net.AprEndpoint$Acceptor.run(AprEndpoint.java:1073)
	at java.lang.Thread.run(Thread.java:745)

26-May-2018 17:56:31.331 严重 [http-apr-8080-Acceptor-0] org.apache.tomcat.util.net.AprEndpoint$Acceptor.run Socket accept failed
 org.apache.tomcat.jni.Error: 730022: ?????????Ч?????
	at org.apache.tomcat.jni.Socket.accept(Native Method)
	at org.apache.tomcat.util.net.AprEndpoint$Acceptor.run(AprEndpoint.java:1073)
	at java.lang.Thread.run(Thread.java:745)

26-May-2018 18:44:41.386 严重 [http-apr-8080-Acceptor-0] org.apache.tomcat.util.net.AprEndpoint$Acceptor.run Socket accept failed
 org.apache.tomcat.jni.Error: 730022: ?????????Ч?????
	at org.apache.tomcat.jni.Socket.accept(Native Method)
	at org.apache.tomcat.util.net.AprEndpoint$Acceptor.run(AprEndpoint.java:1073)
	at java.lang.Thread.run(Thread.java:745)

26-May-2018 18:44:42.993 严重 [http-apr-8080-Acceptor-0] org.apache.tomcat.util.net.AprEndpoint$Acceptor.run Socket accept failed
 org.apache.tomcat.jni.Error: 730022: ?????????Ч?????
	at org.apache.tomcat.jni.Socket.accept(Native Method)
	at org.apache.tomcat.util.net.AprEndpoint$Acceptor.run(AprEndpoint.java:1073)
	at java.lang.Thread.run(Thread.java:745)

26-May-2018 18:54:36.377 严重 [http-apr-8080-Acceptor-0] org.apache.tomcat.util.net.AprEndpoint$Acceptor.run Socket accept failed
 org.apache.tomcat.jni.Error: 730022: ?????????Ч?????
	at org.apache.tomcat.jni.Socket.accept(Native Method)
	at org.apache.tomcat.util.net.AprEndpoint$Acceptor.run(AprEndpoint.java:1073)
	at java.lang.Thread.run(Thread.java:745)

26-May-2018 18:54:37.980 严重 [http-apr-8080-Acceptor-0] org.apache.tomcat.util.net.AprEndpoint$Acceptor.run Socket accept failed
 org.apache.tomcat.jni.Error: 730022: ?????????Ч?????
	at org.apache.tomcat.jni.Socket.accept(Native Method)
	at org.apache.tomcat.util.net.AprEndpoint$Acceptor.run(AprEndpoint.java:1073)
	at java.lang.Thread.run(Thread.java:745)

26-May-2018 21:29:58.739 严重 [http-apr-8080-Acceptor-0] org.apache.tomcat.util.net.AprEndpoint$Acceptor.run Socket accept failed
 org.apache.tomcat.jni.Error: 730022: ?????????Ч?????
	at org.apache.tomcat.jni.Socket.accept(Native Method)
	at org.apache.tomcat.util.net.AprEndpoint$Acceptor.run(AprEndpoint.java:1073)
	at java.lang.Thread.run(Thread.java:745)

26-May-2018 21:30:00.379 严重 [http-apr-8080-Acceptor-0] org.apache.tomcat.util.net.AprEndpoint$Acceptor.run Socket accept failed
 org.apache.tomcat.jni.Error: 730022: ?????????Ч?????
	at org.apache.tomcat.jni.Socket.accept(Native Method)
	at org.apache.tomcat.util.net.AprEndpoint$Acceptor.run(AprEndpoint.java:1073)
	at java.lang.Thread.run(Thread.java:745)

26-May-2018 21:39:03.896 严重 [http-apr-8080-Acceptor-0] org.apache.tomcat.util.net.AprEndpoint$Acceptor.run Socket accept failed
 org.apache.tomcat.jni.Error: 730022: ?????????Ч?????
	at org.apache.tomcat.jni.Socket.accept(Native Method)
	at org.apache.tomcat.util.net.AprEndpoint$Acceptor.run(AprEndpoint.java:1073)
	at java.lang.Thread.run(Thread.java:745)

26-May-2018 21:39:05.505 严重 [http-apr-8080-Acceptor-0] org.apache.tomcat.util.net.AprEndpoint$Acceptor.run Socket accept failed
 org.apache.tomcat.jni.Error: 730022: ?????????Ч?????
	at org.apache.tomcat.jni.Socket.accept(Native Method)
	at org.apache.tomcat.util.net.AprEndpoint$Acceptor.run(AprEndpoint.java:1073)
	at java.lang.Thread.run(Thread.java:745)

26-May-2018 21:43:33.287 严重 [http-apr-8080-Acceptor-0] org.apache.tomcat.util.net.AprEndpoint$Acceptor.run Socket accept failed
 org.apache.tomcat.jni.Error: 730022: ?????????Ч?????
	at org.apache.tomcat.jni.Socket.accept(Native Method)
	at org.apache.tomcat.util.net.AprEndpoint$Acceptor.run(AprEndpoint.java:1073)
	at java.lang.Thread.run(Thread.java:745)

26-May-2018 21:59:57.901 严重 [http-apr-8080-Acceptor-0] org.apache.tomcat.util.net.AprEndpoint$Acceptor.run Socket accept failed
 org.apache.tomcat.jni.Error: 730022: ?????????Ч?????
	at org.apache.tomcat.jni.Socket.accept(Native Method)
	at org.apache.tomcat.util.net.AprEndpoint$Acceptor.run(AprEndpoint.java:1073)
	at java.lang.Thread.run(Thread.java:745)

26-May-2018 21:59:59.510 严重 [http-apr-8080-Acceptor-0] org.apache.tomcat.util.net.AprEndpoint$Acceptor.run Socket accept failed
 org.apache.tomcat.jni.Error: 730022: ?????????Ч?????
	at org.apache.tomcat.jni.Socket.accept(Native Method)
	at org.apache.tomcat.util.net.AprEndpoint$Acceptor.run(AprEndpoint.java:1073)
	at java.lang.Thread.run(Thread.java:745)

26-May-2018 22:14:58.328 严重 [http-apr-8080-Acceptor-0] org.apache.tomcat.util.net.AprEndpoint$Acceptor.run Socket accept failed
 org.apache.tomcat.jni.Error: 730022: ?????????Ч?????
	at org.apache.tomcat.jni.Socket.accept(Native Method)
	at org.apache.tomcat.util.net.AprEndpoint$Acceptor.run(AprEndpoint.java:1073)
	at java.lang.Thread.run(Thread.java:745)

26-May-2018 23:10:03.878 严重 [http-apr-8080-Acceptor-0] org.apache.tomcat.util.net.AprEndpoint$Acceptor.run Socket accept failed
 org.apache.tomcat.jni.Error: 730022: ?????????Ч?????
	at org.apache.tomcat.jni.Socket.accept(Native Method)
	at org.apache.tomcat.util.net.AprEndpoint$Acceptor.run(AprEndpoint.java:1073)
	at java.lang.Thread.run(Thread.java:745)

26-May-2018 23:10:05.510 严重 [http-apr-8080-Acceptor-0] org.apache.tomcat.util.net.AprEndpoint$Acceptor.run Socket accept failed
 org.apache.tomcat.jni.Error: 730022: ?????????Ч?????
	at org.apache.tomcat.jni.Socket.accept(Native Method)
	at org.apache.tomcat.util.net.AprEndpoint$Acceptor.run(AprEndpoint.java:1073)
	at java.lang.Thread.run(Thread.java:745)

26-May-2018 23:32:24.829 严重 [http-apr-8080-Acceptor-0] org.apache.tomcat.util.net.AprEndpoint$Acceptor.run Socket accept failed
 org.apache.tomcat.jni.Error: 730022: ?????????Ч?????
	at org.apache.tomcat.jni.Socket.accept(Native Method)
	at org.apache.tomcat.util.net.AprEndpoint$Acceptor.run(AprEndpoint.java:1073)
	at java.lang.Thread.run(Thread.java:745)

26-May-2018 23:32:26.441 严重 [http-apr-8080-Acceptor-0] org.apache.tomcat.util.net.AprEndpoint$Acceptor.run Socket accept failed
 org.apache.tomcat.jni.Error: 730022: ?????????Ч?????
	at org.apache.tomcat.jni.Socket.accept(Native Method)
	at org.apache.tomcat.util.net.AprEndpoint$Acceptor.run(AprEndpoint.java:1073)
	at java.lang.Thread.run(Thread.java:745)

26-May-2018 23:44:44.085 严重 [http-apr-8080-Acceptor-0] org.apache.tomcat.util.net.AprEndpoint$Acceptor.run Socket accept failed
 org.apache.tomcat.jni.Error: 730022: ?????????Ч?????
	at org.apache.tomcat.jni.Socket.accept(Native Method)
	at org.apache.tomcat.util.net.AprEndpoint$Acceptor.run(AprEndpoint.java:1073)
	at java.lang.Thread.run(Thread.java:745)

26-May-2018 23:44:49.796 严重 [http-apr-8080-Acceptor-0] org.apache.tomcat.util.net.AprEndpoint$Acceptor.run Socket accept failed
 org.apache.tomcat.jni.Error: 730022: ?????????Ч?????
	at org.apache.tomcat.jni.Socket.accept(Native Method)
	at org.apache.tomcat.util.net.AprEndpoint$Acceptor.run(AprEndpoint.java:1073)
	at java.lang.Thread.run(Thread.java:745)

