10-Sep-2018 22:04:41.417 信息 [main] org.apache.catalina.startup.VersionLoggerListener.log Server version:        Apache Tomcat/8.0.50
10-Sep-2018 22:04:41.424 信息 [main] org.apache.catalina.startup.VersionLoggerListener.log Server built:          Feb 7 2018 20:06:05 UTC
10-Sep-2018 22:04:41.436 信息 [main] org.apache.catalina.startup.VersionLoggerListener.log Server number:         8.0.50.0
10-Sep-2018 22:04:41.436 信息 [main] org.apache.catalina.startup.VersionLoggerListener.log OS Name:               Windows 10
10-Sep-2018 22:04:41.436 信息 [main] org.apache.catalina.startup.VersionLoggerListener.log OS Version:            10.0
10-Sep-2018 22:04:41.436 信息 [main] org.apache.catalina.startup.VersionLoggerListener.log Architecture:          amd64
10-Sep-2018 22:04:41.436 信息 [main] org.apache.catalina.startup.VersionLoggerListener.log Java Home:             C:\Program Files\Java\jdk1.8.0_111\jre
10-Sep-2018 22:04:41.436 信息 [main] org.apache.catalina.startup.VersionLoggerListener.log JVM Version:           1.8.0_111-b14
10-Sep-2018 22:04:41.437 信息 [main] org.apache.catalina.startup.VersionLoggerListener.log JVM Vendor:            Oracle Corporation
10-Sep-2018 22:04:41.437 信息 [main] org.apache.catalina.startup.VersionLoggerListener.log CATALINA_BASE:         I:\apache-tomcat-8.0.50
10-Sep-2018 22:04:41.437 信息 [main] org.apache.catalina.startup.VersionLoggerListener.log CATALINA_HOME:         I:\apache-tomcat-8.0.50
10-Sep-2018 22:04:41.437 信息 [main] org.apache.catalina.startup.VersionLoggerListener.log Command line argument: -Djava.util.logging.config.file=I:\apache-tomcat-8.0.50\conf\logging.properties
10-Sep-2018 22:04:41.438 信息 [main] org.apache.catalina.startup.VersionLoggerListener.log Command line argument: -Djava.util.logging.manager=org.apache.juli.ClassLoaderLogManager
10-Sep-2018 22:04:41.438 信息 [main] org.apache.catalina.startup.VersionLoggerListener.log Command line argument: -Djdk.tls.ephemeralDHKeySize=2048
10-Sep-2018 22:04:41.438 信息 [main] org.apache.catalina.startup.VersionLoggerListener.log Command line argument: -Djava.protocol.handler.pkgs=org.apache.catalina.webresources
10-Sep-2018 22:04:41.438 信息 [main] org.apache.catalina.startup.VersionLoggerListener.log Command line argument: -Dignore.endorsed.dirs=
10-Sep-2018 22:04:41.439 信息 [main] org.apache.catalina.startup.VersionLoggerListener.log Command line argument: -Dcatalina.base=I:\apache-tomcat-8.0.50
10-Sep-2018 22:04:41.440 信息 [main] org.apache.catalina.startup.VersionLoggerListener.log Command line argument: -Dcatalina.home=I:\apache-tomcat-8.0.50
10-Sep-2018 22:04:41.442 信息 [main] org.apache.catalina.startup.VersionLoggerListener.log Command line argument: -Djava.io.tmpdir=I:\apache-tomcat-8.0.50\temp
10-Sep-2018 22:04:41.443 信息 [main] org.apache.catalina.core.AprLifecycleListener.lifecycleEvent Loaded APR based Apache Tomcat Native library 1.2.16 using APR version 1.6.3.
10-Sep-2018 22:04:41.449 信息 [main] org.apache.catalina.core.AprLifecycleListener.lifecycleEvent APR capabilities: IPv6 [true], sendfile [true], accept filters [false], random [true].
10-Sep-2018 22:04:42.462 信息 [main] org.apache.catalina.core.AprLifecycleListener.initializeSSL OpenSSL successfully initialized (OpenSSL 1.0.2m  2 Nov 2017)
10-Sep-2018 22:04:42.620 信息 [main] org.apache.coyote.AbstractProtocol.init Initializing ProtocolHandler ["http-apr-8080"]
10-Sep-2018 22:04:42.655 信息 [main] org.apache.coyote.AbstractProtocol.init Initializing ProtocolHandler ["ajp-apr-8009"]
10-Sep-2018 22:04:42.660 信息 [main] org.apache.catalina.startup.Catalina.load Initialization processed in 1667 ms
10-Sep-2018 22:04:42.699 信息 [main] org.apache.catalina.core.StandardService.startInternal Starting service Catalina
10-Sep-2018 22:04:42.700 信息 [main] org.apache.catalina.core.StandardEngine.startInternal Starting Servlet Engine: Apache Tomcat/8.0.50
10-Sep-2018 22:04:42.726 信息 [localhost-startStop-1] org.apache.catalina.startup.HostConfig.deployDirectory Deploying web application directory I:\apache-tomcat-8.0.50\webapps\comet4j-master
10-Sep-2018 22:04:43.178 警告 [localhost-startStop-1] org.apache.catalina.util.SessionIdGeneratorBase.createSecureRandom Creation of SecureRandom instance for session ID generation using [SHA1PRNG] took [112] milliseconds.
10-Sep-2018 22:04:43.202 信息 [localhost-startStop-1] org.apache.catalina.startup.HostConfig.deployDirectory Deployment of web application directory I:\apache-tomcat-8.0.50\webapps\comet4j-master has finished in 476 ms
10-Sep-2018 22:04:43.258 信息 [localhost-startStop-1] org.apache.catalina.startup.HostConfig.deployDirectory Deploying web application directory I:\apache-tomcat-8.0.50\webapps\docs
10-Sep-2018 22:04:43.307 信息 [localhost-startStop-1] org.apache.catalina.startup.HostConfig.deployDirectory Deployment of web application directory I:\apache-tomcat-8.0.50\webapps\docs has finished in 48 ms
10-Sep-2018 22:04:43.307 信息 [localhost-startStop-1] org.apache.catalina.startup.HostConfig.deployDirectory Deploying web application directory I:\apache-tomcat-8.0.50\webapps\examples
10-Sep-2018 22:04:43.766 信息 [localhost-startStop-1] org.apache.catalina.startup.HostConfig.deployDirectory Deployment of web application directory I:\apache-tomcat-8.0.50\webapps\examples has finished in 459 ms
10-Sep-2018 22:04:43.767 信息 [localhost-startStop-1] org.apache.catalina.startup.HostConfig.deployDirectory Deploying web application directory I:\apache-tomcat-8.0.50\webapps\host-manager
10-Sep-2018 22:04:43.811 信息 [localhost-startStop-1] org.apache.catalina.startup.HostConfig.deployDirectory Deployment of web application directory I:\apache-tomcat-8.0.50\webapps\host-manager has finished in 44 ms
10-Sep-2018 22:04:43.811 信息 [localhost-startStop-1] org.apache.catalina.startup.HostConfig.deployDirectory Deploying web application directory I:\apache-tomcat-8.0.50\webapps\jk
10-Sep-2018 22:04:44.428 信息 [localhost-startStop-1] org.apache.jasper.servlet.TldScanner.scanJars At least one JAR was scanned for TLDs yet contained no TLDs. Enable debug logging for this logger for a complete list of JARs that were scanned but no TLDs were found in them. Skipping unneeded JARs during scanning can improve startup time and JSP compilation time.
10-Sep-2018 22:04:45.142 信息 [localhost-startStop-1] org.apache.catalina.startup.HostConfig.deployDirectory Deployment of web application directory I:\apache-tomcat-8.0.50\webapps\jk has finished in 1,331 ms
10-Sep-2018 22:04:45.142 信息 [localhost-startStop-1] org.apache.catalina.startup.HostConfig.deployDirectory Deploying web application directory I:\apache-tomcat-8.0.50\webapps\manager
10-Sep-2018 22:04:45.185 信息 [localhost-startStop-1] org.apache.catalina.startup.HostConfig.deployDirectory Deployment of web application directory I:\apache-tomcat-8.0.50\webapps\manager has finished in 42 ms
10-Sep-2018 22:04:45.189 信息 [localhost-startStop-1] org.apache.catalina.startup.HostConfig.deployDirectory Deploying web application directory I:\apache-tomcat-8.0.50\webapps\ROOT
10-Sep-2018 22:04:45.218 信息 [localhost-startStop-1] org.apache.catalina.startup.HostConfig.deployDirectory Deployment of web application directory I:\apache-tomcat-8.0.50\webapps\ROOT has finished in 28 ms
10-Sep-2018 22:04:45.218 信息 [localhost-startStop-1] org.apache.catalina.startup.HostConfig.deployDirectory Deploying web application directory I:\apache-tomcat-8.0.50\webapps\Serve
10-Sep-2018 22:04:45.836 信息 [localhost-startStop-1] org.apache.jasper.servlet.TldScanner.scanJars At least one JAR was scanned for TLDs yet contained no TLDs. Enable debug logging for this logger for a complete list of JARs that were scanned but no TLDs were found in them. Skipping unneeded JARs during scanning can improve startup time and JSP compilation time.
10-Sep-2018 22:04:45.875 信息 [localhost-startStop-1] org.apache.catalina.startup.HostConfig.deployDirectory Deployment of web application directory I:\apache-tomcat-8.0.50\webapps\Serve has finished in 656 ms
10-Sep-2018 22:04:45.875 信息 [localhost-startStop-1] org.apache.catalina.startup.HostConfig.deployDirectory Deploying web application directory I:\apache-tomcat-8.0.50\webapps\Server
10-Sep-2018 22:04:46.422 信息 [localhost-startStop-1] org.apache.jasper.servlet.TldScanner.scanJars At least one JAR was scanned for TLDs yet contained no TLDs. Enable debug logging for this logger for a complete list of JARs that were scanned but no TLDs were found in them. Skipping unneeded JARs during scanning can improve startup time and JSP compilation time.
10-Sep-2018 22:04:46.460 信息 [localhost-startStop-1] org.apache.catalina.startup.HostConfig.deployDirectory Deployment of web application directory I:\apache-tomcat-8.0.50\webapps\Server has finished in 584 ms
10-Sep-2018 22:04:46.461 信息 [localhost-startStop-1] org.apache.catalina.startup.HostConfig.deployDirectory Deploying web application directory I:\apache-tomcat-8.0.50\webapps\t
10-Sep-2018 22:04:46.504 信息 [localhost-startStop-1] org.apache.catalina.startup.HostConfig.deployDirectory Deployment of web application directory I:\apache-tomcat-8.0.50\webapps\t has finished in 44 ms
10-Sep-2018 22:04:46.511 信息 [main] org.apache.coyote.AbstractProtocol.start Starting ProtocolHandler ["http-apr-8080"]
10-Sep-2018 22:04:46.597 信息 [main] org.apache.coyote.AbstractProtocol.start Starting ProtocolHandler ["ajp-apr-8009"]
10-Sep-2018 22:04:46.659 信息 [main] org.apache.catalina.startup.Catalina.start Server startup in 3999 ms
