25-Mar-2018 23:18:06.933 严重 [main] org.apache.catalina.startup.Catalina.stopServer Could not contact localhost:49999. Tomcat may not be running.
25-Mar-2018 23:18:10.796 警告 [main] org.apache.tomcat.util.digester.SetPropertiesRule.begin [SetPropertiesRule]{Server/Service/Engine/Host/Context} Setting property 'source' to 'org.eclipse.jst.jee.server:ticket' did not find a matching property.
25-Mar-2018 23:18:10.816 信息 [main] org.apache.catalina.startup.VersionLoggerListener.log Server version:        Apache Tomcat/8.0.50
25-Mar-2018 23:18:10.816 信息 [main] org.apache.catalina.startup.VersionLoggerListener.log Server built:          Feb 7 2018 20:06:05 UTC
25-Mar-2018 23:18:10.817 信息 [main] org.apache.catalina.startup.VersionLoggerListener.log Server number:         8.0.50.0
25-Mar-2018 23:18:10.817 信息 [main] org.apache.catalina.startup.VersionLoggerListener.log OS Name:               Windows 10
25-Mar-2018 23:18:10.817 信息 [main] org.apache.catalina.startup.VersionLoggerListener.log OS Version:            10.0
25-Mar-2018 23:18:10.817 信息 [main] org.apache.catalina.startup.VersionLoggerListener.log Architecture:          amd64
25-Mar-2018 23:18:10.817 信息 [main] org.apache.catalina.startup.VersionLoggerListener.log Java Home:             C:\Program Files\Java\jdk1.8.0_111\jre
25-Mar-2018 23:18:10.818 信息 [main] org.apache.catalina.startup.VersionLoggerListener.log JVM Version:           1.8.0_111-b14
25-Mar-2018 23:18:10.818 信息 [main] org.apache.catalina.startup.VersionLoggerListener.log JVM Vendor:            Oracle Corporation
25-Mar-2018 23:18:10.818 信息 [main] org.apache.catalina.startup.VersionLoggerListener.log CATALINA_BASE:         H:\apache-tomcat-8.0.50
25-Mar-2018 23:18:10.818 信息 [main] org.apache.catalina.startup.VersionLoggerListener.log CATALINA_HOME:         H:\apache-tomcat-8.0.50
25-Mar-2018 23:18:10.819 信息 [main] org.apache.catalina.startup.VersionLoggerListener.log Command line argument: -Djava.util.logging.config.file=H:\apache-tomcat-8.0.50\conf\logging.properties
25-Mar-2018 23:18:10.819 信息 [main] org.apache.catalina.startup.VersionLoggerListener.log Command line argument: -Djava.util.logging.manager=org.apache.juli.ClassLoaderLogManager
25-Mar-2018 23:18:10.819 信息 [main] org.apache.catalina.startup.VersionLoggerListener.log Command line argument: -Djdk.tls.ephemeralDHKeySize=2048
25-Mar-2018 23:18:10.819 信息 [main] org.apache.catalina.startup.VersionLoggerListener.log Command line argument: -Djava.protocol.handler.pkgs=org.apache.catalina.webresources
25-Mar-2018 23:18:10.820 信息 [main] org.apache.catalina.startup.VersionLoggerListener.log Command line argument: -Dignore.endorsed.dirs=
25-Mar-2018 23:18:10.820 信息 [main] org.apache.catalina.startup.VersionLoggerListener.log Command line argument: -Dcatalina.base=H:\apache-tomcat-8.0.50
25-Mar-2018 23:18:10.822 信息 [main] org.apache.catalina.startup.VersionLoggerListener.log Command line argument: -Dcatalina.home=H:\apache-tomcat-8.0.50
25-Mar-2018 23:18:10.827 信息 [main] org.apache.catalina.startup.VersionLoggerListener.log Command line argument: -Djava.io.tmpdir=H:\apache-tomcat-8.0.50\temp
25-Mar-2018 23:18:10.828 信息 [main] org.apache.catalina.core.AprLifecycleListener.lifecycleEvent Loaded APR based Apache Tomcat Native library 1.2.16 using APR version 1.6.3.
25-Mar-2018 23:18:10.829 信息 [main] org.apache.catalina.core.AprLifecycleListener.lifecycleEvent APR capabilities: IPv6 [true], sendfile [true], accept filters [false], random [true].
25-Mar-2018 23:18:11.925 信息 [main] org.apache.catalina.core.AprLifecycleListener.initializeSSL OpenSSL successfully initialized (OpenSSL 1.0.2m  2 Nov 2017)
25-Mar-2018 23:18:12.198 信息 [main] org.apache.coyote.AbstractProtocol.init Initializing ProtocolHandler ["http-apr-50000"]
25-Mar-2018 23:18:12.223 信息 [main] org.apache.coyote.AbstractProtocol.init Initializing ProtocolHandler ["ajp-apr-50001"]
25-Mar-2018 23:18:12.228 信息 [main] org.apache.catalina.startup.Catalina.load Initialization processed in 2268 ms
25-Mar-2018 23:18:12.280 信息 [main] org.apache.catalina.core.StandardService.startInternal Starting service Catalina
25-Mar-2018 23:18:12.282 信息 [main] org.apache.catalina.core.StandardEngine.startInternal Starting Servlet Engine: Apache Tomcat/8.0.50
25-Mar-2018 23:18:12.370 严重 [Catalina-startStop-1] org.apache.catalina.core.ContainerBase.startInternal A child container failed during start
 java.util.concurrent.ExecutionException: org.apache.catalina.LifecycleException: Failed to start component [StandardEngine[Catalina].StandardHost[localhost].StandardContext[/ticket]]
	at java.util.concurrent.FutureTask.report(FutureTask.java:122)
	at java.util.concurrent.FutureTask.get(FutureTask.java:192)
	at org.apache.catalina.core.ContainerBase.startInternal(ContainerBase.java:943)
	at org.apache.catalina.core.StandardHost.startInternal(StandardHost.java:871)
	at org.apache.catalina.util.LifecycleBase.start(LifecycleBase.java:145)
	at org.apache.catalina.core.ContainerBase$StartChild.call(ContainerBase.java:1408)
	at org.apache.catalina.core.ContainerBase$StartChild.call(ContainerBase.java:1398)
	at java.util.concurrent.FutureTask.run(FutureTask.java:266)
	at java.util.concurrent.ThreadPoolExecutor.runWorker(ThreadPoolExecutor.java:1142)
	at java.util.concurrent.ThreadPoolExecutor$Worker.run(ThreadPoolExecutor.java:617)
	at java.lang.Thread.run(Thread.java:745)
Caused by: org.apache.catalina.LifecycleException: Failed to start component [StandardEngine[Catalina].StandardHost[localhost].StandardContext[/ticket]]
	at org.apache.catalina.util.LifecycleBase.start(LifecycleBase.java:162)
	... 6 more
Caused by: org.apache.catalina.LifecycleException: Failed to start component [org.apache.catalina.webresources.StandardRoot@7ed78234]
	at org.apache.catalina.util.LifecycleBase.start(LifecycleBase.java:162)
	at org.apache.catalina.core.StandardContext.resourcesStart(StandardContext.java:4977)
	at org.apache.catalina.core.StandardContext.startInternal(StandardContext.java:5110)
	at org.apache.catalina.util.LifecycleBase.start(LifecycleBase.java:145)
	... 6 more
Caused by: java.lang.IllegalArgumentException: The main resource set specified [H:\apache-tomcat-8.0.50\webapps\ticket] is not valid
	at org.apache.catalina.webresources.StandardRoot.createMainResourceSet(StandardRoot.java:746)
	at org.apache.catalina.webresources.StandardRoot.startInternal(StandardRoot.java:704)
	at org.apache.catalina.util.LifecycleBase.start(LifecycleBase.java:145)
	... 9 more

25-Mar-2018 23:18:12.372 严重 [main] org.apache.catalina.core.ContainerBase.startInternal A child container failed during start
 java.util.concurrent.ExecutionException: org.apache.catalina.LifecycleException: Failed to start component [StandardEngine[Catalina].StandardHost[localhost]]
	at java.util.concurrent.FutureTask.report(FutureTask.java:122)
	at java.util.concurrent.FutureTask.get(FutureTask.java:192)
	at org.apache.catalina.core.ContainerBase.startInternal(ContainerBase.java:943)
	at org.apache.catalina.core.StandardEngine.startInternal(StandardEngine.java:262)
	at org.apache.catalina.util.LifecycleBase.start(LifecycleBase.java:145)
	at org.apache.catalina.core.StandardService.startInternal(StandardService.java:441)
	at org.apache.catalina.util.LifecycleBase.start(LifecycleBase.java:145)
	at org.apache.catalina.core.StandardServer.startInternal(StandardServer.java:789)
	at org.apache.catalina.util.LifecycleBase.start(LifecycleBase.java:145)
	at org.apache.catalina.startup.Catalina.start(Catalina.java:641)
	at sun.reflect.NativeMethodAccessorImpl.invoke0(Native Method)
	at sun.reflect.NativeMethodAccessorImpl.invoke(NativeMethodAccessorImpl.java:62)
	at sun.reflect.DelegatingMethodAccessorImpl.invoke(DelegatingMethodAccessorImpl.java:43)
	at java.lang.reflect.Method.invoke(Method.java:498)
	at org.apache.catalina.startup.Bootstrap.start(Bootstrap.java:349)
	at org.apache.catalina.startup.Bootstrap.main(Bootstrap.java:483)
Caused by: org.apache.catalina.LifecycleException: Failed to start component [StandardEngine[Catalina].StandardHost[localhost]]
	at org.apache.catalina.util.LifecycleBase.start(LifecycleBase.java:162)
	at org.apache.catalina.core.ContainerBase$StartChild.call(ContainerBase.java:1408)
	at org.apache.catalina.core.ContainerBase$StartChild.call(ContainerBase.java:1398)
	at java.util.concurrent.FutureTask.run(FutureTask.java:266)
	at java.util.concurrent.ThreadPoolExecutor.runWorker(ThreadPoolExecutor.java:1142)
	at java.util.concurrent.ThreadPoolExecutor$Worker.run(ThreadPoolExecutor.java:617)
	at java.lang.Thread.run(Thread.java:745)
Caused by: org.apache.catalina.LifecycleException: A child container failed during start
	at org.apache.catalina.core.ContainerBase.startInternal(ContainerBase.java:951)
	at org.apache.catalina.core.StandardHost.startInternal(StandardHost.java:871)
	at org.apache.catalina.util.LifecycleBase.start(LifecycleBase.java:145)
	... 6 more

25-Mar-2018 23:18:12.377 严重 [main] org.apache.catalina.startup.Catalina.start The required Server component failed to start so Tomcat is unable to start.
 org.apache.catalina.LifecycleException: Failed to start component [StandardServer[49999]]
	at org.apache.catalina.util.LifecycleBase.start(LifecycleBase.java:162)
	at org.apache.catalina.startup.Catalina.start(Catalina.java:641)
	at sun.reflect.NativeMethodAccessorImpl.invoke0(Native Method)
	at sun.reflect.NativeMethodAccessorImpl.invoke(NativeMethodAccessorImpl.java:62)
	at sun.reflect.DelegatingMethodAccessorImpl.invoke(DelegatingMethodAccessorImpl.java:43)
	at java.lang.reflect.Method.invoke(Method.java:498)
	at org.apache.catalina.startup.Bootstrap.start(Bootstrap.java:349)
	at org.apache.catalina.startup.Bootstrap.main(Bootstrap.java:483)
Caused by: org.apache.catalina.LifecycleException: Failed to start component [StandardService[Catalina]]
	at org.apache.catalina.util.LifecycleBase.start(LifecycleBase.java:162)
	at org.apache.catalina.core.StandardServer.startInternal(StandardServer.java:789)
	at org.apache.catalina.util.LifecycleBase.start(LifecycleBase.java:145)
	... 7 more
Caused by: org.apache.catalina.LifecycleException: Failed to start component [StandardEngine[Catalina]]
	at org.apache.catalina.util.LifecycleBase.start(LifecycleBase.java:162)
	at org.apache.catalina.core.StandardService.startInternal(StandardService.java:441)
	at org.apache.catalina.util.LifecycleBase.start(LifecycleBase.java:145)
	... 9 more
Caused by: org.apache.catalina.LifecycleException: A child container failed during start
	at org.apache.catalina.core.ContainerBase.startInternal(ContainerBase.java:951)
	at org.apache.catalina.core.StandardEngine.startInternal(StandardEngine.java:262)
	at org.apache.catalina.util.LifecycleBase.start(LifecycleBase.java:145)
	... 11 more

25-Mar-2018 23:18:12.378 信息 [main] org.apache.coyote.AbstractProtocol.pause Pausing ProtocolHandler ["http-apr-50000"]
25-Mar-2018 23:18:12.379 信息 [main] org.apache.coyote.AbstractProtocol.pause Pausing ProtocolHandler ["ajp-apr-50001"]
25-Mar-2018 23:18:12.379 信息 [main] org.apache.catalina.core.StandardService.stopInternal Stopping service Catalina
25-Mar-2018 23:18:12.381 信息 [main] org.apache.coyote.AbstractProtocol.destroy Destroying ProtocolHandler ["http-apr-50000"]
25-Mar-2018 23:18:12.382 信息 [main] org.apache.coyote.AbstractProtocol.destroy Destroying ProtocolHandler ["ajp-apr-50001"]
25-Mar-2018 23:18:20.748 警告 [main] org.apache.tomcat.util.digester.SetPropertiesRule.begin [SetPropertiesRule]{Server/Service/Engine/Host/Context} Setting property 'source' to 'org.eclipse.jst.jee.server:ticket' did not find a matching property.
25-Mar-2018 23:18:20.767 信息 [main] org.apache.catalina.startup.VersionLoggerListener.log Server version:        Apache Tomcat/8.0.50
25-Mar-2018 23:18:20.768 信息 [main] org.apache.catalina.startup.VersionLoggerListener.log Server built:          Feb 7 2018 20:06:05 UTC
25-Mar-2018 23:18:20.768 信息 [main] org.apache.catalina.startup.VersionLoggerListener.log Server number:         8.0.50.0
25-Mar-2018 23:18:20.768 信息 [main] org.apache.catalina.startup.VersionLoggerListener.log OS Name:               Windows 10
25-Mar-2018 23:18:20.768 信息 [main] org.apache.catalina.startup.VersionLoggerListener.log OS Version:            10.0
25-Mar-2018 23:18:20.768 信息 [main] org.apache.catalina.startup.VersionLoggerListener.log Architecture:          amd64
25-Mar-2018 23:18:20.769 信息 [main] org.apache.catalina.startup.VersionLoggerListener.log Java Home:             C:\Program Files\Java\jdk1.8.0_111\jre
25-Mar-2018 23:18:20.769 信息 [main] org.apache.catalina.startup.VersionLoggerListener.log JVM Version:           1.8.0_111-b14
25-Mar-2018 23:18:20.769 信息 [main] org.apache.catalina.startup.VersionLoggerListener.log JVM Vendor:            Oracle Corporation
25-Mar-2018 23:18:20.769 信息 [main] org.apache.catalina.startup.VersionLoggerListener.log CATALINA_BASE:         H:\apache-tomcat-8.0.50
25-Mar-2018 23:18:20.769 信息 [main] org.apache.catalina.startup.VersionLoggerListener.log CATALINA_HOME:         H:\apache-tomcat-8.0.50
25-Mar-2018 23:18:20.770 信息 [main] org.apache.catalina.startup.VersionLoggerListener.log Command line argument: -Djava.util.logging.config.file=H:\apache-tomcat-8.0.50\conf\logging.properties
25-Mar-2018 23:18:20.770 信息 [main] org.apache.catalina.startup.VersionLoggerListener.log Command line argument: -Djava.util.logging.manager=org.apache.juli.ClassLoaderLogManager
25-Mar-2018 23:18:20.770 信息 [main] org.apache.catalina.startup.VersionLoggerListener.log Command line argument: -Djdk.tls.ephemeralDHKeySize=2048
25-Mar-2018 23:18:20.771 信息 [main] org.apache.catalina.startup.VersionLoggerListener.log Command line argument: -Djava.protocol.handler.pkgs=org.apache.catalina.webresources
25-Mar-2018 23:18:20.771 信息 [main] org.apache.catalina.startup.VersionLoggerListener.log Command line argument: -Dignore.endorsed.dirs=
25-Mar-2018 23:18:20.772 信息 [main] org.apache.catalina.startup.VersionLoggerListener.log Command line argument: -Dcatalina.base=H:\apache-tomcat-8.0.50
25-Mar-2018 23:18:20.775 信息 [main] org.apache.catalina.startup.VersionLoggerListener.log Command line argument: -Dcatalina.home=H:\apache-tomcat-8.0.50
25-Mar-2018 23:18:20.778 信息 [main] org.apache.catalina.startup.VersionLoggerListener.log Command line argument: -Djava.io.tmpdir=H:\apache-tomcat-8.0.50\temp
25-Mar-2018 23:18:20.779 信息 [main] org.apache.catalina.core.AprLifecycleListener.lifecycleEvent Loaded APR based Apache Tomcat Native library 1.2.16 using APR version 1.6.3.
25-Mar-2018 23:18:20.781 信息 [main] org.apache.catalina.core.AprLifecycleListener.lifecycleEvent APR capabilities: IPv6 [true], sendfile [true], accept filters [false], random [true].
25-Mar-2018 23:18:21.658 信息 [main] org.apache.catalina.core.AprLifecycleListener.initializeSSL OpenSSL successfully initialized (OpenSSL 1.0.2m  2 Nov 2017)
25-Mar-2018 23:18:21.824 信息 [main] org.apache.coyote.AbstractProtocol.init Initializing ProtocolHandler ["http-apr-50000"]
25-Mar-2018 23:18:21.847 信息 [main] org.apache.coyote.AbstractProtocol.init Initializing ProtocolHandler ["ajp-apr-50001"]
25-Mar-2018 23:18:21.851 信息 [main] org.apache.catalina.startup.Catalina.load Initialization processed in 1709 ms
25-Mar-2018 23:18:21.895 信息 [main] org.apache.catalina.core.StandardService.startInternal Starting service Catalina
25-Mar-2018 23:18:21.896 信息 [main] org.apache.catalina.core.StandardEngine.startInternal Starting Servlet Engine: Apache Tomcat/8.0.50
25-Mar-2018 23:18:22.003 严重 [Catalina-startStop-1] org.apache.catalina.core.ContainerBase.startInternal A child container failed during start
 java.util.concurrent.ExecutionException: org.apache.catalina.LifecycleException: Failed to start component [StandardEngine[Catalina].StandardHost[localhost].StandardContext[/ticket]]
	at java.util.concurrent.FutureTask.report(FutureTask.java:122)
	at java.util.concurrent.FutureTask.get(FutureTask.java:192)
	at org.apache.catalina.core.ContainerBase.startInternal(ContainerBase.java:943)
	at org.apache.catalina.core.StandardHost.startInternal(StandardHost.java:871)
	at org.apache.catalina.util.LifecycleBase.start(LifecycleBase.java:145)
	at org.apache.catalina.core.ContainerBase$StartChild.call(ContainerBase.java:1408)
	at org.apache.catalina.core.ContainerBase$StartChild.call(ContainerBase.java:1398)
	at java.util.concurrent.FutureTask.run(FutureTask.java:266)
	at java.util.concurrent.ThreadPoolExecutor.runWorker(ThreadPoolExecutor.java:1142)
	at java.util.concurrent.ThreadPoolExecutor$Worker.run(ThreadPoolExecutor.java:617)
	at java.lang.Thread.run(Thread.java:745)
Caused by: org.apache.catalina.LifecycleException: Failed to start component [StandardEngine[Catalina].StandardHost[localhost].StandardContext[/ticket]]
	at org.apache.catalina.util.LifecycleBase.start(LifecycleBase.java:162)
	... 6 more
Caused by: org.apache.catalina.LifecycleException: Failed to start component [org.apache.catalina.webresources.StandardRoot@2ed04742]
	at org.apache.catalina.util.LifecycleBase.start(LifecycleBase.java:162)
	at org.apache.catalina.core.StandardContext.resourcesStart(StandardContext.java:4977)
	at org.apache.catalina.core.StandardContext.startInternal(StandardContext.java:5110)
	at org.apache.catalina.util.LifecycleBase.start(LifecycleBase.java:145)
	... 6 more
Caused by: java.lang.IllegalArgumentException: The main resource set specified [H:\apache-tomcat-8.0.50\webapps\ticket] is not valid
	at org.apache.catalina.webresources.StandardRoot.createMainResourceSet(StandardRoot.java:746)
	at org.apache.catalina.webresources.StandardRoot.startInternal(StandardRoot.java:704)
	at org.apache.catalina.util.LifecycleBase.start(LifecycleBase.java:145)
	... 9 more

25-Mar-2018 23:18:22.007 严重 [main] org.apache.catalina.core.ContainerBase.startInternal A child container failed during start
 java.util.concurrent.ExecutionException: org.apache.catalina.LifecycleException: Failed to start component [StandardEngine[Catalina].StandardHost[localhost]]
	at java.util.concurrent.FutureTask.report(FutureTask.java:122)
	at java.util.concurrent.FutureTask.get(FutureTask.java:192)
	at org.apache.catalina.core.ContainerBase.startInternal(ContainerBase.java:943)
	at org.apache.catalina.core.StandardEngine.startInternal(StandardEngine.java:262)
	at org.apache.catalina.util.LifecycleBase.start(LifecycleBase.java:145)
	at org.apache.catalina.core.StandardService.startInternal(StandardService.java:441)
	at org.apache.catalina.util.LifecycleBase.start(LifecycleBase.java:145)
	at org.apache.catalina.core.StandardServer.startInternal(StandardServer.java:789)
	at org.apache.catalina.util.LifecycleBase.start(LifecycleBase.java:145)
	at org.apache.catalina.startup.Catalina.start(Catalina.java:641)
	at sun.reflect.NativeMethodAccessorImpl.invoke0(Native Method)
	at sun.reflect.NativeMethodAccessorImpl.invoke(NativeMethodAccessorImpl.java:62)
	at sun.reflect.DelegatingMethodAccessorImpl.invoke(DelegatingMethodAccessorImpl.java:43)
	at java.lang.reflect.Method.invoke(Method.java:498)
	at org.apache.catalina.startup.Bootstrap.start(Bootstrap.java:349)
	at org.apache.catalina.startup.Bootstrap.main(Bootstrap.java:483)
Caused by: org.apache.catalina.LifecycleException: Failed to start component [StandardEngine[Catalina].StandardHost[localhost]]
	at org.apache.catalina.util.LifecycleBase.start(LifecycleBase.java:162)
	at org.apache.catalina.core.ContainerBase$StartChild.call(ContainerBase.java:1408)
	at org.apache.catalina.core.ContainerBase$StartChild.call(ContainerBase.java:1398)
	at java.util.concurrent.FutureTask.run(FutureTask.java:266)
	at java.util.concurrent.ThreadPoolExecutor.runWorker(ThreadPoolExecutor.java:1142)
	at java.util.concurrent.ThreadPoolExecutor$Worker.run(ThreadPoolExecutor.java:617)
	at java.lang.Thread.run(Thread.java:745)
Caused by: org.apache.catalina.LifecycleException: A child container failed during start
	at org.apache.catalina.core.ContainerBase.startInternal(ContainerBase.java:951)
	at org.apache.catalina.core.StandardHost.startInternal(StandardHost.java:871)
	at org.apache.catalina.util.LifecycleBase.start(LifecycleBase.java:145)
	... 6 more

25-Mar-2018 23:18:22.010 严重 [main] org.apache.catalina.startup.Catalina.start The required Server component failed to start so Tomcat is unable to start.
 org.apache.catalina.LifecycleException: Failed to start component [StandardServer[49999]]
	at org.apache.catalina.util.LifecycleBase.start(LifecycleBase.java:162)
	at org.apache.catalina.startup.Catalina.start(Catalina.java:641)
	at sun.reflect.NativeMethodAccessorImpl.invoke0(Native Method)
	at sun.reflect.NativeMethodAccessorImpl.invoke(NativeMethodAccessorImpl.java:62)
	at sun.reflect.DelegatingMethodAccessorImpl.invoke(DelegatingMethodAccessorImpl.java:43)
	at java.lang.reflect.Method.invoke(Method.java:498)
	at org.apache.catalina.startup.Bootstrap.start(Bootstrap.java:349)
	at org.apache.catalina.startup.Bootstrap.main(Bootstrap.java:483)
Caused by: org.apache.catalina.LifecycleException: Failed to start component [StandardService[Catalina]]
	at org.apache.catalina.util.LifecycleBase.start(LifecycleBase.java:162)
	at org.apache.catalina.core.StandardServer.startInternal(StandardServer.java:789)
	at org.apache.catalina.util.LifecycleBase.start(LifecycleBase.java:145)
	... 7 more
Caused by: org.apache.catalina.LifecycleException: Failed to start component [StandardEngine[Catalina]]
	at org.apache.catalina.util.LifecycleBase.start(LifecycleBase.java:162)
	at org.apache.catalina.core.StandardService.startInternal(StandardService.java:441)
	at org.apache.catalina.util.LifecycleBase.start(LifecycleBase.java:145)
	... 9 more
Caused by: org.apache.catalina.LifecycleException: A child container failed during start
	at org.apache.catalina.core.ContainerBase.startInternal(ContainerBase.java:951)
	at org.apache.catalina.core.StandardEngine.startInternal(StandardEngine.java:262)
	at org.apache.catalina.util.LifecycleBase.start(LifecycleBase.java:145)
	... 11 more

25-Mar-2018 23:18:22.013 信息 [main] org.apache.coyote.AbstractProtocol.pause Pausing ProtocolHandler ["http-apr-50000"]
25-Mar-2018 23:18:22.013 信息 [main] org.apache.coyote.AbstractProtocol.pause Pausing ProtocolHandler ["ajp-apr-50001"]
25-Mar-2018 23:18:22.014 信息 [main] org.apache.catalina.core.StandardService.stopInternal Stopping service Catalina
25-Mar-2018 23:18:22.020 信息 [main] org.apache.coyote.AbstractProtocol.destroy Destroying ProtocolHandler ["http-apr-50000"]
25-Mar-2018 23:18:22.022 信息 [main] org.apache.coyote.AbstractProtocol.destroy Destroying ProtocolHandler ["ajp-apr-50001"]
