11-Sep-2018 02:39:21.198 少御 [http-apr-8080-exec-9] org.apache.catalina.realm.LockOutRealm.filterLockedAccounts An attempt was made to authenticate the locked user "admin"
11-Sep-2018 02:39:21.447 少御 [http-apr-8080-exec-4] org.apache.catalina.realm.LockOutRealm.filterLockedAccounts An attempt was made to authenticate the locked user "admin"
11-Sep-2018 02:39:21.537 少御 [http-apr-8080-exec-1] org.apache.catalina.realm.LockOutRealm.filterLockedAccounts An attempt was made to authenticate the locked user "admin"
11-Sep-2018 02:39:21.677 少御 [http-apr-8080-exec-3] org.apache.catalina.realm.LockOutRealm.filterLockedAccounts An attempt was made to authenticate the locked user "admin"
11-Sep-2018 02:39:21.851 少御 [http-apr-8080-exec-6] org.apache.catalina.realm.LockOutRealm.filterLockedAccounts An attempt was made to authenticate the locked user "admin"
11-Sep-2018 02:39:22.039 少御 [http-apr-8080-exec-9] org.apache.catalina.realm.LockOutRealm.filterLockedAccounts An attempt was made to authenticate the locked user "admin"
11-Sep-2018 02:39:23.148 少御 [http-apr-8080-exec-9] org.apache.catalina.realm.LockOutRealm.filterLockedAccounts An attempt was made to authenticate the locked user "tomcat"
11-Sep-2018 02:39:23.399 少御 [http-apr-8080-exec-4] org.apache.catalina.realm.LockOutRealm.filterLockedAccounts An attempt was made to authenticate the locked user "tomcat"
11-Sep-2018 02:39:23.543 少御 [http-apr-8080-exec-1] org.apache.catalina.realm.LockOutRealm.filterLockedAccounts An attempt was made to authenticate the locked user "tomcat"
11-Sep-2018 02:39:23.693 少御 [http-apr-8080-exec-3] org.apache.catalina.realm.LockOutRealm.filterLockedAccounts An attempt was made to authenticate the locked user "tomcat"
11-Sep-2018 02:39:23.949 少御 [http-apr-8080-exec-6] org.apache.catalina.realm.LockOutRealm.filterLockedAccounts An attempt was made to authenticate the locked user "tomcat"
11-Sep-2018 02:39:24.209 少御 [http-apr-8080-exec-9] org.apache.catalina.realm.LockOutRealm.filterLockedAccounts An attempt was made to authenticate the locked user "tomcat"
11-Sep-2018 02:39:25.335 少御 [http-apr-8080-exec-9] org.apache.catalina.realm.LockOutRealm.filterLockedAccounts An attempt was made to authenticate the locked user "manager"
11-Sep-2018 02:39:25.540 少御 [http-apr-8080-exec-4] org.apache.catalina.realm.LockOutRealm.filterLockedAccounts An attempt was made to authenticate the locked user "manager"
11-Sep-2018 02:39:25.712 少御 [http-apr-8080-exec-1] org.apache.catalina.realm.LockOutRealm.filterLockedAccounts An attempt was made to authenticate the locked user "manager"
11-Sep-2018 02:39:25.869 少御 [http-apr-8080-exec-3] org.apache.catalina.realm.LockOutRealm.filterLockedAccounts An attempt was made to authenticate the locked user "manager"
11-Sep-2018 02:39:26.100 少御 [http-apr-8080-exec-6] org.apache.catalina.realm.LockOutRealm.filterLockedAccounts An attempt was made to authenticate the locked user "manager"
11-Sep-2018 02:39:26.306 少御 [http-apr-8080-exec-9] org.apache.catalina.realm.LockOutRealm.filterLockedAccounts An attempt was made to authenticate the locked user "manager"
11-Sep-2018 02:39:27.317 少御 [http-apr-8080-exec-9] org.apache.catalina.realm.LockOutRealm.filterLockedAccounts An attempt was made to authenticate the locked user "root"
11-Sep-2018 02:39:27.510 少御 [http-apr-8080-exec-4] org.apache.catalina.realm.LockOutRealm.filterLockedAccounts An attempt was made to authenticate the locked user "root"
11-Sep-2018 02:39:27.698 少御 [http-apr-8080-exec-1] org.apache.catalina.realm.LockOutRealm.filterLockedAccounts An attempt was made to authenticate the locked user "root"
11-Sep-2018 02:39:27.853 少御 [http-apr-8080-exec-3] org.apache.catalina.realm.LockOutRealm.filterLockedAccounts An attempt was made to authenticate the locked user "root"
11-Sep-2018 02:39:28.023 少御 [http-apr-8080-exec-6] org.apache.catalina.realm.LockOutRealm.filterLockedAccounts An attempt was made to authenticate the locked user "root"
11-Sep-2018 02:39:28.210 少御 [http-apr-8080-exec-9] org.apache.catalina.realm.LockOutRealm.filterLockedAccounts An attempt was made to authenticate the locked user "root"
11-Sep-2018 02:39:29.271 少御 [http-apr-8080-exec-9] org.apache.catalina.realm.LockOutRealm.filterLockedAccounts An attempt was made to authenticate the locked user "user"
11-Sep-2018 02:39:29.431 少御 [http-apr-8080-exec-4] org.apache.catalina.realm.LockOutRealm.filterLockedAccounts An attempt was made to authenticate the locked user "user"
11-Sep-2018 02:39:29.662 少御 [http-apr-8080-exec-1] org.apache.catalina.realm.LockOutRealm.filterLockedAccounts An attempt was made to authenticate the locked user "user"
11-Sep-2018 02:39:29.818 少御 [http-apr-8080-exec-3] org.apache.catalina.realm.LockOutRealm.filterLockedAccounts An attempt was made to authenticate the locked user "user"
11-Sep-2018 02:39:29.946 少御 [http-apr-8080-exec-6] org.apache.catalina.realm.LockOutRealm.filterLockedAccounts An attempt was made to authenticate the locked user "user"
11-Sep-2018 02:39:30.115 少御 [http-apr-8080-exec-9] org.apache.catalina.realm.LockOutRealm.filterLockedAccounts An attempt was made to authenticate the locked user "user"
11-Sep-2018 16:50:54.034 少御 [http-apr-8080-exec-8] org.apache.catalina.realm.LockOutRealm.filterLockedAccounts An attempt was made to authenticate the locked user "tomcat"
11-Sep-2018 16:50:54.055 少御 [http-apr-8080-exec-9] org.apache.catalina.realm.LockOutRealm.filterLockedAccounts An attempt was made to authenticate the locked user "tomcat"
11-Sep-2018 16:50:54.075 少御 [http-apr-8080-exec-10] org.apache.catalina.realm.LockOutRealm.filterLockedAccounts An attempt was made to authenticate the locked user "tomcat"
11-Sep-2018 16:50:54.098 少御 [http-apr-8080-exec-4] org.apache.catalina.realm.LockOutRealm.filterLockedAccounts An attempt was made to authenticate the locked user "tomcat"
11-Sep-2018 16:50:54.121 少御 [http-apr-8080-exec-7] org.apache.catalina.realm.LockOutRealm.filterLockedAccounts An attempt was made to authenticate the locked user "tomcat"
11-Sep-2018 16:50:54.141 少御 [http-apr-8080-exec-1] org.apache.catalina.realm.LockOutRealm.filterLockedAccounts An attempt was made to authenticate the locked user "tomcat"
11-Sep-2018 16:50:54.163 少御 [http-apr-8080-exec-2] org.apache.catalina.realm.LockOutRealm.filterLockedAccounts An attempt was made to authenticate the locked user "tomcat"
11-Sep-2018 16:50:54.189 少御 [http-apr-8080-exec-3] org.apache.catalina.realm.LockOutRealm.filterLockedAccounts An attempt was made to authenticate the locked user "tomcat"
11-Sep-2018 16:50:54.215 少御 [http-apr-8080-exec-5] org.apache.catalina.realm.LockOutRealm.filterLockedAccounts An attempt was made to authenticate the locked user "tomcat"
11-Sep-2018 16:50:54.236 少御 [http-apr-8080-exec-6] org.apache.catalina.realm.LockOutRealm.filterLockedAccounts An attempt was made to authenticate the locked user "tomcat"
11-Sep-2018 16:50:54.257 少御 [http-apr-8080-exec-8] org.apache.catalina.realm.LockOutRealm.filterLockedAccounts An attempt was made to authenticate the locked user "tomcat"
11-Sep-2018 16:50:54.278 少御 [http-apr-8080-exec-9] org.apache.catalina.realm.LockOutRealm.filterLockedAccounts An attempt was made to authenticate the locked user "tomcat"
11-Sep-2018 16:50:54.304 少御 [http-apr-8080-exec-10] org.apache.catalina.realm.LockOutRealm.filterLockedAccounts An attempt was made to authenticate the locked user "tomcat"
11-Sep-2018 16:50:54.327 少御 [http-apr-8080-exec-4] org.apache.catalina.realm.LockOutRealm.filterLockedAccounts An attempt was made to authenticate the locked user "tomcat"
11-Sep-2018 16:50:54.351 少御 [http-apr-8080-exec-7] org.apache.catalina.realm.LockOutRealm.filterLockedAccounts An attempt was made to authenticate the locked user "tomcat"
11-Sep-2018 16:50:54.374 少御 [http-apr-8080-exec-1] org.apache.catalina.realm.LockOutRealm.filterLockedAccounts An attempt was made to authenticate the locked user "tomcat"
11-Sep-2018 16:50:54.396 少御 [http-apr-8080-exec-2] org.apache.catalina.realm.LockOutRealm.filterLockedAccounts An attempt was made to authenticate the locked user "tomcat"
11-Sep-2018 16:50:54.417 少御 [http-apr-8080-exec-3] org.apache.catalina.realm.LockOutRealm.filterLockedAccounts An attempt was made to authenticate the locked user "tomcat"
11-Sep-2018 16:50:54.439 少御 [http-apr-8080-exec-5] org.apache.catalina.realm.LockOutRealm.filterLockedAccounts An attempt was made to authenticate the locked user "tomcat"
11-Sep-2018 16:50:54.458 少御 [http-apr-8080-exec-6] org.apache.catalina.realm.LockOutRealm.filterLockedAccounts An attempt was made to authenticate the locked user "tomcat"
11-Sep-2018 16:50:54.480 少御 [http-apr-8080-exec-8] org.apache.catalina.realm.LockOutRealm.filterLockedAccounts An attempt was made to authenticate the locked user "tomcat"
11-Sep-2018 16:50:54.500 少御 [http-apr-8080-exec-9] org.apache.catalina.realm.LockOutRealm.filterLockedAccounts An attempt was made to authenticate the locked user "tomcat"
11-Sep-2018 16:50:54.522 少御 [http-apr-8080-exec-10] org.apache.catalina.realm.LockOutRealm.filterLockedAccounts An attempt was made to authenticate the locked user "tomcat"
11-Sep-2018 16:50:54.546 少御 [http-apr-8080-exec-4] org.apache.catalina.realm.LockOutRealm.filterLockedAccounts An attempt was made to authenticate the locked user "tomcat"
11-Sep-2018 16:50:54.570 少御 [http-apr-8080-exec-7] org.apache.catalina.realm.LockOutRealm.filterLockedAccounts An attempt was made to authenticate the locked user "tomcat"
11-Sep-2018 16:50:54.590 少御 [http-apr-8080-exec-1] org.apache.catalina.realm.LockOutRealm.filterLockedAccounts An attempt was made to authenticate the locked user "tomcat"
11-Sep-2018 16:50:54.612 少御 [http-apr-8080-exec-2] org.apache.catalina.realm.LockOutRealm.filterLockedAccounts An attempt was made to authenticate the locked user "tomcat"
11-Sep-2018 16:50:54.636 少御 [http-apr-8080-exec-3] org.apache.catalina.realm.LockOutRealm.filterLockedAccounts An attempt was made to authenticate the locked user "tomcat"
11-Sep-2018 16:50:54.656 少御 [http-apr-8080-exec-5] org.apache.catalina.realm.LockOutRealm.filterLockedAccounts An attempt was made to authenticate the locked user "tomcat"
11-Sep-2018 16:50:54.679 少御 [http-apr-8080-exec-6] org.apache.catalina.realm.LockOutRealm.filterLockedAccounts An attempt was made to authenticate the locked user "tomcat"
11-Sep-2018 16:50:54.702 少御 [http-apr-8080-exec-8] org.apache.catalina.realm.LockOutRealm.filterLockedAccounts An attempt was made to authenticate the locked user "tomcat"
11-Sep-2018 16:50:54.722 少御 [http-apr-8080-exec-9] org.apache.catalina.realm.LockOutRealm.filterLockedAccounts An attempt was made to authenticate the locked user "tomcat"
11-Sep-2018 16:50:54.744 少御 [http-apr-8080-exec-10] org.apache.catalina.realm.LockOutRealm.filterLockedAccounts An attempt was made to authenticate the locked user "tomcat"
11-Sep-2018 16:50:54.767 少御 [http-apr-8080-exec-4] org.apache.catalina.realm.LockOutRealm.filterLockedAccounts An attempt was made to authenticate the locked user "tomcat"
11-Sep-2018 16:50:54.788 少御 [http-apr-8080-exec-7] org.apache.catalina.realm.LockOutRealm.filterLockedAccounts An attempt was made to authenticate the locked user "tomcat"
11-Sep-2018 16:50:54.810 少御 [http-apr-8080-exec-1] org.apache.catalina.realm.LockOutRealm.filterLockedAccounts An attempt was made to authenticate the locked user "tomcat"
11-Sep-2018 16:50:54.833 少御 [http-apr-8080-exec-2] org.apache.catalina.realm.LockOutRealm.filterLockedAccounts An attempt was made to authenticate the locked user "tomcat"
11-Sep-2018 16:50:54.854 少御 [http-apr-8080-exec-3] org.apache.catalina.realm.LockOutRealm.filterLockedAccounts An attempt was made to authenticate the locked user "tomcat"
11-Sep-2018 16:50:54.874 少御 [http-apr-8080-exec-5] org.apache.catalina.realm.LockOutRealm.filterLockedAccounts An attempt was made to authenticate the locked user "tomcat"
11-Sep-2018 16:50:54.894 少御 [http-apr-8080-exec-6] org.apache.catalina.realm.LockOutRealm.filterLockedAccounts An attempt was made to authenticate the locked user "tomcat"
11-Sep-2018 16:50:54.915 少御 [http-apr-8080-exec-8] org.apache.catalina.realm.LockOutRealm.filterLockedAccounts An attempt was made to authenticate the locked user "tomcat"
11-Sep-2018 16:50:54.942 少御 [http-apr-8080-exec-9] org.apache.catalina.realm.LockOutRealm.filterLockedAccounts An attempt was made to authenticate the locked user "tomcat"
11-Sep-2018 16:50:54.964 少御 [http-apr-8080-exec-10] org.apache.catalina.realm.LockOutRealm.filterLockedAccounts An attempt was made to authenticate the locked user "tomcat"
11-Sep-2018 16:50:54.985 少御 [http-apr-8080-exec-4] org.apache.catalina.realm.LockOutRealm.filterLockedAccounts An attempt was made to authenticate the locked user "tomcat"
11-Sep-2018 16:50:55.009 少御 [http-apr-8080-exec-7] org.apache.catalina.realm.LockOutRealm.filterLockedAccounts An attempt was made to authenticate the locked user "tomcat"
11-Sep-2018 16:50:55.033 少御 [http-apr-8080-exec-1] org.apache.catalina.realm.LockOutRealm.filterLockedAccounts An attempt was made to authenticate the locked user "tomcat"
11-Sep-2018 16:50:55.055 少御 [http-apr-8080-exec-2] org.apache.catalina.realm.LockOutRealm.filterLockedAccounts An attempt was made to authenticate the locked user "tomcat"
11-Sep-2018 16:50:55.075 少御 [http-apr-8080-exec-3] org.apache.catalina.realm.LockOutRealm.filterLockedAccounts An attempt was made to authenticate the locked user "tomcat"
11-Sep-2018 16:50:55.099 少御 [http-apr-8080-exec-5] org.apache.catalina.realm.LockOutRealm.filterLockedAccounts An attempt was made to authenticate the locked user "tomcat"
11-Sep-2018 16:50:55.123 少御 [http-apr-8080-exec-6] org.apache.catalina.realm.LockOutRealm.filterLockedAccounts An attempt was made to authenticate the locked user "tomcat"
11-Sep-2018 16:50:55.146 少御 [http-apr-8080-exec-8] org.apache.catalina.realm.LockOutRealm.filterLockedAccounts An attempt was made to authenticate the locked user "tomcat"
11-Sep-2018 16:50:55.167 少御 [http-apr-8080-exec-9] org.apache.catalina.realm.LockOutRealm.filterLockedAccounts An attempt was made to authenticate the locked user "tomcat"
11-Sep-2018 16:50:55.191 少御 [http-apr-8080-exec-10] org.apache.catalina.realm.LockOutRealm.filterLockedAccounts An attempt was made to authenticate the locked user "tomcat"
11-Sep-2018 16:50:55.212 少御 [http-apr-8080-exec-4] org.apache.catalina.realm.LockOutRealm.filterLockedAccounts An attempt was made to authenticate the locked user "tomcat"
11-Sep-2018 16:50:55.243 少御 [http-apr-8080-exec-7] org.apache.catalina.realm.LockOutRealm.filterLockedAccounts An attempt was made to authenticate the locked user "tomcat"
11-Sep-2018 16:50:55.264 少御 [http-apr-8080-exec-1] org.apache.catalina.realm.LockOutRealm.filterLockedAccounts An attempt was made to authenticate the locked user "tomcat"
11-Sep-2018 16:50:55.284 少御 [http-apr-8080-exec-2] org.apache.catalina.realm.LockOutRealm.filterLockedAccounts An attempt was made to authenticate the locked user "tomcat"
11-Sep-2018 16:50:55.304 少御 [http-apr-8080-exec-3] org.apache.catalina.realm.LockOutRealm.filterLockedAccounts An attempt was made to authenticate the locked user "tomcat"
11-Sep-2018 16:50:55.326 少御 [http-apr-8080-exec-5] org.apache.catalina.realm.LockOutRealm.filterLockedAccounts An attempt was made to authenticate the locked user "tomcat"
11-Sep-2018 16:50:55.347 少御 [http-apr-8080-exec-6] org.apache.catalina.realm.LockOutRealm.filterLockedAccounts An attempt was made to authenticate the locked user "tomcat"
11-Sep-2018 16:50:55.367 少御 [http-apr-8080-exec-8] org.apache.catalina.realm.LockOutRealm.filterLockedAccounts An attempt was made to authenticate the locked user "tomcat"
11-Sep-2018 16:50:55.390 少御 [http-apr-8080-exec-9] org.apache.catalina.realm.LockOutRealm.filterLockedAccounts An attempt was made to authenticate the locked user "tomcat"
11-Sep-2018 16:50:55.412 少御 [http-apr-8080-exec-10] org.apache.catalina.realm.LockOutRealm.filterLockedAccounts An attempt was made to authenticate the locked user "tomcat"
11-Sep-2018 16:50:55.437 少御 [http-apr-8080-exec-4] org.apache.catalina.realm.LockOutRealm.filterLockedAccounts An attempt was made to authenticate the locked user "tomcat"
11-Sep-2018 16:50:55.462 少御 [http-apr-8080-exec-7] org.apache.catalina.realm.LockOutRealm.filterLockedAccounts An attempt was made to authenticate the locked user "tomcat"
11-Sep-2018 16:50:55.486 少御 [http-apr-8080-exec-1] org.apache.catalina.realm.LockOutRealm.filterLockedAccounts An attempt was made to authenticate the locked user "tomcat"
11-Sep-2018 16:50:55.507 少御 [http-apr-8080-exec-2] org.apache.catalina.realm.LockOutRealm.filterLockedAccounts An attempt was made to authenticate the locked user "tomcat"
11-Sep-2018 16:50:55.527 少御 [http-apr-8080-exec-3] org.apache.catalina.realm.LockOutRealm.filterLockedAccounts An attempt was made to authenticate the locked user "tomcat"
11-Sep-2018 16:50:55.552 少御 [http-apr-8080-exec-5] org.apache.catalina.realm.LockOutRealm.filterLockedAccounts An attempt was made to authenticate the locked user "tomcat"
11-Sep-2018 16:50:55.573 少御 [http-apr-8080-exec-6] org.apache.catalina.realm.LockOutRealm.filterLockedAccounts An attempt was made to authenticate the locked user "tomcat"
11-Sep-2018 16:50:55.622 少御 [http-apr-8080-exec-8] org.apache.catalina.realm.LockOutRealm.filterLockedAccounts An attempt was made to authenticate the locked user "tomcat"
11-Sep-2018 16:50:56.204 少御 [http-apr-8080-exec-9] org.apache.catalina.realm.LockOutRealm.filterLockedAccounts An attempt was made to authenticate the locked user "tomcat"
11-Sep-2018 16:50:56.225 少御 [http-apr-8080-exec-10] org.apache.catalina.realm.LockOutRealm.filterLockedAccounts An attempt was made to authenticate the locked user "tomcat"
11-Sep-2018 16:50:56.247 少御 [http-apr-8080-exec-4] org.apache.catalina.realm.LockOutRealm.filterLockedAccounts An attempt was made to authenticate the locked user "tomcat"
11-Sep-2018 16:50:56.270 少御 [http-apr-8080-exec-7] org.apache.catalina.realm.LockOutRealm.filterLockedAccounts An attempt was made to authenticate the locked user "tomcat"
11-Sep-2018 16:50:56.291 少御 [http-apr-8080-exec-1] org.apache.catalina.realm.LockOutRealm.filterLockedAccounts An attempt was made to authenticate the locked user "tomcat"
11-Sep-2018 16:50:56.312 少御 [http-apr-8080-exec-2] org.apache.catalina.realm.LockOutRealm.filterLockedAccounts An attempt was made to authenticate the locked user "tomcat"
11-Sep-2018 16:50:56.332 少御 [http-apr-8080-exec-3] org.apache.catalina.realm.LockOutRealm.filterLockedAccounts An attempt was made to authenticate the locked user "tomcat"
11-Sep-2018 16:50:56.354 少御 [http-apr-8080-exec-5] org.apache.catalina.realm.LockOutRealm.filterLockedAccounts An attempt was made to authenticate the locked user "tomcat"
11-Sep-2018 16:50:56.379 少御 [http-apr-8080-exec-6] org.apache.catalina.realm.LockOutRealm.filterLockedAccounts An attempt was made to authenticate the locked user "tomcat"
11-Sep-2018 16:50:56.402 少御 [http-apr-8080-exec-8] org.apache.catalina.realm.LockOutRealm.filterLockedAccounts An attempt was made to authenticate the locked user "tomcat"
11-Sep-2018 16:50:56.424 少御 [http-apr-8080-exec-9] org.apache.catalina.realm.LockOutRealm.filterLockedAccounts An attempt was made to authenticate the locked user "tomcat"
11-Sep-2018 16:50:56.444 少御 [http-apr-8080-exec-10] org.apache.catalina.realm.LockOutRealm.filterLockedAccounts An attempt was made to authenticate the locked user "tomcat"
11-Sep-2018 16:50:56.465 少御 [http-apr-8080-exec-4] org.apache.catalina.realm.LockOutRealm.filterLockedAccounts An attempt was made to authenticate the locked user "tomcat"
11-Sep-2018 16:50:56.485 少御 [http-apr-8080-exec-7] org.apache.catalina.realm.LockOutRealm.filterLockedAccounts An attempt was made to authenticate the locked user "tomcat"
11-Sep-2018 16:50:56.506 少御 [http-apr-8080-exec-1] org.apache.catalina.realm.LockOutRealm.filterLockedAccounts An attempt was made to authenticate the locked user "tomcat"
11-Sep-2018 16:50:56.526 少御 [http-apr-8080-exec-2] org.apache.catalina.realm.LockOutRealm.filterLockedAccounts An attempt was made to authenticate the locked user "tomcat"
11-Sep-2018 16:50:56.547 少御 [http-apr-8080-exec-3] org.apache.catalina.realm.LockOutRealm.filterLockedAccounts An attempt was made to authenticate the locked user "tomcat"
11-Sep-2018 16:50:56.567 少御 [http-apr-8080-exec-5] org.apache.catalina.realm.LockOutRealm.filterLockedAccounts An attempt was made to authenticate the locked user "tomcat"
11-Sep-2018 16:50:56.587 少御 [http-apr-8080-exec-6] org.apache.catalina.realm.LockOutRealm.filterLockedAccounts An attempt was made to authenticate the locked user "tomcat"
11-Sep-2018 16:50:56.608 少御 [http-apr-8080-exec-8] org.apache.catalina.realm.LockOutRealm.filterLockedAccounts An attempt was made to authenticate the locked user "tomcat"
11-Sep-2018 16:50:56.629 少御 [http-apr-8080-exec-9] org.apache.catalina.realm.LockOutRealm.filterLockedAccounts An attempt was made to authenticate the locked user "tomcat"
11-Sep-2018 16:50:56.650 少御 [http-apr-8080-exec-10] org.apache.catalina.realm.LockOutRealm.filterLockedAccounts An attempt was made to authenticate the locked user "tomcat"
11-Sep-2018 16:50:56.671 少御 [http-apr-8080-exec-4] org.apache.catalina.realm.LockOutRealm.filterLockedAccounts An attempt was made to authenticate the locked user "tomcat"
11-Sep-2018 16:50:56.691 少御 [http-apr-8080-exec-7] org.apache.catalina.realm.LockOutRealm.filterLockedAccounts An attempt was made to authenticate the locked user "tomcat"
11-Sep-2018 16:50:56.738 少御 [http-apr-8080-exec-2] org.apache.catalina.realm.LockOutRealm.filterLockedAccounts An attempt was made to authenticate the locked user "tomcat"
11-Sep-2018 16:50:56.763 少御 [http-apr-8080-exec-3] org.apache.catalina.realm.LockOutRealm.filterLockedAccounts An attempt was made to authenticate the locked user "tomcat"
11-Sep-2018 16:50:56.786 少御 [http-apr-8080-exec-5] org.apache.catalina.realm.LockOutRealm.filterLockedAccounts An attempt was made to authenticate the locked user "tomcat"
11-Sep-2018 16:50:56.811 少御 [http-apr-8080-exec-6] org.apache.catalina.realm.LockOutRealm.filterLockedAccounts An attempt was made to authenticate the locked user "tomcat"
11-Sep-2018 16:50:56.835 少御 [http-apr-8080-exec-8] org.apache.catalina.realm.LockOutRealm.filterLockedAccounts An attempt was made to authenticate the locked user "tomcat"
11-Sep-2018 16:50:56.861 少御 [http-apr-8080-exec-9] org.apache.catalina.realm.LockOutRealm.filterLockedAccounts An attempt was made to authenticate the locked user "tomcat"
11-Sep-2018 16:50:56.885 少御 [http-apr-8080-exec-10] org.apache.catalina.realm.LockOutRealm.filterLockedAccounts An attempt was made to authenticate the locked user "tomcat"
11-Sep-2018 16:50:56.909 少御 [http-apr-8080-exec-4] org.apache.catalina.realm.LockOutRealm.filterLockedAccounts An attempt was made to authenticate the locked user "tomcat"
11-Sep-2018 16:50:56.944 少御 [http-apr-8080-exec-7] org.apache.catalina.realm.LockOutRealm.filterLockedAccounts An attempt was made to authenticate the locked user "tomcat"
11-Sep-2018 16:50:56.968 少御 [http-apr-8080-exec-1] org.apache.catalina.realm.LockOutRealm.filterLockedAccounts An attempt was made to authenticate the locked user "tomcat"
11-Sep-2018 16:50:56.992 少御 [http-apr-8080-exec-2] org.apache.catalina.realm.LockOutRealm.filterLockedAccounts An attempt was made to authenticate the locked user "tomcat"
11-Sep-2018 16:50:57.017 少御 [http-apr-8080-exec-3] org.apache.catalina.realm.LockOutRealm.filterLockedAccounts An attempt was made to authenticate the locked user "tomcat"
11-Sep-2018 16:50:57.043 少御 [http-apr-8080-exec-5] org.apache.catalina.realm.LockOutRealm.filterLockedAccounts An attempt was made to authenticate the locked user "tomcat"
11-Sep-2018 16:50:57.067 少御 [http-apr-8080-exec-6] org.apache.catalina.realm.LockOutRealm.filterLockedAccounts An attempt was made to authenticate the locked user "tomcat"
11-Sep-2018 16:50:57.092 少御 [http-apr-8080-exec-8] org.apache.catalina.realm.LockOutRealm.filterLockedAccounts An attempt was made to authenticate the locked user "tomcat"
11-Sep-2018 16:50:57.117 少御 [http-apr-8080-exec-9] org.apache.catalina.realm.LockOutRealm.filterLockedAccounts An attempt was made to authenticate the locked user "tomcat"
11-Sep-2018 16:50:57.142 少御 [http-apr-8080-exec-10] org.apache.catalina.realm.LockOutRealm.filterLockedAccounts An attempt was made to authenticate the locked user "tomcat"
11-Sep-2018 16:50:57.166 少御 [http-apr-8080-exec-4] org.apache.catalina.realm.LockOutRealm.filterLockedAccounts An attempt was made to authenticate the locked user "tomcat"
11-Sep-2018 16:50:57.190 少御 [http-apr-8080-exec-7] org.apache.catalina.realm.LockOutRealm.filterLockedAccounts An attempt was made to authenticate the locked user "tomcat"
11-Sep-2018 16:50:57.215 少御 [http-apr-8080-exec-1] org.apache.catalina.realm.LockOutRealm.filterLockedAccounts An attempt was made to authenticate the locked user "tomcat"
11-Sep-2018 16:50:57.239 少御 [http-apr-8080-exec-2] org.apache.catalina.realm.LockOutRealm.filterLockedAccounts An attempt was made to authenticate the locked user "tomcat"
11-Sep-2018 16:50:57.264 少御 [http-apr-8080-exec-3] org.apache.catalina.realm.LockOutRealm.filterLockedAccounts An attempt was made to authenticate the locked user "tomcat"
11-Sep-2018 16:50:57.288 少御 [http-apr-8080-exec-5] org.apache.catalina.realm.LockOutRealm.filterLockedAccounts An attempt was made to authenticate the locked user "tomcat"
11-Sep-2018 16:50:57.313 少御 [http-apr-8080-exec-6] org.apache.catalina.realm.LockOutRealm.filterLockedAccounts An attempt was made to authenticate the locked user "tomcat"
11-Sep-2018 16:50:57.338 少御 [http-apr-8080-exec-8] org.apache.catalina.realm.LockOutRealm.filterLockedAccounts An attempt was made to authenticate the locked user "tomcat"
11-Sep-2018 16:50:57.362 少御 [http-apr-8080-exec-9] org.apache.catalina.realm.LockOutRealm.filterLockedAccounts An attempt was made to authenticate the locked user "tomcat"
11-Sep-2018 16:50:57.387 少御 [http-apr-8080-exec-10] org.apache.catalina.realm.LockOutRealm.filterLockedAccounts An attempt was made to authenticate the locked user "tomcat"
11-Sep-2018 16:50:57.412 少御 [http-apr-8080-exec-4] org.apache.catalina.realm.LockOutRealm.filterLockedAccounts An attempt was made to authenticate the locked user "tomcat"
11-Sep-2018 16:50:57.535 少御 [http-apr-8080-exec-5] org.apache.catalina.realm.LockOutRealm.filterLockedAccounts An attempt was made to authenticate the locked user "admin"
11-Sep-2018 16:50:57.559 少御 [http-apr-8080-exec-6] org.apache.catalina.realm.LockOutRealm.filterLockedAccounts An attempt was made to authenticate the locked user "admin"
11-Sep-2018 16:50:57.584 少御 [http-apr-8080-exec-8] org.apache.catalina.realm.LockOutRealm.filterLockedAccounts An attempt was made to authenticate the locked user "admin"
11-Sep-2018 16:50:57.609 少御 [http-apr-8080-exec-9] org.apache.catalina.realm.LockOutRealm.filterLockedAccounts An attempt was made to authenticate the locked user "admin"
11-Sep-2018 16:50:57.634 少御 [http-apr-8080-exec-10] org.apache.catalina.realm.LockOutRealm.filterLockedAccounts An attempt was made to authenticate the locked user "admin"
11-Sep-2018 16:50:57.660 少御 [http-apr-8080-exec-4] org.apache.catalina.realm.LockOutRealm.filterLockedAccounts An attempt was made to authenticate the locked user "admin"
11-Sep-2018 16:50:57.684 少御 [http-apr-8080-exec-7] org.apache.catalina.realm.LockOutRealm.filterLockedAccounts An attempt was made to authenticate the locked user "admin"
11-Sep-2018 16:50:57.707 少御 [http-apr-8080-exec-1] org.apache.catalina.realm.LockOutRealm.filterLockedAccounts An attempt was made to authenticate the locked user "admin"
11-Sep-2018 16:50:57.732 少御 [http-apr-8080-exec-2] org.apache.catalina.realm.LockOutRealm.filterLockedAccounts An attempt was made to authenticate the locked user "admin"
11-Sep-2018 16:50:57.756 少御 [http-apr-8080-exec-3] org.apache.catalina.realm.LockOutRealm.filterLockedAccounts An attempt was made to authenticate the locked user "admin"
11-Sep-2018 16:50:57.780 少御 [http-apr-8080-exec-5] org.apache.catalina.realm.LockOutRealm.filterLockedAccounts An attempt was made to authenticate the locked user "admin"
11-Sep-2018 16:50:57.805 少御 [http-apr-8080-exec-6] org.apache.catalina.realm.LockOutRealm.filterLockedAccounts An attempt was made to authenticate the locked user "admin"
11-Sep-2018 16:50:57.831 少御 [http-apr-8080-exec-8] org.apache.catalina.realm.LockOutRealm.filterLockedAccounts An attempt was made to authenticate the locked user "admin"
11-Sep-2018 16:50:57.856 少御 [http-apr-8080-exec-9] org.apache.catalina.realm.LockOutRealm.filterLockedAccounts An attempt was made to authenticate the locked user "admin"
11-Sep-2018 16:50:57.882 少御 [http-apr-8080-exec-10] org.apache.catalina.realm.LockOutRealm.filterLockedAccounts An attempt was made to authenticate the locked user "admin"
11-Sep-2018 16:50:57.906 少御 [http-apr-8080-exec-4] org.apache.catalina.realm.LockOutRealm.filterLockedAccounts An attempt was made to authenticate the locked user "admin"
11-Sep-2018 16:50:57.931 少御 [http-apr-8080-exec-7] org.apache.catalina.realm.LockOutRealm.filterLockedAccounts An attempt was made to authenticate the locked user "admin"
11-Sep-2018 16:50:57.956 少御 [http-apr-8080-exec-1] org.apache.catalina.realm.LockOutRealm.filterLockedAccounts An attempt was made to authenticate the locked user "admin"
11-Sep-2018 16:50:57.980 少御 [http-apr-8080-exec-2] org.apache.catalina.realm.LockOutRealm.filterLockedAccounts An attempt was made to authenticate the locked user "admin"
11-Sep-2018 16:50:58.004 少御 [http-apr-8080-exec-3] org.apache.catalina.realm.LockOutRealm.filterLockedAccounts An attempt was made to authenticate the locked user "admin"
11-Sep-2018 16:50:58.029 少御 [http-apr-8080-exec-5] org.apache.catalina.realm.LockOutRealm.filterLockedAccounts An attempt was made to authenticate the locked user "admin"
11-Sep-2018 16:50:58.054 少御 [http-apr-8080-exec-6] org.apache.catalina.realm.LockOutRealm.filterLockedAccounts An attempt was made to authenticate the locked user "admin"
11-Sep-2018 16:50:58.078 少御 [http-apr-8080-exec-8] org.apache.catalina.realm.LockOutRealm.filterLockedAccounts An attempt was made to authenticate the locked user "admin"
11-Sep-2018 16:50:58.102 少御 [http-apr-8080-exec-9] org.apache.catalina.realm.LockOutRealm.filterLockedAccounts An attempt was made to authenticate the locked user "admin"
11-Sep-2018 16:50:58.128 少御 [http-apr-8080-exec-10] org.apache.catalina.realm.LockOutRealm.filterLockedAccounts An attempt was made to authenticate the locked user "admin"
11-Sep-2018 16:50:58.154 少御 [http-apr-8080-exec-4] org.apache.catalina.realm.LockOutRealm.filterLockedAccounts An attempt was made to authenticate the locked user "admin"
11-Sep-2018 16:50:58.178 少御 [http-apr-8080-exec-7] org.apache.catalina.realm.LockOutRealm.filterLockedAccounts An attempt was made to authenticate the locked user "admin"
11-Sep-2018 16:50:58.203 少御 [http-apr-8080-exec-1] org.apache.catalina.realm.LockOutRealm.filterLockedAccounts An attempt was made to authenticate the locked user "admin"
11-Sep-2018 16:50:58.228 少御 [http-apr-8080-exec-2] org.apache.catalina.realm.LockOutRealm.filterLockedAccounts An attempt was made to authenticate the locked user "admin"
11-Sep-2018 16:50:58.253 少御 [http-apr-8080-exec-3] org.apache.catalina.realm.LockOutRealm.filterLockedAccounts An attempt was made to authenticate the locked user "admin"
11-Sep-2018 16:50:58.277 少御 [http-apr-8080-exec-5] org.apache.catalina.realm.LockOutRealm.filterLockedAccounts An attempt was made to authenticate the locked user "admin"
11-Sep-2018 16:50:58.302 少御 [http-apr-8080-exec-6] org.apache.catalina.realm.LockOutRealm.filterLockedAccounts An attempt was made to authenticate the locked user "admin"
11-Sep-2018 16:50:58.327 少御 [http-apr-8080-exec-8] org.apache.catalina.realm.LockOutRealm.filterLockedAccounts An attempt was made to authenticate the locked user "admin"
11-Sep-2018 16:50:58.351 少御 [http-apr-8080-exec-9] org.apache.catalina.realm.LockOutRealm.filterLockedAccounts An attempt was made to authenticate the locked user "admin"
11-Sep-2018 16:50:58.375 少御 [http-apr-8080-exec-10] org.apache.catalina.realm.LockOutRealm.filterLockedAccounts An attempt was made to authenticate the locked user "admin"
11-Sep-2018 16:50:58.401 少御 [http-apr-8080-exec-4] org.apache.catalina.realm.LockOutRealm.filterLockedAccounts An attempt was made to authenticate the locked user "admin"
11-Sep-2018 16:50:58.425 少御 [http-apr-8080-exec-7] org.apache.catalina.realm.LockOutRealm.filterLockedAccounts An attempt was made to authenticate the locked user "admin"
11-Sep-2018 16:50:58.449 少御 [http-apr-8080-exec-1] org.apache.catalina.realm.LockOutRealm.filterLockedAccounts An attempt was made to authenticate the locked user "admin"
11-Sep-2018 16:50:58.474 少御 [http-apr-8080-exec-2] org.apache.catalina.realm.LockOutRealm.filterLockedAccounts An attempt was made to authenticate the locked user "admin"
11-Sep-2018 16:50:58.498 少御 [http-apr-8080-exec-3] org.apache.catalina.realm.LockOutRealm.filterLockedAccounts An attempt was made to authenticate the locked user "admin"
11-Sep-2018 16:50:58.523 少御 [http-apr-8080-exec-5] org.apache.catalina.realm.LockOutRealm.filterLockedAccounts An attempt was made to authenticate the locked user "admin"
11-Sep-2018 16:50:58.547 少御 [http-apr-8080-exec-6] org.apache.catalina.realm.LockOutRealm.filterLockedAccounts An attempt was made to authenticate the locked user "admin"
11-Sep-2018 16:50:58.573 少御 [http-apr-8080-exec-8] org.apache.catalina.realm.LockOutRealm.filterLockedAccounts An attempt was made to authenticate the locked user "admin"
11-Sep-2018 16:50:58.596 少御 [http-apr-8080-exec-9] org.apache.catalina.realm.LockOutRealm.filterLockedAccounts An attempt was made to authenticate the locked user "admin"
11-Sep-2018 16:50:58.620 少御 [http-apr-8080-exec-10] org.apache.catalina.realm.LockOutRealm.filterLockedAccounts An attempt was made to authenticate the locked user "admin"
11-Sep-2018 16:50:58.647 少御 [http-apr-8080-exec-4] org.apache.catalina.realm.LockOutRealm.filterLockedAccounts An attempt was made to authenticate the locked user "admin"
11-Sep-2018 16:50:58.670 少御 [http-apr-8080-exec-7] org.apache.catalina.realm.LockOutRealm.filterLockedAccounts An attempt was made to authenticate the locked user "admin"
11-Sep-2018 16:50:58.694 少御 [http-apr-8080-exec-1] org.apache.catalina.realm.LockOutRealm.filterLockedAccounts An attempt was made to authenticate the locked user "admin"
11-Sep-2018 16:50:58.718 少御 [http-apr-8080-exec-2] org.apache.catalina.realm.LockOutRealm.filterLockedAccounts An attempt was made to authenticate the locked user "admin"
11-Sep-2018 16:50:58.743 少御 [http-apr-8080-exec-3] org.apache.catalina.realm.LockOutRealm.filterLockedAccounts An attempt was made to authenticate the locked user "admin"
11-Sep-2018 16:50:58.767 少御 [http-apr-8080-exec-5] org.apache.catalina.realm.LockOutRealm.filterLockedAccounts An attempt was made to authenticate the locked user "admin"
11-Sep-2018 16:50:58.792 少御 [http-apr-8080-exec-6] org.apache.catalina.realm.LockOutRealm.filterLockedAccounts An attempt was made to authenticate the locked user "admin"
11-Sep-2018 16:50:58.817 少御 [http-apr-8080-exec-8] org.apache.catalina.realm.LockOutRealm.filterLockedAccounts An attempt was made to authenticate the locked user "admin"
11-Sep-2018 16:50:58.841 少御 [http-apr-8080-exec-9] org.apache.catalina.realm.LockOutRealm.filterLockedAccounts An attempt was made to authenticate the locked user "admin"
11-Sep-2018 16:50:58.865 少御 [http-apr-8080-exec-10] org.apache.catalina.realm.LockOutRealm.filterLockedAccounts An attempt was made to authenticate the locked user "admin"
11-Sep-2018 16:50:58.890 少御 [http-apr-8080-exec-4] org.apache.catalina.realm.LockOutRealm.filterLockedAccounts An attempt was made to authenticate the locked user "admin"
11-Sep-2018 16:50:58.914 少御 [http-apr-8080-exec-7] org.apache.catalina.realm.LockOutRealm.filterLockedAccounts An attempt was made to authenticate the locked user "admin"
11-Sep-2018 16:50:58.938 少御 [http-apr-8080-exec-1] org.apache.catalina.realm.LockOutRealm.filterLockedAccounts An attempt was made to authenticate the locked user "admin"
11-Sep-2018 16:50:58.964 少御 [http-apr-8080-exec-2] org.apache.catalina.realm.LockOutRealm.filterLockedAccounts An attempt was made to authenticate the locked user "admin"
11-Sep-2018 16:50:58.987 少御 [http-apr-8080-exec-3] org.apache.catalina.realm.LockOutRealm.filterLockedAccounts An attempt was made to authenticate the locked user "admin"
11-Sep-2018 16:50:59.012 少御 [http-apr-8080-exec-5] org.apache.catalina.realm.LockOutRealm.filterLockedAccounts An attempt was made to authenticate the locked user "admin"
11-Sep-2018 16:50:59.036 少御 [http-apr-8080-exec-6] org.apache.catalina.realm.LockOutRealm.filterLockedAccounts An attempt was made to authenticate the locked user "admin"
11-Sep-2018 16:50:59.061 少御 [http-apr-8080-exec-8] org.apache.catalina.realm.LockOutRealm.filterLockedAccounts An attempt was made to authenticate the locked user "admin"
11-Sep-2018 16:50:59.084 少御 [http-apr-8080-exec-9] org.apache.catalina.realm.LockOutRealm.filterLockedAccounts An attempt was made to authenticate the locked user "admin"
11-Sep-2018 16:50:59.109 少御 [http-apr-8080-exec-10] org.apache.catalina.realm.LockOutRealm.filterLockedAccounts An attempt was made to authenticate the locked user "admin"
11-Sep-2018 16:50:59.135 少御 [http-apr-8080-exec-4] org.apache.catalina.realm.LockOutRealm.filterLockedAccounts An attempt was made to authenticate the locked user "admin"
11-Sep-2018 16:50:59.159 少御 [http-apr-8080-exec-7] org.apache.catalina.realm.LockOutRealm.filterLockedAccounts An attempt was made to authenticate the locked user "admin"
11-Sep-2018 16:50:59.183 少御 [http-apr-8080-exec-1] org.apache.catalina.realm.LockOutRealm.filterLockedAccounts An attempt was made to authenticate the locked user "admin"
11-Sep-2018 16:50:59.246 少御 [http-apr-8080-exec-3] org.apache.catalina.realm.LockOutRealm.filterLockedAccounts An attempt was made to authenticate the locked user "admin"
11-Sep-2018 16:50:59.269 少御 [http-apr-8080-exec-5] org.apache.catalina.realm.LockOutRealm.filterLockedAccounts An attempt was made to authenticate the locked user "admin"
11-Sep-2018 16:50:59.294 少御 [http-apr-8080-exec-6] org.apache.catalina.realm.LockOutRealm.filterLockedAccounts An attempt was made to authenticate the locked user "admin"
11-Sep-2018 16:50:59.318 少御 [http-apr-8080-exec-8] org.apache.catalina.realm.LockOutRealm.filterLockedAccounts An attempt was made to authenticate the locked user "admin"
11-Sep-2018 16:50:59.343 少御 [http-apr-8080-exec-9] org.apache.catalina.realm.LockOutRealm.filterLockedAccounts An attempt was made to authenticate the locked user "admin"
11-Sep-2018 16:50:59.368 少御 [http-apr-8080-exec-10] org.apache.catalina.realm.LockOutRealm.filterLockedAccounts An attempt was made to authenticate the locked user "admin"
11-Sep-2018 16:50:59.392 少御 [http-apr-8080-exec-4] org.apache.catalina.realm.LockOutRealm.filterLockedAccounts An attempt was made to authenticate the locked user "admin"
11-Sep-2018 16:50:59.417 少御 [http-apr-8080-exec-7] org.apache.catalina.realm.LockOutRealm.filterLockedAccounts An attempt was made to authenticate the locked user "admin"
11-Sep-2018 16:50:59.443 少御 [http-apr-8080-exec-1] org.apache.catalina.realm.LockOutRealm.filterLockedAccounts An attempt was made to authenticate the locked user "admin"
11-Sep-2018 16:50:59.467 少御 [http-apr-8080-exec-2] org.apache.catalina.realm.LockOutRealm.filterLockedAccounts An attempt was made to authenticate the locked user "admin"
11-Sep-2018 16:50:59.491 少御 [http-apr-8080-exec-3] org.apache.catalina.realm.LockOutRealm.filterLockedAccounts An attempt was made to authenticate the locked user "admin"
11-Sep-2018 16:50:59.515 少御 [http-apr-8080-exec-5] org.apache.catalina.realm.LockOutRealm.filterLockedAccounts An attempt was made to authenticate the locked user "admin"
11-Sep-2018 16:50:59.540 少御 [http-apr-8080-exec-6] org.apache.catalina.realm.LockOutRealm.filterLockedAccounts An attempt was made to authenticate the locked user "admin"
11-Sep-2018 16:50:59.565 少御 [http-apr-8080-exec-8] org.apache.catalina.realm.LockOutRealm.filterLockedAccounts An attempt was made to authenticate the locked user "admin"
11-Sep-2018 16:50:59.589 少御 [http-apr-8080-exec-9] org.apache.catalina.realm.LockOutRealm.filterLockedAccounts An attempt was made to authenticate the locked user "admin"
11-Sep-2018 16:50:59.613 少御 [http-apr-8080-exec-10] org.apache.catalina.realm.LockOutRealm.filterLockedAccounts An attempt was made to authenticate the locked user "admin"
11-Sep-2018 16:50:59.638 少御 [http-apr-8080-exec-4] org.apache.catalina.realm.LockOutRealm.filterLockedAccounts An attempt was made to authenticate the locked user "admin"
11-Sep-2018 16:50:59.663 少御 [http-apr-8080-exec-7] org.apache.catalina.realm.LockOutRealm.filterLockedAccounts An attempt was made to authenticate the locked user "admin"
11-Sep-2018 16:50:59.688 少御 [http-apr-8080-exec-1] org.apache.catalina.realm.LockOutRealm.filterLockedAccounts An attempt was made to authenticate the locked user "admin"
11-Sep-2018 16:50:59.713 少御 [http-apr-8080-exec-2] org.apache.catalina.realm.LockOutRealm.filterLockedAccounts An attempt was made to authenticate the locked user "admin"
11-Sep-2018 16:50:59.737 少御 [http-apr-8080-exec-3] org.apache.catalina.realm.LockOutRealm.filterLockedAccounts An attempt was made to authenticate the locked user "admin"
11-Sep-2018 16:50:59.763 少御 [http-apr-8080-exec-5] org.apache.catalina.realm.LockOutRealm.filterLockedAccounts An attempt was made to authenticate the locked user "admin"
11-Sep-2018 16:50:59.787 少御 [http-apr-8080-exec-6] org.apache.catalina.realm.LockOutRealm.filterLockedAccounts An attempt was made to authenticate the locked user "admin"
11-Sep-2018 16:50:59.814 少御 [http-apr-8080-exec-8] org.apache.catalina.realm.LockOutRealm.filterLockedAccounts An attempt was made to authenticate the locked user "admin"
11-Sep-2018 16:50:59.837 少御 [http-apr-8080-exec-9] org.apache.catalina.realm.LockOutRealm.filterLockedAccounts An attempt was made to authenticate the locked user "admin"
11-Sep-2018 16:50:59.863 少御 [http-apr-8080-exec-10] org.apache.catalina.realm.LockOutRealm.filterLockedAccounts An attempt was made to authenticate the locked user "admin"
11-Sep-2018 16:50:59.886 少御 [http-apr-8080-exec-4] org.apache.catalina.realm.LockOutRealm.filterLockedAccounts An attempt was made to authenticate the locked user "admin"
11-Sep-2018 16:50:59.912 少御 [http-apr-8080-exec-7] org.apache.catalina.realm.LockOutRealm.filterLockedAccounts An attempt was made to authenticate the locked user "admin"
11-Sep-2018 16:50:59.940 少御 [http-apr-8080-exec-1] org.apache.catalina.realm.LockOutRealm.filterLockedAccounts An attempt was made to authenticate the locked user "admin"
11-Sep-2018 16:50:59.963 少御 [http-apr-8080-exec-2] org.apache.catalina.realm.LockOutRealm.filterLockedAccounts An attempt was made to authenticate the locked user "admin"
11-Sep-2018 16:50:59.988 少御 [http-apr-8080-exec-3] org.apache.catalina.realm.LockOutRealm.filterLockedAccounts An attempt was made to authenticate the locked user "admin"
11-Sep-2018 16:51:00.014 少御 [http-apr-8080-exec-5] org.apache.catalina.realm.LockOutRealm.filterLockedAccounts An attempt was made to authenticate the locked user "admin"
11-Sep-2018 16:51:00.037 少御 [http-apr-8080-exec-6] org.apache.catalina.realm.LockOutRealm.filterLockedAccounts An attempt was made to authenticate the locked user "admin"
11-Sep-2018 16:51:00.063 少御 [http-apr-8080-exec-8] org.apache.catalina.realm.LockOutRealm.filterLockedAccounts An attempt was made to authenticate the locked user "admin"
11-Sep-2018 16:51:00.090 少御 [http-apr-8080-exec-9] org.apache.catalina.realm.LockOutRealm.filterLockedAccounts An attempt was made to authenticate the locked user "admin"
11-Sep-2018 16:51:00.114 少御 [http-apr-8080-exec-10] org.apache.catalina.realm.LockOutRealm.filterLockedAccounts An attempt was made to authenticate the locked user "admin"
11-Sep-2018 16:51:00.140 少御 [http-apr-8080-exec-4] org.apache.catalina.realm.LockOutRealm.filterLockedAccounts An attempt was made to authenticate the locked user "admin"
11-Sep-2018 16:51:00.165 少御 [http-apr-8080-exec-7] org.apache.catalina.realm.LockOutRealm.filterLockedAccounts An attempt was made to authenticate the locked user "admin"
11-Sep-2018 16:51:00.188 少御 [http-apr-8080-exec-1] org.apache.catalina.realm.LockOutRealm.filterLockedAccounts An attempt was made to authenticate the locked user "admin"
11-Sep-2018 16:51:00.213 少御 [http-apr-8080-exec-2] org.apache.catalina.realm.LockOutRealm.filterLockedAccounts An attempt was made to authenticate the locked user "admin"
11-Sep-2018 16:51:00.237 少御 [http-apr-8080-exec-3] org.apache.catalina.realm.LockOutRealm.filterLockedAccounts An attempt was made to authenticate the locked user "admin"
11-Sep-2018 16:51:00.263 少御 [http-apr-8080-exec-5] org.apache.catalina.realm.LockOutRealm.filterLockedAccounts An attempt was made to authenticate the locked user "admin"
11-Sep-2018 16:51:00.288 少御 [http-apr-8080-exec-6] org.apache.catalina.realm.LockOutRealm.filterLockedAccounts An attempt was made to authenticate the locked user "admin"
11-Sep-2018 16:51:00.311 少御 [http-apr-8080-exec-8] org.apache.catalina.realm.LockOutRealm.filterLockedAccounts An attempt was made to authenticate the locked user "admin"
11-Sep-2018 16:51:00.337 少御 [http-apr-8080-exec-9] org.apache.catalina.realm.LockOutRealm.filterLockedAccounts An attempt was made to authenticate the locked user "admin"
11-Sep-2018 16:51:00.360 少御 [http-apr-8080-exec-10] org.apache.catalina.realm.LockOutRealm.filterLockedAccounts An attempt was made to authenticate the locked user "admin"
11-Sep-2018 16:51:00.388 少御 [http-apr-8080-exec-4] org.apache.catalina.realm.LockOutRealm.filterLockedAccounts An attempt was made to authenticate the locked user "admin"
11-Sep-2018 16:51:00.414 少御 [http-apr-8080-exec-7] org.apache.catalina.realm.LockOutRealm.filterLockedAccounts An attempt was made to authenticate the locked user "admin"
11-Sep-2018 16:51:00.446 少御 [http-apr-8080-exec-1] org.apache.catalina.realm.LockOutRealm.filterLockedAccounts An attempt was made to authenticate the locked user "admin"
11-Sep-2018 16:51:00.472 少御 [http-apr-8080-exec-2] org.apache.catalina.realm.LockOutRealm.filterLockedAccounts An attempt was made to authenticate the locked user "admin"
11-Sep-2018 16:51:00.497 少御 [http-apr-8080-exec-3] org.apache.catalina.realm.LockOutRealm.filterLockedAccounts An attempt was made to authenticate the locked user "admin"
11-Sep-2018 16:51:00.521 少御 [http-apr-8080-exec-5] org.apache.catalina.realm.LockOutRealm.filterLockedAccounts An attempt was made to authenticate the locked user "admin"
11-Sep-2018 16:51:00.547 少御 [http-apr-8080-exec-6] org.apache.catalina.realm.LockOutRealm.filterLockedAccounts An attempt was made to authenticate the locked user "admin"
11-Sep-2018 16:51:00.571 少御 [http-apr-8080-exec-8] org.apache.catalina.realm.LockOutRealm.filterLockedAccounts An attempt was made to authenticate the locked user "admin"
11-Sep-2018 16:51:00.594 少御 [http-apr-8080-exec-9] org.apache.catalina.realm.LockOutRealm.filterLockedAccounts An attempt was made to authenticate the locked user "admin"
11-Sep-2018 16:51:00.716 少御 [http-apr-8080-exec-2] org.apache.catalina.realm.LockOutRealm.filterLockedAccounts An attempt was made to authenticate the locked user "root"
11-Sep-2018 16:51:00.739 少御 [http-apr-8080-exec-3] org.apache.catalina.realm.LockOutRealm.filterLockedAccounts An attempt was made to authenticate the locked user "root"
11-Sep-2018 16:51:00.766 少御 [http-apr-8080-exec-5] org.apache.catalina.realm.LockOutRealm.filterLockedAccounts An attempt was made to authenticate the locked user "root"
11-Sep-2018 16:51:00.789 少御 [http-apr-8080-exec-6] org.apache.catalina.realm.LockOutRealm.filterLockedAccounts An attempt was made to authenticate the locked user "root"
11-Sep-2018 16:51:00.814 少御 [http-apr-8080-exec-8] org.apache.catalina.realm.LockOutRealm.filterLockedAccounts An attempt was made to authenticate the locked user "root"
11-Sep-2018 16:51:00.838 少御 [http-apr-8080-exec-9] org.apache.catalina.realm.LockOutRealm.filterLockedAccounts An attempt was made to authenticate the locked user "root"
11-Sep-2018 16:51:00.863 少御 [http-apr-8080-exec-10] org.apache.catalina.realm.LockOutRealm.filterLockedAccounts An attempt was made to authenticate the locked user "root"
11-Sep-2018 16:51:00.888 少御 [http-apr-8080-exec-4] org.apache.catalina.realm.LockOutRealm.filterLockedAccounts An attempt was made to authenticate the locked user "root"
11-Sep-2018 16:51:00.912 少御 [http-apr-8080-exec-7] org.apache.catalina.realm.LockOutRealm.filterLockedAccounts An attempt was made to authenticate the locked user "root"
11-Sep-2018 16:51:00.939 少御 [http-apr-8080-exec-1] org.apache.catalina.realm.LockOutRealm.filterLockedAccounts An attempt was made to authenticate the locked user "root"
11-Sep-2018 16:51:00.962 少御 [http-apr-8080-exec-2] org.apache.catalina.realm.LockOutRealm.filterLockedAccounts An attempt was made to authenticate the locked user "root"
11-Sep-2018 16:51:00.986 少御 [http-apr-8080-exec-3] org.apache.catalina.realm.LockOutRealm.filterLockedAccounts An attempt was made to authenticate the locked user "root"
11-Sep-2018 16:51:01.011 少御 [http-apr-8080-exec-5] org.apache.catalina.realm.LockOutRealm.filterLockedAccounts An attempt was made to authenticate the locked user "root"
11-Sep-2018 16:51:01.036 少御 [http-apr-8080-exec-6] org.apache.catalina.realm.LockOutRealm.filterLockedAccounts An attempt was made to authenticate the locked user "root"
11-Sep-2018 16:51:01.059 少御 [http-apr-8080-exec-8] org.apache.catalina.realm.LockOutRealm.filterLockedAccounts An attempt was made to authenticate the locked user "root"
11-Sep-2018 16:51:01.084 少御 [http-apr-8080-exec-9] org.apache.catalina.realm.LockOutRealm.filterLockedAccounts An attempt was made to authenticate the locked user "root"
11-Sep-2018 16:51:01.109 少御 [http-apr-8080-exec-10] org.apache.catalina.realm.LockOutRealm.filterLockedAccounts An attempt was made to authenticate the locked user "root"
11-Sep-2018 16:51:01.132 少御 [http-apr-8080-exec-4] org.apache.catalina.realm.LockOutRealm.filterLockedAccounts An attempt was made to authenticate the locked user "root"
11-Sep-2018 16:51:01.157 少御 [http-apr-8080-exec-7] org.apache.catalina.realm.LockOutRealm.filterLockedAccounts An attempt was made to authenticate the locked user "root"
11-Sep-2018 16:51:01.181 少御 [http-apr-8080-exec-1] org.apache.catalina.realm.LockOutRealm.filterLockedAccounts An attempt was made to authenticate the locked user "root"
11-Sep-2018 16:51:01.206 少御 [http-apr-8080-exec-2] org.apache.catalina.realm.LockOutRealm.filterLockedAccounts An attempt was made to authenticate the locked user "root"
11-Sep-2018 16:51:01.231 少御 [http-apr-8080-exec-3] org.apache.catalina.realm.LockOutRealm.filterLockedAccounts An attempt was made to authenticate the locked user "root"
11-Sep-2018 16:51:01.256 少御 [http-apr-8080-exec-5] org.apache.catalina.realm.LockOutRealm.filterLockedAccounts An attempt was made to authenticate the locked user "root"
11-Sep-2018 16:51:01.281 少御 [http-apr-8080-exec-6] org.apache.catalina.realm.LockOutRealm.filterLockedAccounts An attempt was made to authenticate the locked user "root"
11-Sep-2018 16:51:01.304 少御 [http-apr-8080-exec-8] org.apache.catalina.realm.LockOutRealm.filterLockedAccounts An attempt was made to authenticate the locked user "root"
11-Sep-2018 16:51:01.329 少御 [http-apr-8080-exec-9] org.apache.catalina.realm.LockOutRealm.filterLockedAccounts An attempt was made to authenticate the locked user "root"
11-Sep-2018 16:51:01.355 少御 [http-apr-8080-exec-10] org.apache.catalina.realm.LockOutRealm.filterLockedAccounts An attempt was made to authenticate the locked user "root"
11-Sep-2018 16:51:01.380 少御 [http-apr-8080-exec-4] org.apache.catalina.realm.LockOutRealm.filterLockedAccounts An attempt was made to authenticate the locked user "root"
11-Sep-2018 16:51:01.405 少御 [http-apr-8080-exec-7] org.apache.catalina.realm.LockOutRealm.filterLockedAccounts An attempt was made to authenticate the locked user "root"
11-Sep-2018 16:51:01.430 少御 [http-apr-8080-exec-1] org.apache.catalina.realm.LockOutRealm.filterLockedAccounts An attempt was made to authenticate the locked user "root"
11-Sep-2018 16:51:01.455 少御 [http-apr-8080-exec-2] org.apache.catalina.realm.LockOutRealm.filterLockedAccounts An attempt was made to authenticate the locked user "root"
11-Sep-2018 16:51:01.480 少御 [http-apr-8080-exec-3] org.apache.catalina.realm.LockOutRealm.filterLockedAccounts An attempt was made to authenticate the locked user "root"
11-Sep-2018 16:51:01.504 少御 [http-apr-8080-exec-5] org.apache.catalina.realm.LockOutRealm.filterLockedAccounts An attempt was made to authenticate the locked user "root"
11-Sep-2018 16:51:01.528 少御 [http-apr-8080-exec-6] org.apache.catalina.realm.LockOutRealm.filterLockedAccounts An attempt was made to authenticate the locked user "root"
11-Sep-2018 16:51:01.553 少御 [http-apr-8080-exec-8] org.apache.catalina.realm.LockOutRealm.filterLockedAccounts An attempt was made to authenticate the locked user "root"
11-Sep-2018 16:51:01.578 少御 [http-apr-8080-exec-9] org.apache.catalina.realm.LockOutRealm.filterLockedAccounts An attempt was made to authenticate the locked user "root"
11-Sep-2018 16:51:01.603 少御 [http-apr-8080-exec-10] org.apache.catalina.realm.LockOutRealm.filterLockedAccounts An attempt was made to authenticate the locked user "root"
11-Sep-2018 16:51:01.627 少御 [http-apr-8080-exec-4] org.apache.catalina.realm.LockOutRealm.filterLockedAccounts An attempt was made to authenticate the locked user "root"
11-Sep-2018 16:51:01.651 少御 [http-apr-8080-exec-7] org.apache.catalina.realm.LockOutRealm.filterLockedAccounts An attempt was made to authenticate the locked user "root"
11-Sep-2018 16:51:01.676 少御 [http-apr-8080-exec-1] org.apache.catalina.realm.LockOutRealm.filterLockedAccounts An attempt was made to authenticate the locked user "root"
11-Sep-2018 16:51:01.700 少御 [http-apr-8080-exec-2] org.apache.catalina.realm.LockOutRealm.filterLockedAccounts An attempt was made to authenticate the locked user "root"
11-Sep-2018 16:51:01.750 少御 [http-apr-8080-exec-5] org.apache.catalina.realm.LockOutRealm.filterLockedAccounts An attempt was made to authenticate the locked user "root"
11-Sep-2018 16:51:01.774 少御 [http-apr-8080-exec-6] org.apache.catalina.realm.LockOutRealm.filterLockedAccounts An attempt was made to authenticate the locked user "root"
11-Sep-2018 16:51:01.801 少御 [http-apr-8080-exec-8] org.apache.catalina.realm.LockOutRealm.filterLockedAccounts An attempt was made to authenticate the locked user "root"
11-Sep-2018 16:51:01.827 少御 [http-apr-8080-exec-9] org.apache.catalina.realm.LockOutRealm.filterLockedAccounts An attempt was made to authenticate the locked user "root"
11-Sep-2018 16:51:01.852 少御 [http-apr-8080-exec-10] org.apache.catalina.realm.LockOutRealm.filterLockedAccounts An attempt was made to authenticate the locked user "root"
11-Sep-2018 16:51:01.877 少御 [http-apr-8080-exec-4] org.apache.catalina.realm.LockOutRealm.filterLockedAccounts An attempt was made to authenticate the locked user "root"
11-Sep-2018 16:51:01.902 少御 [http-apr-8080-exec-7] org.apache.catalina.realm.LockOutRealm.filterLockedAccounts An attempt was made to authenticate the locked user "root"
11-Sep-2018 16:51:01.928 少御 [http-apr-8080-exec-1] org.apache.catalina.realm.LockOutRealm.filterLockedAccounts An attempt was made to authenticate the locked user "root"
11-Sep-2018 16:51:01.953 少御 [http-apr-8080-exec-2] org.apache.catalina.realm.LockOutRealm.filterLockedAccounts An attempt was made to authenticate the locked user "root"
11-Sep-2018 16:51:01.985 少御 [http-apr-8080-exec-3] org.apache.catalina.realm.LockOutRealm.filterLockedAccounts An attempt was made to authenticate the locked user "root"
11-Sep-2018 16:51:02.011 少御 [http-apr-8080-exec-5] org.apache.catalina.realm.LockOutRealm.filterLockedAccounts An attempt was made to authenticate the locked user "root"
11-Sep-2018 16:51:02.036 少御 [http-apr-8080-exec-6] org.apache.catalina.realm.LockOutRealm.filterLockedAccounts An attempt was made to authenticate the locked user "root"
11-Sep-2018 16:51:02.061 少御 [http-apr-8080-exec-8] org.apache.catalina.realm.LockOutRealm.filterLockedAccounts An attempt was made to authenticate the locked user "root"
11-Sep-2018 16:51:02.089 少御 [http-apr-8080-exec-9] org.apache.catalina.realm.LockOutRealm.filterLockedAccounts An attempt was made to authenticate the locked user "root"
11-Sep-2018 16:51:02.114 少御 [http-apr-8080-exec-10] org.apache.catalina.realm.LockOutRealm.filterLockedAccounts An attempt was made to authenticate the locked user "root"
11-Sep-2018 16:51:02.138 少御 [http-apr-8080-exec-4] org.apache.catalina.realm.LockOutRealm.filterLockedAccounts An attempt was made to authenticate the locked user "root"
11-Sep-2018 16:51:02.162 少御 [http-apr-8080-exec-7] org.apache.catalina.realm.LockOutRealm.filterLockedAccounts An attempt was made to authenticate the locked user "root"
11-Sep-2018 16:51:02.187 少御 [http-apr-8080-exec-1] org.apache.catalina.realm.LockOutRealm.filterLockedAccounts An attempt was made to authenticate the locked user "root"
11-Sep-2018 16:51:02.212 少御 [http-apr-8080-exec-2] org.apache.catalina.realm.LockOutRealm.filterLockedAccounts An attempt was made to authenticate the locked user "root"
11-Sep-2018 16:51:02.237 少御 [http-apr-8080-exec-3] org.apache.catalina.realm.LockOutRealm.filterLockedAccounts An attempt was made to authenticate the locked user "root"
11-Sep-2018 16:51:02.260 少御 [http-apr-8080-exec-5] org.apache.catalina.realm.LockOutRealm.filterLockedAccounts An attempt was made to authenticate the locked user "root"
11-Sep-2018 16:51:02.285 少御 [http-apr-8080-exec-6] org.apache.catalina.realm.LockOutRealm.filterLockedAccounts An attempt was made to authenticate the locked user "root"
11-Sep-2018 16:51:02.310 少御 [http-apr-8080-exec-8] org.apache.catalina.realm.LockOutRealm.filterLockedAccounts An attempt was made to authenticate the locked user "root"
11-Sep-2018 16:51:02.338 少御 [http-apr-8080-exec-9] org.apache.catalina.realm.LockOutRealm.filterLockedAccounts An attempt was made to authenticate the locked user "root"
11-Sep-2018 16:51:02.363 少御 [http-apr-8080-exec-10] org.apache.catalina.realm.LockOutRealm.filterLockedAccounts An attempt was made to authenticate the locked user "root"
11-Sep-2018 16:51:02.387 少御 [http-apr-8080-exec-4] org.apache.catalina.realm.LockOutRealm.filterLockedAccounts An attempt was made to authenticate the locked user "root"
11-Sep-2018 16:51:02.412 少御 [http-apr-8080-exec-7] org.apache.catalina.realm.LockOutRealm.filterLockedAccounts An attempt was made to authenticate the locked user "root"
11-Sep-2018 16:51:02.436 少御 [http-apr-8080-exec-1] org.apache.catalina.realm.LockOutRealm.filterLockedAccounts An attempt was made to authenticate the locked user "root"
11-Sep-2018 16:51:02.461 少御 [http-apr-8080-exec-2] org.apache.catalina.realm.LockOutRealm.filterLockedAccounts An attempt was made to authenticate the locked user "root"
11-Sep-2018 16:51:02.486 少御 [http-apr-8080-exec-3] org.apache.catalina.realm.LockOutRealm.filterLockedAccounts An attempt was made to authenticate the locked user "root"
11-Sep-2018 16:51:02.511 少御 [http-apr-8080-exec-5] org.apache.catalina.realm.LockOutRealm.filterLockedAccounts An attempt was made to authenticate the locked user "root"
11-Sep-2018 16:51:02.536 少御 [http-apr-8080-exec-6] org.apache.catalina.realm.LockOutRealm.filterLockedAccounts An attempt was made to authenticate the locked user "root"
11-Sep-2018 16:51:02.562 少御 [http-apr-8080-exec-8] org.apache.catalina.realm.LockOutRealm.filterLockedAccounts An attempt was made to authenticate the locked user "root"
11-Sep-2018 16:51:02.588 少御 [http-apr-8080-exec-9] org.apache.catalina.realm.LockOutRealm.filterLockedAccounts An attempt was made to authenticate the locked user "root"
11-Sep-2018 16:51:02.613 少御 [http-apr-8080-exec-10] org.apache.catalina.realm.LockOutRealm.filterLockedAccounts An attempt was made to authenticate the locked user "root"
11-Sep-2018 16:51:02.640 少御 [http-apr-8080-exec-4] org.apache.catalina.realm.LockOutRealm.filterLockedAccounts An attempt was made to authenticate the locked user "root"
11-Sep-2018 16:51:02.666 少御 [http-apr-8080-exec-7] org.apache.catalina.realm.LockOutRealm.filterLockedAccounts An attempt was made to authenticate the locked user "root"
11-Sep-2018 16:51:02.691 少御 [http-apr-8080-exec-1] org.apache.catalina.realm.LockOutRealm.filterLockedAccounts An attempt was made to authenticate the locked user "root"
11-Sep-2018 16:51:02.718 少御 [http-apr-8080-exec-2] org.apache.catalina.realm.LockOutRealm.filterLockedAccounts An attempt was made to authenticate the locked user "root"
11-Sep-2018 16:51:02.742 少御 [http-apr-8080-exec-3] org.apache.catalina.realm.LockOutRealm.filterLockedAccounts An attempt was made to authenticate the locked user "root"
11-Sep-2018 16:51:02.766 少御 [http-apr-8080-exec-5] org.apache.catalina.realm.LockOutRealm.filterLockedAccounts An attempt was made to authenticate the locked user "root"
11-Sep-2018 16:51:02.790 少御 [http-apr-8080-exec-6] org.apache.catalina.realm.LockOutRealm.filterLockedAccounts An attempt was made to authenticate the locked user "root"
11-Sep-2018 16:51:02.815 少御 [http-apr-8080-exec-8] org.apache.catalina.realm.LockOutRealm.filterLockedAccounts An attempt was made to authenticate the locked user "root"
11-Sep-2018 16:51:02.839 少御 [http-apr-8080-exec-9] org.apache.catalina.realm.LockOutRealm.filterLockedAccounts An attempt was made to authenticate the locked user "root"
11-Sep-2018 16:51:02.863 少御 [http-apr-8080-exec-10] org.apache.catalina.realm.LockOutRealm.filterLockedAccounts An attempt was made to authenticate the locked user "root"
11-Sep-2018 16:51:02.888 少御 [http-apr-8080-exec-4] org.apache.catalina.realm.LockOutRealm.filterLockedAccounts An attempt was made to authenticate the locked user "root"
11-Sep-2018 16:51:02.913 少御 [http-apr-8080-exec-7] org.apache.catalina.realm.LockOutRealm.filterLockedAccounts An attempt was made to authenticate the locked user "root"
11-Sep-2018 16:51:02.946 少御 [http-apr-8080-exec-1] org.apache.catalina.realm.LockOutRealm.filterLockedAccounts An attempt was made to authenticate the locked user "root"
11-Sep-2018 16:51:02.970 少御 [http-apr-8080-exec-2] org.apache.catalina.realm.LockOutRealm.filterLockedAccounts An attempt was made to authenticate the locked user "root"
11-Sep-2018 16:51:02.995 少御 [http-apr-8080-exec-3] org.apache.catalina.realm.LockOutRealm.filterLockedAccounts An attempt was made to authenticate the locked user "root"
11-Sep-2018 16:51:03.019 少御 [http-apr-8080-exec-5] org.apache.catalina.realm.LockOutRealm.filterLockedAccounts An attempt was made to authenticate the locked user "root"
11-Sep-2018 16:51:03.045 少御 [http-apr-8080-exec-6] org.apache.catalina.realm.LockOutRealm.filterLockedAccounts An attempt was made to authenticate the locked user "root"
11-Sep-2018 16:51:03.072 少御 [http-apr-8080-exec-8] org.apache.catalina.realm.LockOutRealm.filterLockedAccounts An attempt was made to authenticate the locked user "root"
11-Sep-2018 16:51:03.096 少御 [http-apr-8080-exec-9] org.apache.catalina.realm.LockOutRealm.filterLockedAccounts An attempt was made to authenticate the locked user "root"
11-Sep-2018 16:51:03.123 少御 [http-apr-8080-exec-10] org.apache.catalina.realm.LockOutRealm.filterLockedAccounts An attempt was made to authenticate the locked user "root"
11-Sep-2018 16:51:03.147 少御 [http-apr-8080-exec-4] org.apache.catalina.realm.LockOutRealm.filterLockedAccounts An attempt was made to authenticate the locked user "root"
11-Sep-2018 16:51:03.172 少御 [http-apr-8080-exec-7] org.apache.catalina.realm.LockOutRealm.filterLockedAccounts An attempt was made to authenticate the locked user "root"
11-Sep-2018 16:51:03.196 少御 [http-apr-8080-exec-1] org.apache.catalina.realm.LockOutRealm.filterLockedAccounts An attempt was made to authenticate the locked user "root"
11-Sep-2018 16:51:03.220 少御 [http-apr-8080-exec-2] org.apache.catalina.realm.LockOutRealm.filterLockedAccounts An attempt was made to authenticate the locked user "root"
11-Sep-2018 16:51:03.253 少御 [http-apr-8080-exec-3] org.apache.catalina.realm.LockOutRealm.filterLockedAccounts An attempt was made to authenticate the locked user "root"
11-Sep-2018 16:51:03.277 少御 [http-apr-8080-exec-5] org.apache.catalina.realm.LockOutRealm.filterLockedAccounts An attempt was made to authenticate the locked user "root"
11-Sep-2018 16:51:03.302 少御 [http-apr-8080-exec-6] org.apache.catalina.realm.LockOutRealm.filterLockedAccounts An attempt was made to authenticate the locked user "root"
11-Sep-2018 16:51:03.326 少御 [http-apr-8080-exec-8] org.apache.catalina.realm.LockOutRealm.filterLockedAccounts An attempt was made to authenticate the locked user "root"
11-Sep-2018 16:51:03.351 少御 [http-apr-8080-exec-9] org.apache.catalina.realm.LockOutRealm.filterLockedAccounts An attempt was made to authenticate the locked user "root"
11-Sep-2018 16:51:03.375 少御 [http-apr-8080-exec-10] org.apache.catalina.realm.LockOutRealm.filterLockedAccounts An attempt was made to authenticate the locked user "root"
11-Sep-2018 16:51:03.399 少御 [http-apr-8080-exec-4] org.apache.catalina.realm.LockOutRealm.filterLockedAccounts An attempt was made to authenticate the locked user "root"
11-Sep-2018 16:51:03.423 少御 [http-apr-8080-exec-7] org.apache.catalina.realm.LockOutRealm.filterLockedAccounts An attempt was made to authenticate the locked user "root"
11-Sep-2018 16:51:03.449 少御 [http-apr-8080-exec-1] org.apache.catalina.realm.LockOutRealm.filterLockedAccounts An attempt was made to authenticate the locked user "root"
11-Sep-2018 16:51:03.473 少御 [http-apr-8080-exec-2] org.apache.catalina.realm.LockOutRealm.filterLockedAccounts An attempt was made to authenticate the locked user "root"
11-Sep-2018 16:51:03.497 少御 [http-apr-8080-exec-3] org.apache.catalina.realm.LockOutRealm.filterLockedAccounts An attempt was made to authenticate the locked user "root"
11-Sep-2018 16:51:03.521 少御 [http-apr-8080-exec-5] org.apache.catalina.realm.LockOutRealm.filterLockedAccounts An attempt was made to authenticate the locked user "root"
11-Sep-2018 16:51:03.546 少御 [http-apr-8080-exec-6] org.apache.catalina.realm.LockOutRealm.filterLockedAccounts An attempt was made to authenticate the locked user "root"
11-Sep-2018 16:51:03.571 少御 [http-apr-8080-exec-8] org.apache.catalina.realm.LockOutRealm.filterLockedAccounts An attempt was made to authenticate the locked user "root"
11-Sep-2018 16:51:03.595 少御 [http-apr-8080-exec-9] org.apache.catalina.realm.LockOutRealm.filterLockedAccounts An attempt was made to authenticate the locked user "root"
11-Sep-2018 16:51:03.619 少御 [http-apr-8080-exec-10] org.apache.catalina.realm.LockOutRealm.filterLockedAccounts An attempt was made to authenticate the locked user "root"
11-Sep-2018 16:51:03.644 少御 [http-apr-8080-exec-4] org.apache.catalina.realm.LockOutRealm.filterLockedAccounts An attempt was made to authenticate the locked user "root"
11-Sep-2018 16:51:03.672 少御 [http-apr-8080-exec-7] org.apache.catalina.realm.LockOutRealm.filterLockedAccounts An attempt was made to authenticate the locked user "root"
11-Sep-2018 16:51:03.697 少御 [http-apr-8080-exec-1] org.apache.catalina.realm.LockOutRealm.filterLockedAccounts An attempt was made to authenticate the locked user "root"
11-Sep-2018 16:51:03.721 少御 [http-apr-8080-exec-2] org.apache.catalina.realm.LockOutRealm.filterLockedAccounts An attempt was made to authenticate the locked user "root"
11-Sep-2018 16:51:03.746 少御 [http-apr-8080-exec-3] org.apache.catalina.realm.LockOutRealm.filterLockedAccounts An attempt was made to authenticate the locked user "root"
11-Sep-2018 16:51:03.774 少御 [http-apr-8080-exec-5] org.apache.catalina.realm.LockOutRealm.filterLockedAccounts An attempt was made to authenticate the locked user "root"
11-Sep-2018 16:51:03.895 少御 [http-apr-8080-exec-4] org.apache.catalina.realm.LockOutRealm.filterLockedAccounts An attempt was made to authenticate the locked user "manager"
11-Sep-2018 16:51:03.919 少御 [http-apr-8080-exec-7] org.apache.catalina.realm.LockOutRealm.filterLockedAccounts An attempt was made to authenticate the locked user "manager"
11-Sep-2018 16:51:03.946 少御 [http-apr-8080-exec-1] org.apache.catalina.realm.LockOutRealm.filterLockedAccounts An attempt was made to authenticate the locked user "manager"
11-Sep-2018 16:51:03.973 少御 [http-apr-8080-exec-2] org.apache.catalina.realm.LockOutRealm.filterLockedAccounts An attempt was made to authenticate the locked user "manager"
11-Sep-2018 16:51:03.997 少御 [http-apr-8080-exec-3] org.apache.catalina.realm.LockOutRealm.filterLockedAccounts An attempt was made to authenticate the locked user "manager"
11-Sep-2018 16:51:04.022 少御 [http-apr-8080-exec-5] org.apache.catalina.realm.LockOutRealm.filterLockedAccounts An attempt was made to authenticate the locked user "manager"
11-Sep-2018 16:51:04.046 少御 [http-apr-8080-exec-6] org.apache.catalina.realm.LockOutRealm.filterLockedAccounts An attempt was made to authenticate the locked user "manager"
11-Sep-2018 16:51:04.070 少御 [http-apr-8080-exec-8] org.apache.catalina.realm.LockOutRealm.filterLockedAccounts An attempt was made to authenticate the locked user "manager"
11-Sep-2018 16:51:04.095 少御 [http-apr-8080-exec-9] org.apache.catalina.realm.LockOutRealm.filterLockedAccounts An attempt was made to authenticate the locked user "manager"
11-Sep-2018 16:51:04.119 少御 [http-apr-8080-exec-10] org.apache.catalina.realm.LockOutRealm.filterLockedAccounts An attempt was made to authenticate the locked user "manager"
11-Sep-2018 16:51:04.148 少御 [http-apr-8080-exec-4] org.apache.catalina.realm.LockOutRealm.filterLockedAccounts An attempt was made to authenticate the locked user "manager"
11-Sep-2018 16:51:04.174 少御 [http-apr-8080-exec-7] org.apache.catalina.realm.LockOutRealm.filterLockedAccounts An attempt was made to authenticate the locked user "manager"
11-Sep-2018 16:51:04.198 少御 [http-apr-8080-exec-1] org.apache.catalina.realm.LockOutRealm.filterLockedAccounts An attempt was made to authenticate the locked user "manager"
11-Sep-2018 16:51:04.223 少御 [http-apr-8080-exec-2] org.apache.catalina.realm.LockOutRealm.filterLockedAccounts An attempt was made to authenticate the locked user "manager"
11-Sep-2018 16:51:04.247 少御 [http-apr-8080-exec-3] org.apache.catalina.realm.LockOutRealm.filterLockedAccounts An attempt was made to authenticate the locked user "manager"
11-Sep-2018 16:51:04.370 少御 [http-apr-8080-exec-6] org.apache.catalina.realm.LockOutRealm.filterLockedAccounts An attempt was made to authenticate the locked user "manager"
11-Sep-2018 16:51:04.395 少御 [http-apr-8080-exec-8] org.apache.catalina.realm.LockOutRealm.filterLockedAccounts An attempt was made to authenticate the locked user "manager"
11-Sep-2018 16:51:04.422 少御 [http-apr-8080-exec-9] org.apache.catalina.realm.LockOutRealm.filterLockedAccounts An attempt was made to authenticate the locked user "manager"
11-Sep-2018 16:51:04.447 少御 [http-apr-8080-exec-10] org.apache.catalina.realm.LockOutRealm.filterLockedAccounts An attempt was made to authenticate the locked user "manager"
11-Sep-2018 16:51:04.471 少御 [http-apr-8080-exec-4] org.apache.catalina.realm.LockOutRealm.filterLockedAccounts An attempt was made to authenticate the locked user "manager"
11-Sep-2018 16:51:04.496 少御 [http-apr-8080-exec-7] org.apache.catalina.realm.LockOutRealm.filterLockedAccounts An attempt was made to authenticate the locked user "manager"
11-Sep-2018 16:51:04.521 少御 [http-apr-8080-exec-1] org.apache.catalina.realm.LockOutRealm.filterLockedAccounts An attempt was made to authenticate the locked user "manager"
11-Sep-2018 16:51:04.545 少御 [http-apr-8080-exec-2] org.apache.catalina.realm.LockOutRealm.filterLockedAccounts An attempt was made to authenticate the locked user "manager"
11-Sep-2018 16:51:04.569 少御 [http-apr-8080-exec-3] org.apache.catalina.realm.LockOutRealm.filterLockedAccounts An attempt was made to authenticate the locked user "manager"
11-Sep-2018 16:51:04.594 少御 [http-apr-8080-exec-5] org.apache.catalina.realm.LockOutRealm.filterLockedAccounts An attempt was made to authenticate the locked user "manager"
11-Sep-2018 16:51:04.619 少御 [http-apr-8080-exec-6] org.apache.catalina.realm.LockOutRealm.filterLockedAccounts An attempt was made to authenticate the locked user "manager"
11-Sep-2018 16:51:04.643 少御 [http-apr-8080-exec-8] org.apache.catalina.realm.LockOutRealm.filterLockedAccounts An attempt was made to authenticate the locked user "manager"
11-Sep-2018 16:51:04.669 少御 [http-apr-8080-exec-9] org.apache.catalina.realm.LockOutRealm.filterLockedAccounts An attempt was made to authenticate the locked user "manager"
11-Sep-2018 16:51:04.696 少御 [http-apr-8080-exec-10] org.apache.catalina.realm.LockOutRealm.filterLockedAccounts An attempt was made to authenticate the locked user "manager"
11-Sep-2018 16:51:04.720 少御 [http-apr-8080-exec-4] org.apache.catalina.realm.LockOutRealm.filterLockedAccounts An attempt was made to authenticate the locked user "manager"
11-Sep-2018 16:51:04.745 少御 [http-apr-8080-exec-7] org.apache.catalina.realm.LockOutRealm.filterLockedAccounts An attempt was made to authenticate the locked user "manager"
11-Sep-2018 16:51:04.773 少御 [http-apr-8080-exec-1] org.apache.catalina.realm.LockOutRealm.filterLockedAccounts An attempt was made to authenticate the locked user "manager"
11-Sep-2018 16:51:04.798 少御 [http-apr-8080-exec-2] org.apache.catalina.realm.LockOutRealm.filterLockedAccounts An attempt was made to authenticate the locked user "manager"
11-Sep-2018 16:51:04.823 少御 [http-apr-8080-exec-3] org.apache.catalina.realm.LockOutRealm.filterLockedAccounts An attempt was made to authenticate the locked user "manager"
11-Sep-2018 16:51:04.847 少御 [http-apr-8080-exec-5] org.apache.catalina.realm.LockOutRealm.filterLockedAccounts An attempt was made to authenticate the locked user "manager"
11-Sep-2018 16:51:04.872 少御 [http-apr-8080-exec-6] org.apache.catalina.realm.LockOutRealm.filterLockedAccounts An attempt was made to authenticate the locked user "manager"
11-Sep-2018 16:51:04.896 少御 [http-apr-8080-exec-8] org.apache.catalina.realm.LockOutRealm.filterLockedAccounts An attempt was made to authenticate the locked user "manager"
11-Sep-2018 16:51:04.921 少御 [http-apr-8080-exec-9] org.apache.catalina.realm.LockOutRealm.filterLockedAccounts An attempt was made to authenticate the locked user "manager"
11-Sep-2018 16:51:04.948 少御 [http-apr-8080-exec-10] org.apache.catalina.realm.LockOutRealm.filterLockedAccounts An attempt was made to authenticate the locked user "manager"
11-Sep-2018 16:51:04.974 少御 [http-apr-8080-exec-4] org.apache.catalina.realm.LockOutRealm.filterLockedAccounts An attempt was made to authenticate the locked user "manager"
11-Sep-2018 16:51:04.998 少御 [http-apr-8080-exec-7] org.apache.catalina.realm.LockOutRealm.filterLockedAccounts An attempt was made to authenticate the locked user "manager"
11-Sep-2018 16:51:05.022 少御 [http-apr-8080-exec-1] org.apache.catalina.realm.LockOutRealm.filterLockedAccounts An attempt was made to authenticate the locked user "manager"
11-Sep-2018 16:51:05.047 少御 [http-apr-8080-exec-2] org.apache.catalina.realm.LockOutRealm.filterLockedAccounts An attempt was made to authenticate the locked user "manager"
11-Sep-2018 16:51:05.072 少御 [http-apr-8080-exec-3] org.apache.catalina.realm.LockOutRealm.filterLockedAccounts An attempt was made to authenticate the locked user "manager"
11-Sep-2018 16:51:05.096 少御 [http-apr-8080-exec-5] org.apache.catalina.realm.LockOutRealm.filterLockedAccounts An attempt was made to authenticate the locked user "manager"
11-Sep-2018 16:51:05.121 少御 [http-apr-8080-exec-6] org.apache.catalina.realm.LockOutRealm.filterLockedAccounts An attempt was made to authenticate the locked user "manager"
11-Sep-2018 16:51:05.146 少御 [http-apr-8080-exec-8] org.apache.catalina.realm.LockOutRealm.filterLockedAccounts An attempt was made to authenticate the locked user "manager"
11-Sep-2018 16:51:05.169 少御 [http-apr-8080-exec-9] org.apache.catalina.realm.LockOutRealm.filterLockedAccounts An attempt was made to authenticate the locked user "manager"
11-Sep-2018 16:51:05.193 少御 [http-apr-8080-exec-10] org.apache.catalina.realm.LockOutRealm.filterLockedAccounts An attempt was made to authenticate the locked user "manager"
11-Sep-2018 16:51:05.218 少御 [http-apr-8080-exec-4] org.apache.catalina.realm.LockOutRealm.filterLockedAccounts An attempt was made to authenticate the locked user "manager"
11-Sep-2018 16:51:05.242 少御 [http-apr-8080-exec-7] org.apache.catalina.realm.LockOutRealm.filterLockedAccounts An attempt was made to authenticate the locked user "manager"
11-Sep-2018 16:51:05.267 少御 [http-apr-8080-exec-1] org.apache.catalina.realm.LockOutRealm.filterLockedAccounts An attempt was made to authenticate the locked user "manager"
11-Sep-2018 16:51:05.292 少御 [http-apr-8080-exec-2] org.apache.catalina.realm.LockOutRealm.filterLockedAccounts An attempt was made to authenticate the locked user "manager"
11-Sep-2018 16:51:05.316 少御 [http-apr-8080-exec-3] org.apache.catalina.realm.LockOutRealm.filterLockedAccounts An attempt was made to authenticate the locked user "manager"
11-Sep-2018 16:51:05.340 少御 [http-apr-8080-exec-5] org.apache.catalina.realm.LockOutRealm.filterLockedAccounts An attempt was made to authenticate the locked user "manager"
11-Sep-2018 16:51:05.365 少御 [http-apr-8080-exec-6] org.apache.catalina.realm.LockOutRealm.filterLockedAccounts An attempt was made to authenticate the locked user "manager"
11-Sep-2018 16:51:05.390 少御 [http-apr-8080-exec-8] org.apache.catalina.realm.LockOutRealm.filterLockedAccounts An attempt was made to authenticate the locked user "manager"
11-Sep-2018 16:51:05.418 少御 [http-apr-8080-exec-9] org.apache.catalina.realm.LockOutRealm.filterLockedAccounts An attempt was made to authenticate the locked user "manager"
11-Sep-2018 16:51:05.445 少御 [http-apr-8080-exec-10] org.apache.catalina.realm.LockOutRealm.filterLockedAccounts An attempt was made to authenticate the locked user "manager"
11-Sep-2018 16:51:05.470 少御 [http-apr-8080-exec-4] org.apache.catalina.realm.LockOutRealm.filterLockedAccounts An attempt was made to authenticate the locked user "manager"
11-Sep-2018 16:51:05.495 少御 [http-apr-8080-exec-7] org.apache.catalina.realm.LockOutRealm.filterLockedAccounts An attempt was made to authenticate the locked user "manager"
11-Sep-2018 16:51:05.519 少御 [http-apr-8080-exec-1] org.apache.catalina.realm.LockOutRealm.filterLockedAccounts An attempt was made to authenticate the locked user "manager"
11-Sep-2018 16:51:05.543 少御 [http-apr-8080-exec-2] org.apache.catalina.realm.LockOutRealm.filterLockedAccounts An attempt was made to authenticate the locked user "manager"
11-Sep-2018 16:51:05.570 少御 [http-apr-8080-exec-3] org.apache.catalina.realm.LockOutRealm.filterLockedAccounts An attempt was made to authenticate the locked user "manager"
11-Sep-2018 16:51:05.596 少御 [http-apr-8080-exec-5] org.apache.catalina.realm.LockOutRealm.filterLockedAccounts An attempt was made to authenticate the locked user "manager"
11-Sep-2018 16:51:05.620 少御 [http-apr-8080-exec-6] org.apache.catalina.realm.LockOutRealm.filterLockedAccounts An attempt was made to authenticate the locked user "manager"
11-Sep-2018 16:51:05.645 少御 [http-apr-8080-exec-8] org.apache.catalina.realm.LockOutRealm.filterLockedAccounts An attempt was made to authenticate the locked user "manager"
11-Sep-2018 16:51:05.669 少御 [http-apr-8080-exec-9] org.apache.catalina.realm.LockOutRealm.filterLockedAccounts An attempt was made to authenticate the locked user "manager"
11-Sep-2018 16:51:05.693 少御 [http-apr-8080-exec-10] org.apache.catalina.realm.LockOutRealm.filterLockedAccounts An attempt was made to authenticate the locked user "manager"
11-Sep-2018 16:51:05.717 少御 [http-apr-8080-exec-4] org.apache.catalina.realm.LockOutRealm.filterLockedAccounts An attempt was made to authenticate the locked user "manager"
11-Sep-2018 16:51:05.742 少御 [http-apr-8080-exec-7] org.apache.catalina.realm.LockOutRealm.filterLockedAccounts An attempt was made to authenticate the locked user "manager"
11-Sep-2018 16:51:05.765 少御 [http-apr-8080-exec-1] org.apache.catalina.realm.LockOutRealm.filterLockedAccounts An attempt was made to authenticate the locked user "manager"
11-Sep-2018 16:51:05.790 少御 [http-apr-8080-exec-2] org.apache.catalina.realm.LockOutRealm.filterLockedAccounts An attempt was made to authenticate the locked user "manager"
11-Sep-2018 16:51:05.815 少御 [http-apr-8080-exec-3] org.apache.catalina.realm.LockOutRealm.filterLockedAccounts An attempt was made to authenticate the locked user "manager"
11-Sep-2018 16:51:05.840 少御 [http-apr-8080-exec-5] org.apache.catalina.realm.LockOutRealm.filterLockedAccounts An attempt was made to authenticate the locked user "manager"
11-Sep-2018 16:51:05.864 少御 [http-apr-8080-exec-6] org.apache.catalina.realm.LockOutRealm.filterLockedAccounts An attempt was made to authenticate the locked user "manager"
11-Sep-2018 16:51:05.889 少御 [http-apr-8080-exec-8] org.apache.catalina.realm.LockOutRealm.filterLockedAccounts An attempt was made to authenticate the locked user "manager"
11-Sep-2018 16:51:05.914 少御 [http-apr-8080-exec-9] org.apache.catalina.realm.LockOutRealm.filterLockedAccounts An attempt was made to authenticate the locked user "manager"
11-Sep-2018 16:51:05.947 少御 [http-apr-8080-exec-10] org.apache.catalina.realm.LockOutRealm.filterLockedAccounts An attempt was made to authenticate the locked user "manager"
11-Sep-2018 16:51:05.975 少御 [http-apr-8080-exec-4] org.apache.catalina.realm.LockOutRealm.filterLockedAccounts An attempt was made to authenticate the locked user "manager"
11-Sep-2018 16:51:06.002 少御 [http-apr-8080-exec-7] org.apache.catalina.realm.LockOutRealm.filterLockedAccounts An attempt was made to authenticate the locked user "manager"
11-Sep-2018 16:51:06.027 少御 [http-apr-8080-exec-1] org.apache.catalina.realm.LockOutRealm.filterLockedAccounts An attempt was made to authenticate the locked user "manager"
11-Sep-2018 16:51:06.051 少御 [http-apr-8080-exec-2] org.apache.catalina.realm.LockOutRealm.filterLockedAccounts An attempt was made to authenticate the locked user "manager"
11-Sep-2018 16:51:06.076 少御 [http-apr-8080-exec-3] org.apache.catalina.realm.LockOutRealm.filterLockedAccounts An attempt was made to authenticate the locked user "manager"
11-Sep-2018 16:51:06.130 少御 [http-apr-8080-exec-5] org.apache.catalina.realm.LockOutRealm.filterLockedAccounts An attempt was made to authenticate the locked user "manager"
11-Sep-2018 16:51:06.158 少御 [http-apr-8080-exec-6] org.apache.catalina.realm.LockOutRealm.filterLockedAccounts An attempt was made to authenticate the locked user "manager"
11-Sep-2018 16:51:06.182 少御 [http-apr-8080-exec-8] org.apache.catalina.realm.LockOutRealm.filterLockedAccounts An attempt was made to authenticate the locked user "manager"
11-Sep-2018 16:51:06.207 少御 [http-apr-8080-exec-9] org.apache.catalina.realm.LockOutRealm.filterLockedAccounts An attempt was made to authenticate the locked user "manager"
11-Sep-2018 16:51:06.236 少御 [http-apr-8080-exec-10] org.apache.catalina.realm.LockOutRealm.filterLockedAccounts An attempt was made to authenticate the locked user "manager"
11-Sep-2018 16:51:06.263 少御 [http-apr-8080-exec-4] org.apache.catalina.realm.LockOutRealm.filterLockedAccounts An attempt was made to authenticate the locked user "manager"
11-Sep-2018 16:51:06.287 少御 [http-apr-8080-exec-7] org.apache.catalina.realm.LockOutRealm.filterLockedAccounts An attempt was made to authenticate the locked user "manager"
