03-Jun-2018 23:02:41.680 信息 [main] org.apache.catalina.startup.VersionLoggerListener.log Server version:        Apache Tomcat/8.0.50
03-Jun-2018 23:02:41.686 信息 [main] org.apache.catalina.startup.VersionLoggerListener.log Server built:          Feb 7 2018 20:06:05 UTC
03-Jun-2018 23:02:41.686 信息 [main] org.apache.catalina.startup.VersionLoggerListener.log Server number:         8.0.50.0
03-Jun-2018 23:02:41.686 信息 [main] org.apache.catalina.startup.VersionLoggerListener.log OS Name:               Windows 10
03-Jun-2018 23:02:41.686 信息 [main] org.apache.catalina.startup.VersionLoggerListener.log OS Version:            10.0
03-Jun-2018 23:02:41.687 信息 [main] org.apache.catalina.startup.VersionLoggerListener.log Architecture:          amd64
03-Jun-2018 23:02:41.687 信息 [main] org.apache.catalina.startup.VersionLoggerListener.log Java Home:             C:\Program Files\Java\jdk1.8.0_111\jre
03-Jun-2018 23:02:41.687 信息 [main] org.apache.catalina.startup.VersionLoggerListener.log JVM Version:           1.8.0_111-b14
03-Jun-2018 23:02:41.687 信息 [main] org.apache.catalina.startup.VersionLoggerListener.log JVM Vendor:            Oracle Corporation
03-Jun-2018 23:02:41.687 信息 [main] org.apache.catalina.startup.VersionLoggerListener.log CATALINA_BASE:         I:\apache-tomcat-8.0.50
03-Jun-2018 23:02:41.687 信息 [main] org.apache.catalina.startup.VersionLoggerListener.log CATALINA_HOME:         I:\apache-tomcat-8.0.50
03-Jun-2018 23:02:41.688 信息 [main] org.apache.catalina.startup.VersionLoggerListener.log Command line argument: -Djava.util.logging.config.file=I:\apache-tomcat-8.0.50\conf\logging.properties
03-Jun-2018 23:02:41.688 信息 [main] org.apache.catalina.startup.VersionLoggerListener.log Command line argument: -Djava.util.logging.manager=org.apache.juli.ClassLoaderLogManager
03-Jun-2018 23:02:41.688 信息 [main] org.apache.catalina.startup.VersionLoggerListener.log Command line argument: -Djdk.tls.ephemeralDHKeySize=2048
03-Jun-2018 23:02:41.688 信息 [main] org.apache.catalina.startup.VersionLoggerListener.log Command line argument: -Djava.protocol.handler.pkgs=org.apache.catalina.webresources
03-Jun-2018 23:02:41.688 信息 [main] org.apache.catalina.startup.VersionLoggerListener.log Command line argument: -Dignore.endorsed.dirs=
03-Jun-2018 23:02:41.689 信息 [main] org.apache.catalina.startup.VersionLoggerListener.log Command line argument: -Dcatalina.base=I:\apache-tomcat-8.0.50
03-Jun-2018 23:02:41.691 信息 [main] org.apache.catalina.startup.VersionLoggerListener.log Command line argument: -Dcatalina.home=I:\apache-tomcat-8.0.50
03-Jun-2018 23:02:41.693 信息 [main] org.apache.catalina.startup.VersionLoggerListener.log Command line argument: -Djava.io.tmpdir=I:\apache-tomcat-8.0.50\temp
03-Jun-2018 23:02:41.695 信息 [main] org.apache.catalina.core.AprLifecycleListener.lifecycleEvent Loaded APR based Apache Tomcat Native library 1.2.16 using APR version 1.6.3.
03-Jun-2018 23:02:41.698 信息 [main] org.apache.catalina.core.AprLifecycleListener.lifecycleEvent APR capabilities: IPv6 [true], sendfile [true], accept filters [false], random [true].
03-Jun-2018 23:02:42.714 信息 [main] org.apache.catalina.core.AprLifecycleListener.initializeSSL OpenSSL successfully initialized (OpenSSL 1.0.2m  2 Nov 2017)
03-Jun-2018 23:02:42.890 信息 [main] org.apache.coyote.AbstractProtocol.init Initializing ProtocolHandler ["http-apr-8080"]
03-Jun-2018 23:02:42.965 信息 [main] org.apache.coyote.AbstractProtocol.init Initializing ProtocolHandler ["ajp-apr-8009"]
03-Jun-2018 23:02:42.970 信息 [main] org.apache.catalina.startup.Catalina.load Initialization processed in 1767 ms
03-Jun-2018 23:02:43.128 信息 [main] org.apache.catalina.core.StandardService.startInternal Starting service Catalina
03-Jun-2018 23:02:43.128 信息 [main] org.apache.catalina.core.StandardEngine.startInternal Starting Servlet Engine: Apache Tomcat/8.0.50
03-Jun-2018 23:02:43.144 信息 [localhost-startStop-1] org.apache.catalina.startup.HostConfig.deployDirectory Deploying web application directory I:\apache-tomcat-8.0.50\webapps\comet4j-master
03-Jun-2018 23:02:44.568 警告 [localhost-startStop-1] org.apache.catalina.util.SessionIdGeneratorBase.createSecureRandom Creation of SecureRandom instance for session ID generation using [SHA1PRNG] took [236] milliseconds.
03-Jun-2018 23:02:44.626 信息 [localhost-startStop-1] org.apache.catalina.startup.HostConfig.deployDirectory Deployment of web application directory I:\apache-tomcat-8.0.50\webapps\comet4j-master has finished in 1,482 ms
03-Jun-2018 23:02:44.626 信息 [localhost-startStop-1] org.apache.catalina.startup.HostConfig.deployDirectory Deploying web application directory I:\apache-tomcat-8.0.50\webapps\docs
03-Jun-2018 23:02:44.717 信息 [localhost-startStop-1] org.apache.catalina.startup.HostConfig.deployDirectory Deployment of web application directory I:\apache-tomcat-8.0.50\webapps\docs has finished in 91 ms
03-Jun-2018 23:02:44.718 信息 [localhost-startStop-1] org.apache.catalina.startup.HostConfig.deployDirectory Deploying web application directory I:\apache-tomcat-8.0.50\webapps\examples
03-Jun-2018 23:02:45.698 信息 [localhost-startStop-1] org.apache.catalina.startup.HostConfig.deployDirectory Deployment of web application directory I:\apache-tomcat-8.0.50\webapps\examples has finished in 980 ms
03-Jun-2018 23:02:45.699 信息 [localhost-startStop-1] org.apache.catalina.startup.HostConfig.deployDirectory Deploying web application directory I:\apache-tomcat-8.0.50\webapps\host-manager
03-Jun-2018 23:02:45.787 信息 [localhost-startStop-1] org.apache.catalina.startup.HostConfig.deployDirectory Deployment of web application directory I:\apache-tomcat-8.0.50\webapps\host-manager has finished in 88 ms
03-Jun-2018 23:02:45.788 信息 [localhost-startStop-1] org.apache.catalina.startup.HostConfig.deployDirectory Deploying web application directory I:\apache-tomcat-8.0.50\webapps\jk
03-Jun-2018 23:02:46.867 信息 [localhost-startStop-1] org.apache.jasper.servlet.TldScanner.scanJars At least one JAR was scanned for TLDs yet contained no TLDs. Enable debug logging for this logger for a complete list of JARs that were scanned but no TLDs were found in them. Skipping unneeded JARs during scanning can improve startup time and JSP compilation time.
03-Jun-2018 23:02:49.211 信息 [localhost-startStop-1] org.apache.catalina.startup.HostConfig.deployDirectory Deployment of web application directory I:\apache-tomcat-8.0.50\webapps\jk has finished in 3,423 ms
03-Jun-2018 23:02:49.212 信息 [localhost-startStop-1] org.apache.catalina.startup.HostConfig.deployDirectory Deploying web application directory I:\apache-tomcat-8.0.50\webapps\manager
03-Jun-2018 23:02:49.341 信息 [localhost-startStop-1] org.apache.catalina.startup.HostConfig.deployDirectory Deployment of web application directory I:\apache-tomcat-8.0.50\webapps\manager has finished in 128 ms
03-Jun-2018 23:02:49.341 信息 [localhost-startStop-1] org.apache.catalina.startup.HostConfig.deployDirectory Deploying web application directory I:\apache-tomcat-8.0.50\webapps\ROOT
03-Jun-2018 23:02:49.404 信息 [localhost-startStop-1] org.apache.catalina.startup.HostConfig.deployDirectory Deployment of web application directory I:\apache-tomcat-8.0.50\webapps\ROOT has finished in 63 ms
03-Jun-2018 23:02:49.405 信息 [localhost-startStop-1] org.apache.catalina.startup.HostConfig.deployDirectory Deploying web application directory I:\apache-tomcat-8.0.50\webapps\Serve
03-Jun-2018 23:02:50.279 信息 [localhost-startStop-1] org.apache.jasper.servlet.TldScanner.scanJars At least one JAR was scanned for TLDs yet contained no TLDs. Enable debug logging for this logger for a complete list of JARs that were scanned but no TLDs were found in them. Skipping unneeded JARs during scanning can improve startup time and JSP compilation time.
03-Jun-2018 23:02:50.321 信息 [localhost-startStop-1] org.apache.catalina.startup.HostConfig.deployDirectory Deployment of web application directory I:\apache-tomcat-8.0.50\webapps\Serve has finished in 916 ms
03-Jun-2018 23:02:50.322 信息 [localhost-startStop-1] org.apache.catalina.startup.HostConfig.deployDirectory Deploying web application directory I:\apache-tomcat-8.0.50\webapps\Server
03-Jun-2018 23:02:51.133 信息 [localhost-startStop-1] org.apache.jasper.servlet.TldScanner.scanJars At least one JAR was scanned for TLDs yet contained no TLDs. Enable debug logging for this logger for a complete list of JARs that were scanned but no TLDs were found in them. Skipping unneeded JARs during scanning can improve startup time and JSP compilation time.
03-Jun-2018 23:02:51.197 信息 [localhost-startStop-1] org.apache.catalina.startup.HostConfig.deployDirectory Deployment of web application directory I:\apache-tomcat-8.0.50\webapps\Server has finished in 876 ms
03-Jun-2018 23:02:51.197 信息 [localhost-startStop-1] org.apache.catalina.startup.HostConfig.deployDirectory Deploying web application directory I:\apache-tomcat-8.0.50\webapps\t
03-Jun-2018 23:02:51.251 信息 [localhost-startStop-1] org.apache.catalina.startup.HostConfig.deployDirectory Deployment of web application directory I:\apache-tomcat-8.0.50\webapps\t has finished in 54 ms
03-Jun-2018 23:02:51.259 信息 [main] org.apache.coyote.AbstractProtocol.start Starting ProtocolHandler ["http-apr-8080"]
03-Jun-2018 23:02:51.407 信息 [main] org.apache.coyote.AbstractProtocol.start Starting ProtocolHandler ["ajp-apr-8009"]
03-Jun-2018 23:02:51.443 信息 [main] org.apache.catalina.startup.Catalina.start Server startup in 8472 ms
