09-May-2019 10:38:07.388 信息 [main] org.apache.catalina.startup.VersionLoggerListener.log Server version:        Apache Tomcat/8.0.50
09-May-2019 10:38:07.393 信息 [main] org.apache.catalina.startup.VersionLoggerListener.log Server built:          Feb 7 2018 20:06:05 UTC
09-May-2019 10:38:07.394 信息 [main] org.apache.catalina.startup.VersionLoggerListener.log Server number:         8.0.50.0
09-May-2019 10:38:07.395 信息 [main] org.apache.catalina.startup.VersionLoggerListener.log OS Name:               Windows 10
09-May-2019 10:38:07.395 信息 [main] org.apache.catalina.startup.VersionLoggerListener.log OS Version:            10.0
09-May-2019 10:38:07.396 信息 [main] org.apache.catalina.startup.VersionLoggerListener.log Architecture:          amd64
09-May-2019 10:38:07.396 信息 [main] org.apache.catalina.startup.VersionLoggerListener.log Java Home:             C:\Program Files\Java\jdk1.8.0_111\jre
09-May-2019 10:38:07.397 信息 [main] org.apache.catalina.startup.VersionLoggerListener.log JVM Version:           1.8.0_111-b14
09-May-2019 10:38:07.397 信息 [main] org.apache.catalina.startup.VersionLoggerListener.log JVM Vendor:            Oracle Corporation
09-May-2019 10:38:07.398 信息 [main] org.apache.catalina.startup.VersionLoggerListener.log CATALINA_BASE:         I:\笔记本上的数据文件\apache-tomcat-8.0.50\apache-tomcat-8.0.50
09-May-2019 10:38:07.398 信息 [main] org.apache.catalina.startup.VersionLoggerListener.log CATALINA_HOME:         I:\笔记本上的数据文件\apache-tomcat-8.0.50\apache-tomcat-8.0.50
09-May-2019 10:38:07.399 信息 [main] org.apache.catalina.startup.VersionLoggerListener.log Command line argument: -Djava.util.logging.config.file=I:\笔记本上的数据文件\apache-tomcat-8.0.50\apache-tomcat-8.0.50\conf\logging.properties
09-May-2019 10:38:07.400 信息 [main] org.apache.catalina.startup.VersionLoggerListener.log Command line argument: -Djava.util.logging.manager=org.apache.juli.ClassLoaderLogManager
09-May-2019 10:38:07.400 信息 [main] org.apache.catalina.startup.VersionLoggerListener.log Command line argument: -Djdk.tls.ephemeralDHKeySize=2048
09-May-2019 10:38:07.401 信息 [main] org.apache.catalina.startup.VersionLoggerListener.log Command line argument: -Djava.protocol.handler.pkgs=org.apache.catalina.webresources
09-May-2019 10:38:07.401 信息 [main] org.apache.catalina.startup.VersionLoggerListener.log Command line argument: -Dignore.endorsed.dirs=
09-May-2019 10:38:07.402 信息 [main] org.apache.catalina.startup.VersionLoggerListener.log Command line argument: -Dcatalina.base=I:\笔记本上的数据文件\apache-tomcat-8.0.50\apache-tomcat-8.0.50
09-May-2019 10:38:07.405 信息 [main] org.apache.catalina.startup.VersionLoggerListener.log Command line argument: -Dcatalina.home=I:\笔记本上的数据文件\apache-tomcat-8.0.50\apache-tomcat-8.0.50
09-May-2019 10:38:07.407 信息 [main] org.apache.catalina.startup.VersionLoggerListener.log Command line argument: -Djava.io.tmpdir=I:\笔记本上的数据文件\apache-tomcat-8.0.50\apache-tomcat-8.0.50\temp
09-May-2019 10:38:07.410 信息 [main] org.apache.catalina.core.AprLifecycleListener.lifecycleEvent Loaded APR based Apache Tomcat Native library 1.2.16 using APR version 1.6.3.
09-May-2019 10:38:07.413 信息 [main] org.apache.catalina.core.AprLifecycleListener.lifecycleEvent APR capabilities: IPv6 [true], sendfile [true], accept filters [false], random [true].
09-May-2019 10:38:08.127 信息 [main] org.apache.catalina.core.AprLifecycleListener.initializeSSL OpenSSL successfully initialized (OpenSSL 1.0.2m  2 Nov 2017)
09-May-2019 10:38:08.280 信息 [main] org.apache.coyote.AbstractProtocol.init Initializing ProtocolHandler ["http-apr-8080"]
09-May-2019 10:38:08.299 信息 [main] org.apache.coyote.AbstractProtocol.init Initializing ProtocolHandler ["ajp-apr-8009"]
09-May-2019 10:38:08.301 信息 [main] org.apache.catalina.startup.Catalina.load Initialization processed in 1510 ms
09-May-2019 10:38:08.347 信息 [main] org.apache.catalina.core.StandardService.startInternal Starting service Catalina
09-May-2019 10:38:08.352 信息 [main] org.apache.catalina.core.StandardEngine.startInternal Starting Servlet Engine: Apache Tomcat/8.0.50
09-May-2019 10:38:08.398 信息 [localhost-startStop-1] org.apache.catalina.startup.HostConfig.deployDirectory Deploying web application directory I:\笔记本上的数据文件\apache-tomcat-8.0.50\apache-tomcat-8.0.50\webapps\comet4j-master
09-May-2019 10:38:09.078 警告 [localhost-startStop-1] org.apache.catalina.util.SessionIdGeneratorBase.createSecureRandom Creation of SecureRandom instance for session ID generation using [SHA1PRNG] took [307] milliseconds.
09-May-2019 10:38:09.100 信息 [localhost-startStop-1] org.apache.catalina.startup.HostConfig.deployDirectory Deployment of web application directory I:\笔记本上的数据文件\apache-tomcat-8.0.50\apache-tomcat-8.0.50\webapps\comet4j-master has finished in 702 ms
09-May-2019 10:38:09.101 信息 [localhost-startStop-1] org.apache.catalina.startup.HostConfig.deployDirectory Deploying web application directory I:\笔记本上的数据文件\apache-tomcat-8.0.50\apache-tomcat-8.0.50\webapps\docs
09-May-2019 10:38:09.137 信息 [localhost-startStop-1] org.apache.catalina.startup.HostConfig.deployDirectory Deployment of web application directory I:\笔记本上的数据文件\apache-tomcat-8.0.50\apache-tomcat-8.0.50\webapps\docs has finished in 35 ms
09-May-2019 10:38:09.139 信息 [localhost-startStop-1] org.apache.catalina.startup.HostConfig.deployDirectory Deploying web application directory I:\笔记本上的数据文件\apache-tomcat-8.0.50\apache-tomcat-8.0.50\webapps\examples
09-May-2019 10:38:09.613 信息 [localhost-startStop-1] org.apache.catalina.startup.HostConfig.deployDirectory Deployment of web application directory I:\笔记本上的数据文件\apache-tomcat-8.0.50\apache-tomcat-8.0.50\webapps\examples has finished in 475 ms
09-May-2019 10:38:09.614 信息 [localhost-startStop-1] org.apache.catalina.startup.HostConfig.deployDirectory Deploying web application directory I:\笔记本上的数据文件\apache-tomcat-8.0.50\apache-tomcat-8.0.50\webapps\host-manager
09-May-2019 10:38:09.660 信息 [localhost-startStop-1] org.apache.catalina.startup.HostConfig.deployDirectory Deployment of web application directory I:\笔记本上的数据文件\apache-tomcat-8.0.50\apache-tomcat-8.0.50\webapps\host-manager has finished in 45 ms
09-May-2019 10:38:09.660 信息 [localhost-startStop-1] org.apache.catalina.startup.HostConfig.deployDirectory Deploying web application directory I:\笔记本上的数据文件\apache-tomcat-8.0.50\apache-tomcat-8.0.50\webapps\jk
09-May-2019 10:38:10.175 信息 [localhost-startStop-1] org.apache.jasper.servlet.TldScanner.scanJars At least one JAR was scanned for TLDs yet contained no TLDs. Enable debug logging for this logger for a complete list of JARs that were scanned but no TLDs were found in them. Skipping unneeded JARs during scanning can improve startup time and JSP compilation time.
09-May-2019 10:38:10.978 信息 [localhost-startStop-1] org.apache.catalina.startup.HostConfig.deployDirectory Deployment of web application directory I:\笔记本上的数据文件\apache-tomcat-8.0.50\apache-tomcat-8.0.50\webapps\jk has finished in 1,318 ms
09-May-2019 10:38:10.979 信息 [localhost-startStop-1] org.apache.catalina.startup.HostConfig.deployDirectory Deploying web application directory I:\笔记本上的数据文件\apache-tomcat-8.0.50\apache-tomcat-8.0.50\webapps\manager
09-May-2019 10:38:11.016 信息 [localhost-startStop-1] org.apache.catalina.startup.HostConfig.deployDirectory Deployment of web application directory I:\笔记本上的数据文件\apache-tomcat-8.0.50\apache-tomcat-8.0.50\webapps\manager has finished in 37 ms
09-May-2019 10:38:11.018 信息 [localhost-startStop-1] org.apache.catalina.startup.HostConfig.deployDirectory Deploying web application directory I:\笔记本上的数据文件\apache-tomcat-8.0.50\apache-tomcat-8.0.50\webapps\ROOT
09-May-2019 10:38:11.050 信息 [localhost-startStop-1] org.apache.catalina.startup.HostConfig.deployDirectory Deployment of web application directory I:\笔记本上的数据文件\apache-tomcat-8.0.50\apache-tomcat-8.0.50\webapps\ROOT has finished in 32 ms
09-May-2019 10:38:11.051 信息 [localhost-startStop-1] org.apache.catalina.startup.HostConfig.deployDirectory Deploying web application directory I:\笔记本上的数据文件\apache-tomcat-8.0.50\apache-tomcat-8.0.50\webapps\Serve
09-May-2019 10:38:11.515 信息 [localhost-startStop-1] org.apache.jasper.servlet.TldScanner.scanJars At least one JAR was scanned for TLDs yet contained no TLDs. Enable debug logging for this logger for a complete list of JARs that were scanned but no TLDs were found in them. Skipping unneeded JARs during scanning can improve startup time and JSP compilation time.
09-May-2019 10:38:11.546 信息 [localhost-startStop-1] org.apache.catalina.startup.HostConfig.deployDirectory Deployment of web application directory I:\笔记本上的数据文件\apache-tomcat-8.0.50\apache-tomcat-8.0.50\webapps\Serve has finished in 494 ms
09-May-2019 10:38:11.546 信息 [localhost-startStop-1] org.apache.catalina.startup.HostConfig.deployDirectory Deploying web application directory I:\笔记本上的数据文件\apache-tomcat-8.0.50\apache-tomcat-8.0.50\webapps\Server
09-May-2019 10:38:11.959 信息 [localhost-startStop-1] org.apache.jasper.servlet.TldScanner.scanJars At least one JAR was scanned for TLDs yet contained no TLDs. Enable debug logging for this logger for a complete list of JARs that were scanned but no TLDs were found in them. Skipping unneeded JARs during scanning can improve startup time and JSP compilation time.
09-May-2019 10:38:12.000 信息 [localhost-startStop-1] org.apache.catalina.startup.HostConfig.deployDirectory Deployment of web application directory I:\笔记本上的数据文件\apache-tomcat-8.0.50\apache-tomcat-8.0.50\webapps\Server has finished in 454 ms
09-May-2019 10:38:12.001 信息 [localhost-startStop-1] org.apache.catalina.startup.HostConfig.deployDirectory Deploying web application directory I:\笔记本上的数据文件\apache-tomcat-8.0.50\apache-tomcat-8.0.50\webapps\t
09-May-2019 10:38:12.041 信息 [localhost-startStop-1] org.apache.catalina.startup.HostConfig.deployDirectory Deployment of web application directory I:\笔记本上的数据文件\apache-tomcat-8.0.50\apache-tomcat-8.0.50\webapps\t has finished in 40 ms
09-May-2019 10:38:12.049 信息 [main] org.apache.coyote.AbstractProtocol.start Starting ProtocolHandler ["http-apr-8080"]
09-May-2019 10:38:12.069 信息 [main] org.apache.coyote.AbstractProtocol.start Starting ProtocolHandler ["ajp-apr-8009"]
09-May-2019 10:38:12.079 信息 [main] org.apache.catalina.startup.Catalina.start Server startup in 3776 ms
09-May-2019 13:50:26.188 信息 [main] org.apache.catalina.startup.VersionLoggerListener.log Server version:        Apache Tomcat/8.0.50
09-May-2019 13:50:26.192 信息 [main] org.apache.catalina.startup.VersionLoggerListener.log Server built:          Feb 7 2018 20:06:05 UTC
09-May-2019 13:50:26.192 信息 [main] org.apache.catalina.startup.VersionLoggerListener.log Server number:         8.0.50.0
09-May-2019 13:50:26.192 信息 [main] org.apache.catalina.startup.VersionLoggerListener.log OS Name:               Windows 10
09-May-2019 13:50:26.193 信息 [main] org.apache.catalina.startup.VersionLoggerListener.log OS Version:            10.0
09-May-2019 13:50:26.193 信息 [main] org.apache.catalina.startup.VersionLoggerListener.log Architecture:          amd64
09-May-2019 13:50:26.194 信息 [main] org.apache.catalina.startup.VersionLoggerListener.log Java Home:             C:\Program Files\Java\jdk1.8.0_111\jre
09-May-2019 13:50:26.194 信息 [main] org.apache.catalina.startup.VersionLoggerListener.log JVM Version:           1.8.0_111-b14
09-May-2019 13:50:26.194 信息 [main] org.apache.catalina.startup.VersionLoggerListener.log JVM Vendor:            Oracle Corporation
09-May-2019 13:50:26.195 信息 [main] org.apache.catalina.startup.VersionLoggerListener.log CATALINA_BASE:         I:\笔记本上的数据文件\apache-tomcat-8.0.50\apache-tomcat-8.0.50
09-May-2019 13:50:26.195 信息 [main] org.apache.catalina.startup.VersionLoggerListener.log CATALINA_HOME:         I:\笔记本上的数据文件\apache-tomcat-8.0.50\apache-tomcat-8.0.50
09-May-2019 13:50:26.196 信息 [main] org.apache.catalina.startup.VersionLoggerListener.log Command line argument: -Djava.util.logging.config.file=I:\笔记本上的数据文件\apache-tomcat-8.0.50\apache-tomcat-8.0.50\conf\logging.properties
09-May-2019 13:50:26.197 信息 [main] org.apache.catalina.startup.VersionLoggerListener.log Command line argument: -Djava.util.logging.manager=org.apache.juli.ClassLoaderLogManager
09-May-2019 13:50:26.197 信息 [main] org.apache.catalina.startup.VersionLoggerListener.log Command line argument: -Djdk.tls.ephemeralDHKeySize=2048
09-May-2019 13:50:26.198 信息 [main] org.apache.catalina.startup.VersionLoggerListener.log Command line argument: -Djava.protocol.handler.pkgs=org.apache.catalina.webresources
09-May-2019 13:50:26.198 信息 [main] org.apache.catalina.startup.VersionLoggerListener.log Command line argument: -Dignore.endorsed.dirs=
09-May-2019 13:50:26.199 信息 [main] org.apache.catalina.startup.VersionLoggerListener.log Command line argument: -Dcatalina.base=I:\笔记本上的数据文件\apache-tomcat-8.0.50\apache-tomcat-8.0.50
09-May-2019 13:50:26.201 信息 [main] org.apache.catalina.startup.VersionLoggerListener.log Command line argument: -Dcatalina.home=I:\笔记本上的数据文件\apache-tomcat-8.0.50\apache-tomcat-8.0.50
09-May-2019 13:50:26.203 信息 [main] org.apache.catalina.startup.VersionLoggerListener.log Command line argument: -Djava.io.tmpdir=I:\笔记本上的数据文件\apache-tomcat-8.0.50\apache-tomcat-8.0.50\temp
09-May-2019 13:50:26.207 信息 [main] org.apache.catalina.core.AprLifecycleListener.lifecycleEvent Loaded APR based Apache Tomcat Native library 1.2.16 using APR version 1.6.3.
09-May-2019 13:50:26.209 信息 [main] org.apache.catalina.core.AprLifecycleListener.lifecycleEvent APR capabilities: IPv6 [true], sendfile [true], accept filters [false], random [true].
09-May-2019 13:50:26.979 信息 [main] org.apache.catalina.core.AprLifecycleListener.initializeSSL OpenSSL successfully initialized (OpenSSL 1.0.2m  2 Nov 2017)
09-May-2019 13:50:27.139 信息 [main] org.apache.coyote.AbstractProtocol.init Initializing ProtocolHandler ["http-apr-8080"]
09-May-2019 13:50:27.157 信息 [main] org.apache.coyote.AbstractProtocol.init Initializing ProtocolHandler ["ajp-apr-8009"]
09-May-2019 13:50:27.160 信息 [main] org.apache.catalina.startup.Catalina.load Initialization processed in 1471 ms
09-May-2019 13:50:27.210 信息 [main] org.apache.catalina.core.StandardService.startInternal Starting service Catalina
09-May-2019 13:50:27.211 信息 [main] org.apache.catalina.core.StandardEngine.startInternal Starting Servlet Engine: Apache Tomcat/8.0.50
09-May-2019 13:50:27.225 信息 [localhost-startStop-1] org.apache.catalina.startup.HostConfig.deployDirectory Deploying web application directory I:\笔记本上的数据文件\apache-tomcat-8.0.50\apache-tomcat-8.0.50\webapps\comet4j-master
09-May-2019 13:50:27.913 警告 [localhost-startStop-1] org.apache.catalina.util.SessionIdGeneratorBase.createSecureRandom Creation of SecureRandom instance for session ID generation using [SHA1PRNG] took [216] milliseconds.
09-May-2019 13:50:27.937 信息 [localhost-startStop-1] org.apache.catalina.startup.HostConfig.deployDirectory Deployment of web application directory I:\笔记本上的数据文件\apache-tomcat-8.0.50\apache-tomcat-8.0.50\webapps\comet4j-master has finished in 712 ms
09-May-2019 13:50:27.939 信息 [localhost-startStop-1] org.apache.catalina.startup.HostConfig.deployDirectory Deploying web application directory I:\笔记本上的数据文件\apache-tomcat-8.0.50\apache-tomcat-8.0.50\webapps\docs
09-May-2019 13:50:27.977 信息 [localhost-startStop-1] org.apache.catalina.startup.HostConfig.deployDirectory Deployment of web application directory I:\笔记本上的数据文件\apache-tomcat-8.0.50\apache-tomcat-8.0.50\webapps\docs has finished in 37 ms
09-May-2019 13:50:27.979 信息 [localhost-startStop-1] org.apache.catalina.startup.HostConfig.deployDirectory Deploying web application directory I:\笔记本上的数据文件\apache-tomcat-8.0.50\apache-tomcat-8.0.50\webapps\examples
09-May-2019 13:50:28.497 信息 [localhost-startStop-1] org.apache.catalina.startup.HostConfig.deployDirectory Deployment of web application directory I:\笔记本上的数据文件\apache-tomcat-8.0.50\apache-tomcat-8.0.50\webapps\examples has finished in 518 ms
09-May-2019 13:50:28.498 信息 [localhost-startStop-1] org.apache.catalina.startup.HostConfig.deployDirectory Deploying web application directory I:\笔记本上的数据文件\apache-tomcat-8.0.50\apache-tomcat-8.0.50\webapps\host-manager
09-May-2019 13:50:28.537 信息 [localhost-startStop-1] org.apache.catalina.startup.HostConfig.deployDirectory Deployment of web application directory I:\笔记本上的数据文件\apache-tomcat-8.0.50\apache-tomcat-8.0.50\webapps\host-manager has finished in 39 ms
09-May-2019 13:50:28.538 信息 [localhost-startStop-1] org.apache.catalina.startup.HostConfig.deployDirectory Deploying web application directory I:\笔记本上的数据文件\apache-tomcat-8.0.50\apache-tomcat-8.0.50\webapps\jk
09-May-2019 13:50:29.165 信息 [localhost-startStop-1] org.apache.jasper.servlet.TldScanner.scanJars At least one JAR was scanned for TLDs yet contained no TLDs. Enable debug logging for this logger for a complete list of JARs that were scanned but no TLDs were found in them. Skipping unneeded JARs during scanning can improve startup time and JSP compilation time.
09-May-2019 13:50:29.986 信息 [localhost-startStop-1] org.apache.catalina.startup.HostConfig.deployDirectory Deployment of web application directory I:\笔记本上的数据文件\apache-tomcat-8.0.50\apache-tomcat-8.0.50\webapps\jk has finished in 1,449 ms
09-May-2019 13:50:29.987 信息 [localhost-startStop-1] org.apache.catalina.startup.HostConfig.deployDirectory Deploying web application directory I:\笔记本上的数据文件\apache-tomcat-8.0.50\apache-tomcat-8.0.50\webapps\manager
09-May-2019 13:50:30.027 信息 [localhost-startStop-1] org.apache.catalina.startup.HostConfig.deployDirectory Deployment of web application directory I:\笔记本上的数据文件\apache-tomcat-8.0.50\apache-tomcat-8.0.50\webapps\manager has finished in 40 ms
09-May-2019 13:50:30.030 信息 [localhost-startStop-1] org.apache.catalina.startup.HostConfig.deployDirectory Deploying web application directory I:\笔记本上的数据文件\apache-tomcat-8.0.50\apache-tomcat-8.0.50\webapps\ROOT
09-May-2019 13:50:30.069 信息 [localhost-startStop-1] org.apache.catalina.startup.HostConfig.deployDirectory Deployment of web application directory I:\笔记本上的数据文件\apache-tomcat-8.0.50\apache-tomcat-8.0.50\webapps\ROOT has finished in 39 ms
09-May-2019 13:50:30.072 信息 [localhost-startStop-1] org.apache.catalina.startup.HostConfig.deployDirectory Deploying web application directory I:\笔记本上的数据文件\apache-tomcat-8.0.50\apache-tomcat-8.0.50\webapps\Serve
09-May-2019 13:50:30.723 信息 [localhost-startStop-1] org.apache.jasper.servlet.TldScanner.scanJars At least one JAR was scanned for TLDs yet contained no TLDs. Enable debug logging for this logger for a complete list of JARs that were scanned but no TLDs were found in them. Skipping unneeded JARs during scanning can improve startup time and JSP compilation time.
09-May-2019 13:50:30.864 信息 [localhost-startStop-1] org.apache.catalina.startup.HostConfig.deployDirectory Deployment of web application directory I:\笔记本上的数据文件\apache-tomcat-8.0.50\apache-tomcat-8.0.50\webapps\Serve has finished in 792 ms
09-May-2019 13:50:30.864 信息 [localhost-startStop-1] org.apache.catalina.startup.HostConfig.deployDirectory Deploying web application directory I:\笔记本上的数据文件\apache-tomcat-8.0.50\apache-tomcat-8.0.50\webapps\Server
09-May-2019 13:50:31.553 信息 [localhost-startStop-1] org.apache.jasper.servlet.TldScanner.scanJars At least one JAR was scanned for TLDs yet contained no TLDs. Enable debug logging for this logger for a complete list of JARs that were scanned but no TLDs were found in them. Skipping unneeded JARs during scanning can improve startup time and JSP compilation time.
09-May-2019 13:50:31.615 信息 [localhost-startStop-1] org.apache.catalina.startup.HostConfig.deployDirectory Deployment of web application directory I:\笔记本上的数据文件\apache-tomcat-8.0.50\apache-tomcat-8.0.50\webapps\Server has finished in 751 ms
09-May-2019 13:50:31.617 信息 [localhost-startStop-1] org.apache.catalina.startup.HostConfig.deployDirectory Deploying web application directory I:\笔记本上的数据文件\apache-tomcat-8.0.50\apache-tomcat-8.0.50\webapps\t
09-May-2019 13:50:31.700 信息 [localhost-startStop-1] org.apache.catalina.startup.HostConfig.deployDirectory Deployment of web application directory I:\笔记本上的数据文件\apache-tomcat-8.0.50\apache-tomcat-8.0.50\webapps\t has finished in 83 ms
09-May-2019 13:50:31.729 信息 [main] org.apache.coyote.AbstractProtocol.start Starting ProtocolHandler ["http-apr-8080"]
09-May-2019 13:50:31.752 信息 [main] org.apache.coyote.AbstractProtocol.start Starting ProtocolHandler ["ajp-apr-8009"]
09-May-2019 13:50:31.762 信息 [main] org.apache.catalina.startup.Catalina.start Server startup in 4599 ms
