16-Apr-2018 22:22:45.374 警告 [main] org.apache.catalina.core.StandardContext.setPath A context path must either be an empty string or start with a '/' and do not end with a '/'. The path [I:\apache-tomcat-8.0.50\webapps\Server.war] does not meet these criteria and has been changed to [/I:\apache-tomcat-8.0.50\webapps\Server.war]
16-Apr-2018 22:22:45.374 警告 [main] org.apache.tomcat.util.digester.SetPropertiesRule.begin [SetPropertiesRule]{Server/Service/Engine/Host/Context} Setting property 'debug' to '0' did not find a matching property.
16-Apr-2018 22:22:45.405 信息 [main] org.apache.catalina.startup.VersionLoggerListener.log Server version:        Apache Tomcat/8.0.50
16-Apr-2018 22:22:45.405 信息 [main] org.apache.catalina.startup.VersionLoggerListener.log Server built:          Feb 7 2018 20:06:05 UTC
16-Apr-2018 22:22:45.405 信息 [main] org.apache.catalina.startup.VersionLoggerListener.log Server number:         8.0.50.0
16-Apr-2018 22:22:45.405 信息 [main] org.apache.catalina.startup.VersionLoggerListener.log OS Name:               Windows 10
16-Apr-2018 22:22:45.405 信息 [main] org.apache.catalina.startup.VersionLoggerListener.log OS Version:            10.0
16-Apr-2018 22:22:45.405 信息 [main] org.apache.catalina.startup.VersionLoggerListener.log Architecture:          amd64
16-Apr-2018 22:22:45.405 信息 [main] org.apache.catalina.startup.VersionLoggerListener.log Java Home:             C:\Program Files\Java\jdk1.8.0_111\jre
16-Apr-2018 22:22:45.421 信息 [main] org.apache.catalina.startup.VersionLoggerListener.log JVM Version:           1.8.0_111-b14
16-Apr-2018 22:22:45.421 信息 [main] org.apache.catalina.startup.VersionLoggerListener.log JVM Vendor:            Oracle Corporation
16-Apr-2018 22:22:45.421 信息 [main] org.apache.catalina.startup.VersionLoggerListener.log CATALINA_BASE:         I:\apache-tomcat-8.0.50
16-Apr-2018 22:22:45.421 信息 [main] org.apache.catalina.startup.VersionLoggerListener.log CATALINA_HOME:         I:\apache-tomcat-8.0.50
16-Apr-2018 22:22:45.421 信息 [main] org.apache.catalina.startup.VersionLoggerListener.log Command line argument: -Djava.util.logging.config.file=I:\apache-tomcat-8.0.50\conf\logging.properties
16-Apr-2018 22:22:45.421 信息 [main] org.apache.catalina.startup.VersionLoggerListener.log Command line argument: -Djava.util.logging.manager=org.apache.juli.ClassLoaderLogManager
16-Apr-2018 22:22:45.421 信息 [main] org.apache.catalina.startup.VersionLoggerListener.log Command line argument: -Djdk.tls.ephemeralDHKeySize=2048
16-Apr-2018 22:22:45.421 信息 [main] org.apache.catalina.startup.VersionLoggerListener.log Command line argument: -Djava.protocol.handler.pkgs=org.apache.catalina.webresources
16-Apr-2018 22:22:45.421 信息 [main] org.apache.catalina.startup.VersionLoggerListener.log Command line argument: -Dignore.endorsed.dirs=
16-Apr-2018 22:22:45.421 信息 [main] org.apache.catalina.startup.VersionLoggerListener.log Command line argument: -Dcatalina.base=I:\apache-tomcat-8.0.50
16-Apr-2018 22:22:45.421 信息 [main] org.apache.catalina.startup.VersionLoggerListener.log Command line argument: -Dcatalina.home=I:\apache-tomcat-8.0.50
16-Apr-2018 22:22:45.436 信息 [main] org.apache.catalina.startup.VersionLoggerListener.log Command line argument: -Djava.io.tmpdir=I:\apache-tomcat-8.0.50\temp
16-Apr-2018 22:22:45.436 信息 [main] org.apache.catalina.core.AprLifecycleListener.lifecycleEvent Loaded APR based Apache Tomcat Native library 1.2.16 using APR version 1.6.3.
16-Apr-2018 22:22:45.436 信息 [main] org.apache.catalina.core.AprLifecycleListener.lifecycleEvent APR capabilities: IPv6 [true], sendfile [true], accept filters [false], random [true].
16-Apr-2018 22:22:46.202 信息 [main] org.apache.catalina.core.AprLifecycleListener.initializeSSL OpenSSL successfully initialized (OpenSSL 1.0.2m  2 Nov 2017)
16-Apr-2018 22:22:46.439 信息 [main] org.apache.coyote.AbstractProtocol.init Initializing ProtocolHandler ["http-apr-8080"]
16-Apr-2018 22:22:46.470 信息 [main] org.apache.coyote.AbstractProtocol.init Initializing ProtocolHandler ["ajp-apr-8009"]
16-Apr-2018 22:22:46.470 信息 [main] org.apache.catalina.startup.Catalina.load Initialization processed in 1828 ms
16-Apr-2018 22:22:46.517 信息 [main] org.apache.catalina.core.StandardService.startInternal Starting service Catalina
16-Apr-2018 22:22:46.517 信息 [main] org.apache.catalina.core.StandardEngine.startInternal Starting Servlet Engine: Apache Tomcat/8.0.50
16-Apr-2018 22:22:46.533 警告 [localhost-startStop-1] org.apache.catalina.util.LifecycleMBeanBase.register Failed to register object [StandardEngine[Catalina].StandardHost[localhost].StandardContext[/I:\apache-tomcat-8.0.50\webapps\Server.war]] with name [Catalina:j2eeType=WebModule,name=//localhost/I:\apache-tomcat-8.0.50\webapps\Server.war,J2EEApplication=none,J2EEServer=none] during component initialisation
 javax.management.MalformedObjectNameException: Invalid character ':' in value part of property
	at javax.management.ObjectName.construct(ObjectName.java:618)
	at javax.management.ObjectName.<init>(ObjectName.java:1382)
	at org.apache.catalina.util.LifecycleMBeanBase.register(LifecycleMBeanBase.java:159)
	at org.apache.catalina.util.LifecycleMBeanBase.initInternal(LifecycleMBeanBase.java:61)
	at org.apache.catalina.core.ContainerBase.initInternal(ContainerBase.java:909)
	at org.apache.catalina.core.StandardContext.initInternal(StandardContext.java:6410)
	at org.apache.catalina.util.LifecycleBase.init(LifecycleBase.java:102)
	at org.apache.catalina.util.LifecycleBase.start(LifecycleBase.java:135)
	at org.apache.catalina.core.ContainerBase$StartChild.call(ContainerBase.java:1408)
	at org.apache.catalina.core.ContainerBase$StartChild.call(ContainerBase.java:1398)
	at java.util.concurrent.FutureTask.run(FutureTask.java:266)
	at java.util.concurrent.ThreadPoolExecutor.runWorker(ThreadPoolExecutor.java:1142)
	at java.util.concurrent.ThreadPoolExecutor$Worker.run(ThreadPoolExecutor.java:617)
	at java.lang.Thread.run(Thread.java:745)

16-Apr-2018 22:22:46.580 严重 [localhost-startStop-1] org.apache.catalina.startup.ContextConfig.beforeStart Exception fixing docBase for context [/I:\apache-tomcat-8.0.50\webapps\Server.war]
 java.io.IOException: Unable to create the directory [I:\apache-tomcat-8.0.50\webapps\I:\apache-tomcat-8.0.50\webapps\Server.war]
	at org.apache.catalina.startup.ExpandWar.expand(ExpandWar.java:115)
	at org.apache.catalina.startup.ContextConfig.fixDocBase(ContextConfig.java:646)
	at org.apache.catalina.startup.ContextConfig.beforeStart(ContextConfig.java:755)
	at org.apache.catalina.startup.ContextConfig.lifecycleEvent(ContextConfig.java:309)
	at org.apache.catalina.util.LifecycleSupport.fireLifecycleEvent(LifecycleSupport.java:95)
	at org.apache.catalina.util.LifecycleBase.fireLifecycleEvent(LifecycleBase.java:90)
	at org.apache.catalina.util.LifecycleBase.setStateInternal(LifecycleBase.java:388)
	at org.apache.catalina.util.LifecycleBase.start(LifecycleBase.java:144)
	at org.apache.catalina.core.ContainerBase$StartChild.call(ContainerBase.java:1408)
	at org.apache.catalina.core.ContainerBase$StartChild.call(ContainerBase.java:1398)
	at java.util.concurrent.FutureTask.run(FutureTask.java:266)
	at java.util.concurrent.ThreadPoolExecutor.runWorker(ThreadPoolExecutor.java:1142)
	at java.util.concurrent.ThreadPoolExecutor$Worker.run(ThreadPoolExecutor.java:617)
	at java.lang.Thread.run(Thread.java:745)

16-Apr-2018 22:22:46.595 警告 [localhost-startStop-1] org.apache.catalina.core.StandardContext.postWorkDirectory Failed to create work directory [I:\apache-tomcat-8.0.50\work\Catalina\localhost\I:_apache-tomcat-8.0.50_webapps_Server.war] for context [/I:\apache-tomcat-8.0.50\webapps\Server.war]
16-Apr-2018 22:22:46.611 警告 [localhost-startStop-1] org.apache.catalina.util.LifecycleMBeanBase.register Failed to register object [org.apache.catalina.webresources.StandardRoot@512d245f] with name [Catalina:type=WebResourceRoot,host=localhost,context=/I:\apache-tomcat-8.0.50\webapps\Server.war] during component initialisation
 javax.management.MalformedObjectNameException: Invalid character ':' in value part of property
	at javax.management.ObjectName.construct(ObjectName.java:618)
	at javax.management.ObjectName.<init>(ObjectName.java:1382)
	at org.apache.catalina.util.LifecycleMBeanBase.register(LifecycleMBeanBase.java:159)
	at org.apache.catalina.util.LifecycleMBeanBase.initInternal(LifecycleMBeanBase.java:61)
	at org.apache.catalina.webresources.StandardRoot.initInternal(StandardRoot.java:676)
	at org.apache.catalina.util.LifecycleBase.init(LifecycleBase.java:102)
	at org.apache.catalina.util.LifecycleBase.start(LifecycleBase.java:135)
	at org.apache.catalina.core.StandardContext.resourcesStart(StandardContext.java:4977)
	at org.apache.catalina.core.StandardContext.startInternal(StandardContext.java:5110)
	at org.apache.catalina.util.LifecycleBase.start(LifecycleBase.java:145)
	at org.apache.catalina.core.ContainerBase$StartChild.call(ContainerBase.java:1408)
	at org.apache.catalina.core.ContainerBase$StartChild.call(ContainerBase.java:1398)
	at java.util.concurrent.FutureTask.run(FutureTask.java:266)
	at java.util.concurrent.ThreadPoolExecutor.runWorker(ThreadPoolExecutor.java:1142)
	at java.util.concurrent.ThreadPoolExecutor$Worker.run(ThreadPoolExecutor.java:617)
	at java.lang.Thread.run(Thread.java:745)

16-Apr-2018 22:22:46.611 警告 [localhost-startStop-1] org.apache.catalina.util.LifecycleMBeanBase.register Failed to register object [org.apache.catalina.webresources.Cache@458e3235] with name [Catalina:type=WebResourceRoot,host=localhost,context=/I:\apache-tomcat-8.0.50\webapps\Server.war,name=Cache] during component initialisation
 javax.management.MalformedObjectNameException: Invalid character ':' in value part of property
	at javax.management.ObjectName.construct(ObjectName.java:618)
	at javax.management.ObjectName.<init>(ObjectName.java:1382)
	at org.apache.catalina.util.LifecycleMBeanBase.register(LifecycleMBeanBase.java:159)
	at org.apache.catalina.webresources.StandardRoot.initInternal(StandardRoot.java:678)
	at org.apache.catalina.util.LifecycleBase.init(LifecycleBase.java:102)
	at org.apache.catalina.util.LifecycleBase.start(LifecycleBase.java:135)
	at org.apache.catalina.core.StandardContext.resourcesStart(StandardContext.java:4977)
	at org.apache.catalina.core.StandardContext.startInternal(StandardContext.java:5110)
	at org.apache.catalina.util.LifecycleBase.start(LifecycleBase.java:145)
	at org.apache.catalina.core.ContainerBase$StartChild.call(ContainerBase.java:1408)
	at org.apache.catalina.core.ContainerBase$StartChild.call(ContainerBase.java:1398)
	at java.util.concurrent.FutureTask.run(FutureTask.java:266)
	at java.util.concurrent.ThreadPoolExecutor.runWorker(ThreadPoolExecutor.java:1142)
	at java.util.concurrent.ThreadPoolExecutor$Worker.run(ThreadPoolExecutor.java:617)
	at java.lang.Thread.run(Thread.java:745)

16-Apr-2018 22:22:46.627 严重 [Catalina-startStop-1] org.apache.catalina.core.ContainerBase.startInternal A child container failed during start
 java.util.concurrent.ExecutionException: org.apache.catalina.LifecycleException: Failed to start component [StandardEngine[Catalina].StandardHost[localhost].StandardContext[/I:\apache-tomcat-8.0.50\webapps\Server.war]]
	at java.util.concurrent.FutureTask.report(FutureTask.java:122)
	at java.util.concurrent.FutureTask.get(FutureTask.java:192)
	at org.apache.catalina.core.ContainerBase.startInternal(ContainerBase.java:943)
	at org.apache.catalina.core.StandardHost.startInternal(StandardHost.java:871)
	at org.apache.catalina.util.LifecycleBase.start(LifecycleBase.java:145)
	at org.apache.catalina.core.ContainerBase$StartChild.call(ContainerBase.java:1408)
	at org.apache.catalina.core.ContainerBase$StartChild.call(ContainerBase.java:1398)
	at java.util.concurrent.FutureTask.run(FutureTask.java:266)
	at java.util.concurrent.ThreadPoolExecutor.runWorker(ThreadPoolExecutor.java:1142)
	at java.util.concurrent.ThreadPoolExecutor$Worker.run(ThreadPoolExecutor.java:617)
	at java.lang.Thread.run(Thread.java:745)
Caused by: org.apache.catalina.LifecycleException: Failed to start component [StandardEngine[Catalina].StandardHost[localhost].StandardContext[/I:\apache-tomcat-8.0.50\webapps\Server.war]]
	at org.apache.catalina.util.LifecycleBase.start(LifecycleBase.java:162)
	... 6 more
Caused by: org.apache.catalina.LifecycleException: Failed to start component [org.apache.catalina.webresources.StandardRoot@512d245f]
	at org.apache.catalina.util.LifecycleBase.start(LifecycleBase.java:162)
	at org.apache.catalina.core.StandardContext.resourcesStart(StandardContext.java:4977)
	at org.apache.catalina.core.StandardContext.startInternal(StandardContext.java:5110)
	at org.apache.catalina.util.LifecycleBase.start(LifecycleBase.java:145)
	... 6 more
Caused by: java.lang.IllegalArgumentException: The main resource set specified [I:\apache-tomcat-8.0.50\webapps\Server] is not valid
	at org.apache.catalina.webresources.StandardRoot.createMainResourceSet(StandardRoot.java:746)
	at org.apache.catalina.webresources.StandardRoot.startInternal(StandardRoot.java:704)
	at org.apache.catalina.util.LifecycleBase.start(LifecycleBase.java:145)
	... 9 more

16-Apr-2018 22:22:46.627 严重 [main] org.apache.catalina.core.ContainerBase.startInternal A child container failed during start
 java.util.concurrent.ExecutionException: org.apache.catalina.LifecycleException: Failed to start component [StandardEngine[Catalina].StandardHost[localhost]]
	at java.util.concurrent.FutureTask.report(FutureTask.java:122)
	at java.util.concurrent.FutureTask.get(FutureTask.java:192)
	at org.apache.catalina.core.ContainerBase.startInternal(ContainerBase.java:943)
	at org.apache.catalina.core.StandardEngine.startInternal(StandardEngine.java:262)
	at org.apache.catalina.util.LifecycleBase.start(LifecycleBase.java:145)
	at org.apache.catalina.core.StandardService.startInternal(StandardService.java:441)
	at org.apache.catalina.util.LifecycleBase.start(LifecycleBase.java:145)
	at org.apache.catalina.core.StandardServer.startInternal(StandardServer.java:789)
	at org.apache.catalina.util.LifecycleBase.start(LifecycleBase.java:145)
	at org.apache.catalina.startup.Catalina.start(Catalina.java:641)
	at sun.reflect.NativeMethodAccessorImpl.invoke0(Native Method)
	at sun.reflect.NativeMethodAccessorImpl.invoke(NativeMethodAccessorImpl.java:62)
	at sun.reflect.DelegatingMethodAccessorImpl.invoke(DelegatingMethodAccessorImpl.java:43)
	at java.lang.reflect.Method.invoke(Method.java:498)
	at org.apache.catalina.startup.Bootstrap.start(Bootstrap.java:349)
	at org.apache.catalina.startup.Bootstrap.main(Bootstrap.java:483)
Caused by: org.apache.catalina.LifecycleException: Failed to start component [StandardEngine[Catalina].StandardHost[localhost]]
	at org.apache.catalina.util.LifecycleBase.start(LifecycleBase.java:162)
	at org.apache.catalina.core.ContainerBase$StartChild.call(ContainerBase.java:1408)
	at org.apache.catalina.core.ContainerBase$StartChild.call(ContainerBase.java:1398)
	at java.util.concurrent.FutureTask.run(FutureTask.java:266)
	at java.util.concurrent.ThreadPoolExecutor.runWorker(ThreadPoolExecutor.java:1142)
	at java.util.concurrent.ThreadPoolExecutor$Worker.run(ThreadPoolExecutor.java:617)
	at java.lang.Thread.run(Thread.java:745)
Caused by: org.apache.catalina.LifecycleException: A child container failed during start
	at org.apache.catalina.core.ContainerBase.startInternal(ContainerBase.java:951)
	at org.apache.catalina.core.StandardHost.startInternal(StandardHost.java:871)
	at org.apache.catalina.util.LifecycleBase.start(LifecycleBase.java:145)
	... 6 more

16-Apr-2018 22:22:46.642 严重 [main] org.apache.catalina.startup.Catalina.start The required Server component failed to start so Tomcat is unable to start.
 org.apache.catalina.LifecycleException: Failed to start component [StandardServer[8005]]
	at org.apache.catalina.util.LifecycleBase.start(LifecycleBase.java:162)
	at org.apache.catalina.startup.Catalina.start(Catalina.java:641)
	at sun.reflect.NativeMethodAccessorImpl.invoke0(Native Method)
	at sun.reflect.NativeMethodAccessorImpl.invoke(NativeMethodAccessorImpl.java:62)
	at sun.reflect.DelegatingMethodAccessorImpl.invoke(DelegatingMethodAccessorImpl.java:43)
	at java.lang.reflect.Method.invoke(Method.java:498)
	at org.apache.catalina.startup.Bootstrap.start(Bootstrap.java:349)
	at org.apache.catalina.startup.Bootstrap.main(Bootstrap.java:483)
Caused by: org.apache.catalina.LifecycleException: Failed to start component [StandardService[Catalina]]
	at org.apache.catalina.util.LifecycleBase.start(LifecycleBase.java:162)
	at org.apache.catalina.core.StandardServer.startInternal(StandardServer.java:789)
	at org.apache.catalina.util.LifecycleBase.start(LifecycleBase.java:145)
	... 7 more
Caused by: org.apache.catalina.LifecycleException: Failed to start component [StandardEngine[Catalina]]
	at org.apache.catalina.util.LifecycleBase.start(LifecycleBase.java:162)
	at org.apache.catalina.core.StandardService.startInternal(StandardService.java:441)
	at org.apache.catalina.util.LifecycleBase.start(LifecycleBase.java:145)
	... 9 more
Caused by: org.apache.catalina.LifecycleException: A child container failed during start
	at org.apache.catalina.core.ContainerBase.startInternal(ContainerBase.java:951)
	at org.apache.catalina.core.StandardEngine.startInternal(StandardEngine.java:262)
	at org.apache.catalina.util.LifecycleBase.start(LifecycleBase.java:145)
	... 11 more

16-Apr-2018 22:22:46.642 信息 [main] org.apache.coyote.AbstractProtocol.pause Pausing ProtocolHandler ["http-apr-8080"]
16-Apr-2018 22:22:46.642 信息 [main] org.apache.coyote.AbstractProtocol.pause Pausing ProtocolHandler ["ajp-apr-8009"]
16-Apr-2018 22:22:46.642 信息 [main] org.apache.catalina.core.StandardService.stopInternal Stopping service Catalina
16-Apr-2018 22:22:46.658 信息 [main] org.apache.coyote.AbstractProtocol.destroy Destroying ProtocolHandler ["http-apr-8080"]
16-Apr-2018 22:22:46.658 信息 [main] org.apache.coyote.AbstractProtocol.destroy Destroying ProtocolHandler ["ajp-apr-8009"]
