09-May-2018 07:53:34.629 信息 [main] org.apache.catalina.startup.VersionLoggerListener.log Server version:        Apache Tomcat/8.0.50
09-May-2018 07:53:34.634 信息 [main] org.apache.catalina.startup.VersionLoggerListener.log Server built:          Feb 7 2018 20:06:05 UTC
09-May-2018 07:53:34.663 信息 [main] org.apache.catalina.startup.VersionLoggerListener.log Server number:         8.0.50.0
09-May-2018 07:53:34.663 信息 [main] org.apache.catalina.startup.VersionLoggerListener.log OS Name:               Windows 10
09-May-2018 07:53:34.664 信息 [main] org.apache.catalina.startup.VersionLoggerListener.log OS Version:            10.0
09-May-2018 07:53:34.664 信息 [main] org.apache.catalina.startup.VersionLoggerListener.log Architecture:          amd64
09-May-2018 07:53:34.664 信息 [main] org.apache.catalina.startup.VersionLoggerListener.log Java Home:             C:\Program Files\Java\jdk1.8.0_111\jre
09-May-2018 07:53:34.664 信息 [main] org.apache.catalina.startup.VersionLoggerListener.log JVM Version:           1.8.0_111-b14
09-May-2018 07:53:34.665 信息 [main] org.apache.catalina.startup.VersionLoggerListener.log JVM Vendor:            Oracle Corporation
09-May-2018 07:53:34.665 信息 [main] org.apache.catalina.startup.VersionLoggerListener.log CATALINA_BASE:         I:\apache-tomcat-8.0.50
09-May-2018 07:53:34.665 信息 [main] org.apache.catalina.startup.VersionLoggerListener.log CATALINA_HOME:         I:\apache-tomcat-8.0.50
09-May-2018 07:53:34.665 信息 [main] org.apache.catalina.startup.VersionLoggerListener.log Command line argument: -Djava.util.logging.config.file=I:\apache-tomcat-8.0.50\conf\logging.properties
09-May-2018 07:53:34.666 信息 [main] org.apache.catalina.startup.VersionLoggerListener.log Command line argument: -Djava.util.logging.manager=org.apache.juli.ClassLoaderLogManager
09-May-2018 07:53:34.666 信息 [main] org.apache.catalina.startup.VersionLoggerListener.log Command line argument: -Djdk.tls.ephemeralDHKeySize=2048
09-May-2018 07:53:34.666 信息 [main] org.apache.catalina.startup.VersionLoggerListener.log Command line argument: -Djava.protocol.handler.pkgs=org.apache.catalina.webresources
09-May-2018 07:53:34.666 信息 [main] org.apache.catalina.startup.VersionLoggerListener.log Command line argument: -Dignore.endorsed.dirs=
09-May-2018 07:53:34.667 信息 [main] org.apache.catalina.startup.VersionLoggerListener.log Command line argument: -Dcatalina.base=I:\apache-tomcat-8.0.50
09-May-2018 07:53:34.668 信息 [main] org.apache.catalina.startup.VersionLoggerListener.log Command line argument: -Dcatalina.home=I:\apache-tomcat-8.0.50
09-May-2018 07:53:34.670 信息 [main] org.apache.catalina.startup.VersionLoggerListener.log Command line argument: -Djava.io.tmpdir=I:\apache-tomcat-8.0.50\temp
09-May-2018 07:53:34.671 信息 [main] org.apache.catalina.core.AprLifecycleListener.lifecycleEvent Loaded APR based Apache Tomcat Native library 1.2.16 using APR version 1.6.3.
09-May-2018 07:53:34.672 信息 [main] org.apache.catalina.core.AprLifecycleListener.lifecycleEvent APR capabilities: IPv6 [true], sendfile [true], accept filters [false], random [true].
09-May-2018 07:53:35.755 信息 [main] org.apache.catalina.core.AprLifecycleListener.initializeSSL OpenSSL successfully initialized (OpenSSL 1.0.2m  2 Nov 2017)
09-May-2018 07:53:35.934 信息 [main] org.apache.coyote.AbstractProtocol.init Initializing ProtocolHandler ["http-apr-8080"]
09-May-2018 07:53:35.977 信息 [main] org.apache.coyote.AbstractProtocol.init Initializing ProtocolHandler ["ajp-apr-8009"]
09-May-2018 07:53:35.981 信息 [main] org.apache.catalina.startup.Catalina.load Initialization processed in 1811 ms
09-May-2018 07:53:36.052 信息 [main] org.apache.catalina.core.StandardService.startInternal Starting service Catalina
09-May-2018 07:53:36.053 信息 [main] org.apache.catalina.core.StandardEngine.startInternal Starting Servlet Engine: Apache Tomcat/8.0.50
09-May-2018 07:53:36.153 信息 [localhost-startStop-1] org.apache.catalina.startup.HostConfig.deployDirectory Deploying web application directory I:\apache-tomcat-8.0.50\webapps\comet4j-master
09-May-2018 07:53:37.139 警告 [localhost-startStop-1] org.apache.catalina.util.SessionIdGeneratorBase.createSecureRandom Creation of SecureRandom instance for session ID generation using [SHA1PRNG] took [211] milliseconds.
09-May-2018 07:53:37.187 信息 [localhost-startStop-1] org.apache.catalina.startup.HostConfig.deployDirectory Deployment of web application directory I:\apache-tomcat-8.0.50\webapps\comet4j-master has finished in 1,034 ms
09-May-2018 07:53:37.187 信息 [localhost-startStop-1] org.apache.catalina.startup.HostConfig.deployDirectory Deploying web application directory I:\apache-tomcat-8.0.50\webapps\docs
09-May-2018 07:53:37.259 信息 [localhost-startStop-1] org.apache.catalina.startup.HostConfig.deployDirectory Deployment of web application directory I:\apache-tomcat-8.0.50\webapps\docs has finished in 72 ms
09-May-2018 07:53:37.260 信息 [localhost-startStop-1] org.apache.catalina.startup.HostConfig.deployDirectory Deploying web application directory I:\apache-tomcat-8.0.50\webapps\examples
09-May-2018 07:53:37.747 信息 [localhost-startStop-1] org.apache.catalina.startup.HostConfig.deployDirectory Deployment of web application directory I:\apache-tomcat-8.0.50\webapps\examples has finished in 487 ms
09-May-2018 07:53:37.747 信息 [localhost-startStop-1] org.apache.catalina.startup.HostConfig.deployDirectory Deploying web application directory I:\apache-tomcat-8.0.50\webapps\host-manager
09-May-2018 07:53:37.783 信息 [localhost-startStop-1] org.apache.catalina.startup.HostConfig.deployDirectory Deployment of web application directory I:\apache-tomcat-8.0.50\webapps\host-manager has finished in 35 ms
09-May-2018 07:53:37.783 信息 [localhost-startStop-1] org.apache.catalina.startup.HostConfig.deployDirectory Deploying web application directory I:\apache-tomcat-8.0.50\webapps\jk
09-May-2018 07:53:38.879 信息 [localhost-startStop-1] org.apache.jasper.servlet.TldScanner.scanJars At least one JAR was scanned for TLDs yet contained no TLDs. Enable debug logging for this logger for a complete list of JARs that were scanned but no TLDs were found in them. Skipping unneeded JARs during scanning can improve startup time and JSP compilation time.
09-May-2018 07:53:39.885 信息 [localhost-startStop-1] org.apache.catalina.startup.HostConfig.deployDirectory Deployment of web application directory I:\apache-tomcat-8.0.50\webapps\jk has finished in 2,102 ms
09-May-2018 07:53:39.886 信息 [localhost-startStop-1] org.apache.catalina.startup.HostConfig.deployDirectory Deploying web application directory I:\apache-tomcat-8.0.50\webapps\manager
09-May-2018 07:53:39.945 信息 [localhost-startStop-1] org.apache.catalina.startup.HostConfig.deployDirectory Deployment of web application directory I:\apache-tomcat-8.0.50\webapps\manager has finished in 59 ms
09-May-2018 07:53:39.945 信息 [localhost-startStop-1] org.apache.catalina.startup.HostConfig.deployDirectory Deploying web application directory I:\apache-tomcat-8.0.50\webapps\ROOT
09-May-2018 07:53:39.970 信息 [localhost-startStop-1] org.apache.catalina.startup.HostConfig.deployDirectory Deployment of web application directory I:\apache-tomcat-8.0.50\webapps\ROOT has finished in 25 ms
09-May-2018 07:53:39.971 信息 [localhost-startStop-1] org.apache.catalina.startup.HostConfig.deployDirectory Deploying web application directory I:\apache-tomcat-8.0.50\webapps\Server
09-May-2018 07:53:40.599 信息 [localhost-startStop-1] org.apache.jasper.servlet.TldScanner.scanJars At least one JAR was scanned for TLDs yet contained no TLDs. Enable debug logging for this logger for a complete list of JARs that were scanned but no TLDs were found in them. Skipping unneeded JARs during scanning can improve startup time and JSP compilation time.
09-May-2018 07:53:40.629 信息 [localhost-startStop-1] org.apache.catalina.startup.HostConfig.deployDirectory Deployment of web application directory I:\apache-tomcat-8.0.50\webapps\Server has finished in 658 ms
09-May-2018 07:53:40.629 信息 [localhost-startStop-1] org.apache.catalina.startup.HostConfig.deployDirectory Deploying web application directory I:\apache-tomcat-8.0.50\webapps\t
09-May-2018 07:53:40.663 信息 [localhost-startStop-1] org.apache.catalina.startup.HostConfig.deployDirectory Deployment of web application directory I:\apache-tomcat-8.0.50\webapps\t has finished in 34 ms
09-May-2018 07:53:40.692 信息 [main] org.apache.coyote.AbstractProtocol.start Starting ProtocolHandler ["http-apr-8080"]
09-May-2018 07:53:40.754 信息 [main] org.apache.coyote.AbstractProtocol.start Starting ProtocolHandler ["ajp-apr-8009"]
09-May-2018 07:53:40.781 信息 [main] org.apache.catalina.startup.Catalina.start Server startup in 4799 ms
